#
# There is insufficient memory for the Java Runtime Environment to continue.
# Native memory allocation (malloc) failed to allocate 1367856 bytes for Chunk::new
# Possible reasons:
#   The system is out of physical RAM or swap space
#   The process is running with CompressedOops enabled, and the Java Heap may be blocking the growth of the native heap
# Possible solutions:
#   Reduce memory load on the system
#   Increase physical memory or swap space
#   Check if swap backing store is full
#   Decrease Java heap size (-Xmx/-Xms)
#   Decrease number of Java threads
#   Decrease Java thread stack sizes (-Xss)
#   Set larger code cache with -XX:ReservedCodeCacheSize=
#   JVM is running with Unscaled Compressed Oops mode in which the Java heap is
#     placed in the first 4GB address space. The Java Heap base address is the
#     maximum limit for the native heap growth. Please use -XX:HeapBaseMinAddress
#     to set the Java Heap base and to place the Java Heap above 4GB virtual address.
# This output file may be truncated or incomplete.
#
#  Out of Memory Error (arena.cpp:189), pid=12776, tid=29176
#
# JRE version: Java(TM) SE Runtime Environment (17.0.9+11) (build 17.0.9+11-LTS-201)
# Java VM: Java HotSpot(TM) 64-Bit Server VM (17.0.9+11-LTS-201, mixed mode, sharing, tiered, compressed oops, compressed class ptrs, g1 gc, windows-amd64)
# No core dump will be written. Minidumps are not enabled by default on client versions of Windows
#

---------------  S U M M A R Y ------------

Command Line: --add-opens=java.base/java.lang=ALL-UNNAMED --add-opens=java.base/java.lang.invoke=ALL-UNNAMED --add-opens=java.base/java.util=ALL-UNNAMED --add-opens=java.prefs/java.util.prefs=ALL-UNNAMED --add-exports=jdk.compiler/com.sun.tools.javac.api=ALL-UNNAMED --add-exports=jdk.compiler/com.sun.tools.javac.util=ALL-UNNAMED --add-opens=java.base/java.util=ALL-UNNAMED --add-opens=java.prefs/java.util.prefs=ALL-UNNAMED --add-opens=java.base/java.nio.charset=ALL-UNNAMED --add-opens=java.base/java.net=ALL-UNNAMED --add-opens=java.base/java.util.concurrent.atomic=ALL-UNNAMED --add-opens=java.xml/javax.xml.namespace=ALL-UNNAMED -XX:MaxMetaspaceSize=384m -XX:+HeapDumpOnOutOfMemoryError -Xms256m -Xmx512m -Dfile.encoding=UTF-8 -Duser.country=US -Duser.language=en -Duser.variant -javaagent:C:\Users\ASUS\.gradle\wrapper\dists\gradle-8.13-bin\5xuhj0ry160q40clulazy9h7d\gradle-8.13\lib\agents\gradle-instrumentation-agent-8.13.jar org.gradle.launcher.daemon.bootstrap.GradleDaemon 8.13

Host: 11th Gen Intel(R) Core(TM) i7-11370H @ 3.30GHz, 8 cores, 7G,  Windows 11 , 64 bit Build 22621 (10.0.22621.5124)
Time: Wed May  7 09:08:08 2025 SE Asia Standard Time elapsed time: 51.586977 seconds (0d 0h 0m 51s)

---------------  T H R E A D  ---------------

Current thread (0x00000168c593f7a0):  JavaThread "C2 CompilerThread0" daemon [_thread_in_native, id=29176, stack(0x000000161a800000,0x000000161a900000)]


Current CompileTask:
C2:  51587 6598       4       groovy.lang.MetaClassImpl::addMetaMethodToIndex (65 bytes)

Stack: [0x000000161a800000,0x000000161a900000]
Native frames: (J=compiled Java code, j=interpreted, Vv=VM code, C=native code)
V  [jvm.dll+0x678a4a]
V  [jvm.dll+0x7d9cfd]
V  [jvm.dll+0x7db60e]
V  [jvm.dll+0x7dbc73]
V  [jvm.dll+0x245e1f]
V  [jvm.dll+0xaaafb]
V  [jvm.dll+0xab09c]
V  [jvm.dll+0x36232f]
V  [jvm.dll+0x32ca01]
V  [jvm.dll+0x32be9a]
V  [jvm.dll+0x21812f]
V  [jvm.dll+0x217561]
V  [jvm.dll+0x1a3bc0]
V  [jvm.dll+0x2272de]
V  [jvm.dll+0x22548b]
V  [jvm.dll+0x78f58c]
V  [jvm.dll+0x78998a]
V  [jvm.dll+0x677875]
C  [ucrtbase.dll+0x29333]
C  [KERNEL32.DLL+0x1259d]
C  [ntdll.dll+0x5af38]


---------------  P R O C E S S  ---------------

Threads class SMR info:
_java_thread_list=0x00000168e32bf1e0, length=77, elements={
0x00000168a90e6760, 0x00000168c5920490, 0x00000168c5920f60, 0x00000168c5935940,
0x00000168c5938420, 0x00000168c593d210, 0x00000168c593eaf0, 0x00000168c593f7a0,
0x00000168c5af80e0, 0x00000168c5af8600, 0x00000168c590a270, 0x00000168c5ccf040,
0x00000168df993910, 0x00000168df0db9b0, 0x00000168dfb4b620, 0x00000168c5caaa00,
0x00000168c5caaee0, 0x00000168dffa01c0, 0x00000168dffa2020, 0x00000168dffa2530,
0x00000168dffa1b10, 0x00000168dffa2f50, 0x00000168dffa3460, 0x00000168dffa3970,
0x00000168dffa2a40, 0x00000168dffa06d0, 0x00000168dffa10f0, 0x00000168dffa1600,
0x00000168e19cb070, 0x00000168e19cd3e0, 0x00000168e19cc9c0, 0x00000168e19cc4b0,
0x00000168e19ca650, 0x00000168e19cab60, 0x00000168e13e2f40, 0x00000168e13e3450,
0x00000168e13e5cd0, 0x00000168e13e4da0, 0x00000168e13e3960, 0x00000168e13e3e70,
0x00000168e13e52b0, 0x00000168e32dc340, 0x00000168e32dc850, 0x00000168e32dfaf0,
0x00000168e32debc0, 0x00000168e32de6b0, 0x00000168e32e1950, 0x00000168e32e0000,
0x00000168e32e2370, 0x00000168e32dcd60, 0x00000168e32e1440, 0x00000168e32df0d0,
0x00000168e32e0510, 0x00000168e32df5e0, 0x00000168e32e0f30, 0x00000168e32e2880,
0x00000168e32e2d90, 0x00000168e32e32a0, 0x00000168e32e37b0, 0x00000168e32dd270,
0x00000168e32dd780, 0x00000168e32ddc90, 0x00000168e33949f0, 0x00000168e3395410,
0x00000168e33986b0, 0x00000168e3395920, 0x00000168e339a000, 0x00000168e3396d60,
0x00000168e33930a0, 0x00000168e339a510, 0x00000168e3399af0, 0x00000168e33990d0,
0x00000168e33981a0, 0x00000168e3396340, 0x00000168e3396850, 0x00000168e3393fd0,
0x00000168df6c68b0
}

Java Threads: ( => current thread )
  0x00000168a90e6760 JavaThread "main" [_thread_blocked, id=6220, stack(0x0000001619b00000,0x0000001619c00000)]
  0x00000168c5920490 JavaThread "Reference Handler" daemon [_thread_blocked, id=24884, stack(0x000000161a200000,0x000000161a300000)]
  0x00000168c5920f60 JavaThread "Finalizer" daemon [_thread_blocked, id=9320, stack(0x000000161a300000,0x000000161a400000)]
  0x00000168c5935940 JavaThread "Signal Dispatcher" daemon [_thread_blocked, id=28496, stack(0x000000161a400000,0x000000161a500000)]
  0x00000168c5938420 JavaThread "Attach Listener" daemon [_thread_blocked, id=19532, stack(0x000000161a500000,0x000000161a600000)]
  0x00000168c593d210 JavaThread "Service Thread" daemon [_thread_blocked, id=15920, stack(0x000000161a600000,0x000000161a700000)]
  0x00000168c593eaf0 JavaThread "Monitor Deflation Thread" daemon [_thread_blocked, id=10256, stack(0x000000161a700000,0x000000161a800000)]
=>0x00000168c593f7a0 JavaThread "C2 CompilerThread0" daemon [_thread_in_native, id=29176, stack(0x000000161a800000,0x000000161a900000)]
  0x00000168c5af80e0 JavaThread "C1 CompilerThread0" daemon [_thread_blocked, id=28504, stack(0x000000161a900000,0x000000161aa00000)]
  0x00000168c5af8600 JavaThread "Sweeper thread" daemon [_thread_blocked, id=17152, stack(0x000000161aa00000,0x000000161ab00000)]
  0x00000168c590a270 JavaThread "Common-Cleaner" daemon [_thread_blocked, id=3796, stack(0x000000161ab00000,0x000000161ac00000)]
  0x00000168c5ccf040 JavaThread "Notification Thread" daemon [_thread_blocked, id=12804, stack(0x000000161ac00000,0x000000161ad00000)]
  0x00000168df993910 JavaThread "Daemon health stats" [_thread_blocked, id=14084, stack(0x000000161b300000,0x000000161b400000)]
  0x00000168df0db9b0 JavaThread "Incoming local TCP Connector on port 63075" [_thread_in_native, id=21284, stack(0x000000161b400000,0x000000161b500000)]
  0x00000168dfb4b620 JavaThread "Daemon periodic checks" [_thread_blocked, id=18920, stack(0x000000161b500000,0x000000161b600000)]
  0x00000168c5caaa00 JavaThread "Daemon" [_thread_blocked, id=17276, stack(0x000000161b600000,0x000000161b700000)]
  0x00000168c5caaee0 JavaThread "Handler for socket connection from /127.0.0.1:63075 to /127.0.0.1:63116" [_thread_in_native, id=24292, stack(0x000000161b700000,0x000000161b800000)]
  0x00000168dffa01c0 JavaThread "Cancel handler" [_thread_blocked, id=23864, stack(0x000000161b800000,0x000000161b900000)]
  0x00000168dffa2020 JavaThread "Daemon worker" [_thread_in_vm, id=26952, stack(0x000000161b900000,0x000000161ba00000)]
  0x00000168dffa2530 JavaThread "Asynchronous log dispatcher for DefaultDaemonConnection: socket connection from /127.0.0.1:63075 to /127.0.0.1:63116" [_thread_blocked, id=13376, stack(0x000000161ba00000,0x000000161bb00000)]
  0x00000168dffa1b10 JavaThread "Stdin handler" [_thread_blocked, id=11316, stack(0x000000161bb00000,0x000000161bc00000)]
  0x00000168dffa2f50 JavaThread "Daemon client event forwarder" [_thread_blocked, id=9760, stack(0x000000161bc00000,0x000000161bd00000)]
  0x00000168dffa3460 JavaThread "Cache worker for journal cache (C:\Users\ASUS\.gradle\caches\journal-1)" [_thread_blocked, id=10820, stack(0x000000161bd00000,0x000000161be00000)]
  0x00000168dffa3970 JavaThread "File lock request listener" [_thread_in_native, id=18204, stack(0x000000161be00000,0x000000161bf00000)]
  0x00000168dffa2a40 JavaThread "Cache worker for file hash cache (C:\Users\ASUS\.gradle\caches\8.13\fileHashes)" [_thread_blocked, id=28300, stack(0x000000161bf00000,0x000000161c000000)]
  0x00000168dffa06d0 JavaThread "File lock release action executor" [_thread_blocked, id=13260, stack(0x000000161c000000,0x000000161c100000)]
  0x00000168dffa10f0 JavaThread "Cache worker for file hash cache (D:\VSIICOMPANY\quanlysinhvien\.gradle\8.13\fileHashes)" [_thread_blocked, id=11572, stack(0x000000161c100000,0x000000161c200000)]
  0x00000168dffa1600 JavaThread "Cache worker for Build Output Cleanup Cache (D:\VSIICOMPANY\quanlysinhvien\.gradle\buildOutputCleanup)" [_thread_blocked, id=8000, stack(0x000000161c200000,0x000000161c300000)]
  0x00000168e19cb070 JavaThread "File watcher server" daemon [_thread_in_native, id=24584, stack(0x000000161c600000,0x000000161c700000)]
  0x00000168e19cd3e0 JavaThread "File watcher consumer" daemon [_thread_blocked, id=9348, stack(0x000000161c700000,0x000000161c800000)]
  0x00000168e19cc9c0 JavaThread "jar transforms" [_thread_blocked, id=19884, stack(0x000000161c900000,0x000000161ca00000)]
  0x00000168e19cc4b0 JavaThread "jar transforms Thread 2" [_thread_blocked, id=29072, stack(0x000000161cc00000,0x000000161cd00000)]
  0x00000168e19ca650 JavaThread "Cache worker for checksums cache (D:\VSIICOMPANY\quanlysinhvien\.gradle\8.13\checksums)" [_thread_blocked, id=4280, stack(0x000000161cd00000,0x000000161ce00000)]
  0x00000168e19cab60 JavaThread "Cache worker for file content cache (C:\Users\ASUS\.gradle\caches\8.13\fileContent)" [_thread_blocked, id=8920, stack(0x000000161ce00000,0x000000161cf00000)]
  0x00000168e13e2f40 JavaThread "jar transforms Thread 3" [_thread_blocked, id=27752, stack(0x000000161cf00000,0x000000161d000000)]
  0x00000168e13e3450 JavaThread "Cache worker for cache directory md-supplier (C:\Users\ASUS\.gradle\caches\8.13\md-supplier)" [_thread_blocked, id=6844, stack(0x000000161d000000,0x000000161d100000)]
  0x00000168e13e5cd0 JavaThread "Cache worker for cache directory md-rule (C:\Users\ASUS\.gradle\caches\8.13\md-rule)" [_thread_blocked, id=6668, stack(0x000000161d100000,0x000000161d200000)]
  0x00000168e13e4da0 JavaThread "Unconstrained build operations" [_thread_blocked, id=15224, stack(0x000000161d200000,0x000000161d300000)]
  0x00000168e13e3960 JavaThread "Unconstrained build operations Thread 2" [_thread_blocked, id=9976, stack(0x000000161d300000,0x000000161d400000)]
  0x00000168e13e3e70 JavaThread "Unconstrained build operations Thread 3" [_thread_blocked, id=19752, stack(0x000000161d400000,0x000000161d500000)]
  0x00000168e13e52b0 JavaThread "Unconstrained build operations Thread 4" [_thread_blocked, id=18340, stack(0x000000161d500000,0x000000161d600000)]
  0x00000168e32dc340 JavaThread "Unconstrained build operations Thread 5" [_thread_blocked, id=28408, stack(0x000000161d600000,0x000000161d700000)]
  0x00000168e32dc850 JavaThread "Unconstrained build operations Thread 6" [_thread_blocked, id=20576, stack(0x000000161d700000,0x000000161d800000)]
  0x00000168e32dfaf0 JavaThread "Unconstrained build operations Thread 7" [_thread_blocked, id=16240, stack(0x000000161d800000,0x000000161d900000)]
  0x00000168e32debc0 JavaThread "Unconstrained build operations Thread 8" [_thread_blocked, id=28960, stack(0x000000161d900000,0x000000161da00000)]
  0x00000168e32de6b0 JavaThread "jar transforms Thread 4" [_thread_blocked, id=14312, stack(0x000000161db00000,0x000000161dc00000)]
  0x00000168e32e1950 JavaThread "jar transforms Thread 5" [_thread_blocked, id=7868, stack(0x000000161dc00000,0x000000161dd00000)]
  0x00000168e32e0000 JavaThread "Unconstrained build operations Thread 9" [_thread_blocked, id=17872, stack(0x000000161dd00000,0x000000161de00000)]
  0x00000168e32e2370 JavaThread "Unconstrained build operations Thread 10" [_thread_blocked, id=24984, stack(0x000000161de00000,0x000000161df00000)]
  0x00000168e32dcd60 JavaThread "Unconstrained build operations Thread 11" [_thread_blocked, id=9936, stack(0x000000161df00000,0x000000161e000000)]
  0x00000168e32e1440 JavaThread "Unconstrained build operations Thread 12" [_thread_blocked, id=27260, stack(0x000000161e000000,0x000000161e100000)]
  0x00000168e32df0d0 JavaThread "jar transforms Thread 6" [_thread_blocked, id=3652, stack(0x000000161e100000,0x000000161e200000)]
  0x00000168e32e0510 JavaThread "jar transforms Thread 7" [_thread_blocked, id=20340, stack(0x000000161e200000,0x000000161e300000)]
  0x00000168e32df5e0 JavaThread "jar transforms Thread 8" [_thread_blocked, id=21900, stack(0x000000161e300000,0x000000161e400000)]
  0x00000168e32e0f30 JavaThread "Unconstrained build operations Thread 13" [_thread_blocked, id=19188, stack(0x000000161da00000,0x000000161db00000)]
  0x00000168e32e2880 JavaThread "Unconstrained build operations Thread 14" [_thread_blocked, id=28024, stack(0x000000161e400000,0x000000161e500000)]
  0x00000168e32e2d90 JavaThread "Unconstrained build operations Thread 15" [_thread_blocked, id=22600, stack(0x000000161e500000,0x000000161e600000)]
  0x00000168e32e32a0 JavaThread "Unconstrained build operations Thread 16" [_thread_blocked, id=29220, stack(0x000000161e600000,0x000000161e700000)]
  0x00000168e32e37b0 JavaThread "Unconstrained build operations Thread 17" [_thread_blocked, id=10428, stack(0x000000161e700000,0x000000161e800000)]
  0x00000168e32dd270 JavaThread "Unconstrained build operations Thread 18" [_thread_blocked, id=11060, stack(0x000000161e800000,0x000000161e900000)]
  0x00000168e32dd780 JavaThread "Unconstrained build operations Thread 19" [_thread_blocked, id=15984, stack(0x000000161e900000,0x000000161ea00000)]
  0x00000168e32ddc90 JavaThread "Unconstrained build operations Thread 20" [_thread_blocked, id=14324, stack(0x000000161ea00000,0x000000161eb00000)]
  0x00000168e33949f0 JavaThread "Unconstrained build operations Thread 21" [_thread_blocked, id=25216, stack(0x000000161eb00000,0x000000161ec00000)]
  0x00000168e3395410 JavaThread "Unconstrained build operations Thread 22" [_thread_blocked, id=13252, stack(0x000000161ec00000,0x000000161ed00000)]
  0x00000168e33986b0 JavaThread "Unconstrained build operations Thread 23" [_thread_blocked, id=23124, stack(0x000000161ed00000,0x000000161ee00000)]
  0x00000168e3395920 JavaThread "Unconstrained build operations Thread 24" [_thread_blocked, id=27332, stack(0x000000161ee00000,0x000000161ef00000)]
  0x00000168e339a000 JavaThread "Unconstrained build operations Thread 25" [_thread_blocked, id=25508, stack(0x000000161ef00000,0x000000161f000000)]
  0x00000168e3396d60 JavaThread "Unconstrained build operations Thread 26" [_thread_blocked, id=17600, stack(0x000000161f000000,0x000000161f100000)]
  0x00000168e33930a0 JavaThread "Unconstrained build operations Thread 27" [_thread_blocked, id=11624, stack(0x000000161f200000,0x000000161f300000)]
  0x00000168e339a510 JavaThread "Unconstrained build operations Thread 28" [_thread_blocked, id=17520, stack(0x000000161f300000,0x000000161f400000)]
  0x00000168e3399af0 JavaThread "Unconstrained build operations Thread 29" [_thread_blocked, id=27224, stack(0x000000161f400000,0x000000161f500000)]
  0x00000168e33990d0 JavaThread "Unconstrained build operations Thread 30" [_thread_blocked, id=19312, stack(0x000000161f500000,0x000000161f600000)]
  0x00000168e33981a0 JavaThread "Unconstrained build operations Thread 31" [_thread_blocked, id=7612, stack(0x000000161f600000,0x000000161f700000)]
  0x00000168e3396340 JavaThread "Unconstrained build operations Thread 32" [_thread_blocked, id=11888, stack(0x000000161f700000,0x000000161f800000)]
  0x00000168e3396850 JavaThread "Unconstrained build operations Thread 33" [_thread_blocked, id=24000, stack(0x000000161f800000,0x000000161f900000)]
  0x00000168e3393fd0 JavaThread "Memory manager" [_thread_blocked, id=28616, stack(0x000000161f900000,0x000000161fa00000)]
  0x00000168df6c68b0 JavaThread "C2 CompilerThread1" daemon [_thread_in_native, id=17008, stack(0x000000161f100000,0x000000161f200000)]

Other Threads:
  0x00000168c591aae0 VMThread "VM Thread" [stack: 0x000000161a100000,0x000000161a200000] [id=17584]
  0x00000168a90e75e0 WatcherThread [stack: 0x000000161ad00000,0x000000161ae00000] [id=13692]
  0x00000168a9115560 GCTaskThread "GC Thread#0" [stack: 0x0000001619c00000,0x0000001619d00000] [id=18148]
  0x00000168c5e8d450 GCTaskThread "GC Thread#1" [stack: 0x000000161ae00000,0x000000161af00000] [id=3496]
  0x00000168df31e700 GCTaskThread "GC Thread#2" [stack: 0x000000161af00000,0x000000161b000000] [id=5088]
  0x00000168df31e9c0 GCTaskThread "GC Thread#3" [stack: 0x000000161b000000,0x000000161b100000] [id=6052]
  0x00000168c5de2620 GCTaskThread "GC Thread#4" [stack: 0x000000161b100000,0x000000161b200000] [id=5188]
  0x00000168c5de2ef0 GCTaskThread "GC Thread#5" [stack: 0x000000161b200000,0x000000161b300000] [id=16100]
  0x00000168df0c3c90 GCTaskThread "GC Thread#6" [stack: 0x000000161c300000,0x000000161c400000] [id=15252]
  0x00000168e256dc90 GCTaskThread "GC Thread#7" [stack: 0x000000161c400000,0x000000161c500000] [id=20264]
  0x00000168a911a4b0 ConcurrentGCThread "G1 Main Marker" [stack: 0x0000001619d00000,0x0000001619e00000] [id=21796]
  0x00000168a911aec0 ConcurrentGCThread "G1 Conc#0" [stack: 0x0000001619e00000,0x0000001619f00000] [id=29344]
  0x00000168e1cdea30 ConcurrentGCThread "G1 Conc#1" [stack: 0x000000161c500000,0x000000161c600000] [id=28384]
  0x00000168a91adea0 ConcurrentGCThread "G1 Refine#0" [stack: 0x0000001619f00000,0x000000161a000000] [id=14008]
  0x00000168e2843470 ConcurrentGCThread "G1 Refine#1" [stack: 0x000000161c800000,0x000000161c900000] [id=25644]
  0x00000168a91ae7e0 ConcurrentGCThread "G1 Service" [stack: 0x000000161a000000,0x000000161a100000] [id=24768]

Threads with active compile tasks:
C2 CompilerThread0    51633 6598       4       groovy.lang.MetaClassImpl::addMetaMethodToIndex (65 bytes)
C2 CompilerThread1    51634 6631       4       java.util.AbstractCollection::addAll (42 bytes)

VM state: not at safepoint (normal execution)

VM Mutex/Monitor currently owned by a thread: None

Heap address: 0x00000000e0000000, size: 512 MB, Compressed Oops mode: 32-bit

CDS archive(s) mapped at: [0x00000168c6000000-0x00000168c6bd0000-0x00000168c6bd0000), size 12386304, SharedBaseAddress: 0x00000168c6000000, ArchiveRelocationMode: 1.
Compressed class space mapped at: 0x00000168c7000000-0x00000168db000000, reserved size: 335544320
Narrow klass base: 0x00000168c6000000, Narrow klass shift: 0, Narrow klass range: 0x100000000

GC Precious Log:
 CPUs: 8 total, 8 available
 Memory: 7883M
 Large Page Support: Disabled
 NUMA Support: Disabled
 Compressed Oops: Enabled (32-bit)
 Heap Region Size: 1M
 Heap Min Capacity: 256M
 Heap Initial Capacity: 256M
 Heap Max Capacity: 512M
 Pre-touch: Disabled
 Parallel Workers: 8
 Concurrent Workers: 2
 Concurrent Refinement Workers: 8
 Periodic GC: Disabled

Heap:
 garbage-first heap   total 262144K, used 166750K [0x00000000e0000000, 0x0000000100000000)
  region size 1024K, 131 young (134144K), 4 survivors (4096K)
 Metaspace       used 52949K, committed 53504K, reserved 393216K
  class space    used 7514K, committed 7744K, reserved 327680K

Heap Regions: E=young(eden), S=young(survivor), O=old, HS=humongous(starts), HC=humongous(continues), CS=collection set, F=free, OA=open archive, CA=closed archive, TAMS=top-at-mark-start (previous, next)
|   0|0x00000000e0000000, 0x00000000e0100000, 0x00000000e0100000|100%|HS|  |TAMS 0x00000000e0100000, 0x00000000e0000000| Complete 
|   1|0x00000000e0100000, 0x00000000e0200000, 0x00000000e0200000|100%|HC|  |TAMS 0x00000000e0200000, 0x00000000e0100000| Complete 
|   2|0x00000000e0200000, 0x00000000e0300000, 0x00000000e0300000|100%|HC|  |TAMS 0x00000000e0300000, 0x00000000e0200000| Complete 
|   3|0x00000000e0300000, 0x00000000e0400000, 0x00000000e0400000|100%| O|  |TAMS 0x00000000e0300000, 0x00000000e0300000| Untracked 
|   4|0x00000000e0400000, 0x00000000e0500000, 0x00000000e0500000|100%| O|  |TAMS 0x00000000e0500000, 0x00000000e0400000| Untracked 
|   5|0x00000000e0500000, 0x00000000e0600000, 0x00000000e0600000|100%| O|  |TAMS 0x00000000e0600000, 0x00000000e0500000| Untracked 
|   6|0x00000000e0600000, 0x00000000e0700000, 0x00000000e0700000|100%|HS|  |TAMS 0x00000000e0700000, 0x00000000e0600000| Complete 
|   7|0x00000000e0700000, 0x00000000e0800000, 0x00000000e0800000|100%| O|  |TAMS 0x00000000e0800000, 0x00000000e0700000| Untracked 
|   8|0x00000000e0800000, 0x00000000e0900000, 0x00000000e0900000|100%| O|  |TAMS 0x00000000e0900000, 0x00000000e0800000| Untracked 
|   9|0x00000000e0900000, 0x00000000e0a00000, 0x00000000e0a00000|100%| O|  |TAMS 0x00000000e0a00000, 0x00000000e0900000| Untracked 
|  10|0x00000000e0a00000, 0x00000000e0b00000, 0x00000000e0b00000|100%| O|  |TAMS 0x00000000e0b00000, 0x00000000e0a00000| Untracked 
|  11|0x00000000e0b00000, 0x00000000e0c00000, 0x00000000e0c00000|100%| O|  |TAMS 0x00000000e0c00000, 0x00000000e0b00000| Untracked 
|  12|0x00000000e0c00000, 0x00000000e0d00000, 0x00000000e0d00000|100%| O|  |TAMS 0x00000000e0d00000, 0x00000000e0c00000| Untracked 
|  13|0x00000000e0d00000, 0x00000000e0e00000, 0x00000000e0e00000|100%| O|  |TAMS 0x00000000e0e00000, 0x00000000e0d00000| Untracked 
|  14|0x00000000e0e00000, 0x00000000e0f00000, 0x00000000e0f00000|100%| O|  |TAMS 0x00000000e0f00000, 0x00000000e0e00000| Untracked 
|  15|0x00000000e0f00000, 0x00000000e1000000, 0x00000000e1000000|100%| O|  |TAMS 0x00000000e1000000, 0x00000000e0f00000| Untracked 
|  16|0x00000000e1000000, 0x00000000e1100000, 0x00000000e1100000|100%| O|  |TAMS 0x00000000e1100000, 0x00000000e1000000| Untracked 
|  17|0x00000000e1100000, 0x00000000e1200000, 0x00000000e1200000|100%| O|  |TAMS 0x00000000e1200000, 0x00000000e1100000| Untracked 
|  18|0x00000000e1200000, 0x00000000e1300000, 0x00000000e1300000|100%| O|  |TAMS 0x00000000e1300000, 0x00000000e1200000| Untracked 
|  19|0x00000000e1300000, 0x00000000e1400000, 0x00000000e1400000|100%| O|  |TAMS 0x00000000e1400000, 0x00000000e1300000| Untracked 
|  20|0x00000000e1400000, 0x00000000e1500000, 0x00000000e1500000|100%| O|  |TAMS 0x00000000e1500000, 0x00000000e1400000| Untracked 
|  21|0x00000000e1500000, 0x00000000e1600000, 0x00000000e1600000|100%| O|  |TAMS 0x00000000e1600000, 0x00000000e1500000| Untracked 
|  22|0x00000000e1600000, 0x00000000e1700000, 0x00000000e1700000|100%| O|  |TAMS 0x00000000e1700000, 0x00000000e1600000| Untracked 
|  23|0x00000000e1700000, 0x00000000e1800000, 0x00000000e1800000|100%| O|  |TAMS 0x00000000e1800000, 0x00000000e1700000| Untracked 
|  24|0x00000000e1800000, 0x00000000e1900000, 0x00000000e1900000|100%| O|  |TAMS 0x00000000e187ec00, 0x00000000e1800000| Untracked 
|  25|0x00000000e1900000, 0x00000000e1a00000, 0x00000000e1a00000|100%| O|  |TAMS 0x00000000e1900000, 0x00000000e1900000| Untracked 
|  26|0x00000000e1a00000, 0x00000000e1b00000, 0x00000000e1b00000|100%| O|  |TAMS 0x00000000e1a00000, 0x00000000e1a00000| Untracked 
|  27|0x00000000e1b00000, 0x00000000e1c00000, 0x00000000e1c00000|100%| O|  |TAMS 0x00000000e1b00000, 0x00000000e1b00000| Untracked 
|  28|0x00000000e1c00000, 0x00000000e1d00000, 0x00000000e1d00000|100%| O|  |TAMS 0x00000000e1c00000, 0x00000000e1c00000| Untracked 
|  29|0x00000000e1d00000, 0x00000000e1e00000, 0x00000000e1e00000|100%| O|  |TAMS 0x00000000e1d00000, 0x00000000e1d00000| Untracked 
|  30|0x00000000e1e00000, 0x00000000e1ee1a00, 0x00000000e1f00000| 88%| O|  |TAMS 0x00000000e1e00000, 0x00000000e1e00000| Untracked 
|  31|0x00000000e1f00000, 0x00000000e2000000, 0x00000000e2000000|100%|HS|  |TAMS 0x00000000e1f00000, 0x00000000e1f00000| Complete 
|  32|0x00000000e2000000, 0x00000000e2100000, 0x00000000e2100000|100%|HS|  |TAMS 0x00000000e2000000, 0x00000000e2000000| Complete 
|  33|0x00000000e2100000, 0x00000000e2100000, 0x00000000e2200000|  0%| F|  |TAMS 0x00000000e2100000, 0x00000000e2100000| Untracked 
|  34|0x00000000e2200000, 0x00000000e2200000, 0x00000000e2300000|  0%| F|  |TAMS 0x00000000e2200000, 0x00000000e2200000| Untracked 
|  35|0x00000000e2300000, 0x00000000e2300000, 0x00000000e2400000|  0%| F|  |TAMS 0x00000000e2300000, 0x00000000e2300000| Untracked 
|  36|0x00000000e2400000, 0x00000000e2400000, 0x00000000e2500000|  0%| F|  |TAMS 0x00000000e2400000, 0x00000000e2400000| Untracked 
|  37|0x00000000e2500000, 0x00000000e2500000, 0x00000000e2600000|  0%| F|  |TAMS 0x00000000e2500000, 0x00000000e2500000| Untracked 
|  38|0x00000000e2600000, 0x00000000e2600000, 0x00000000e2700000|  0%| F|  |TAMS 0x00000000e2600000, 0x00000000e2600000| Untracked 
|  39|0x00000000e2700000, 0x00000000e2700000, 0x00000000e2800000|  0%| F|  |TAMS 0x00000000e2700000, 0x00000000e2700000| Untracked 
|  40|0x00000000e2800000, 0x00000000e2800000, 0x00000000e2900000|  0%| F|  |TAMS 0x00000000e2800000, 0x00000000e2800000| Untracked 
|  41|0x00000000e2900000, 0x00000000e2900000, 0x00000000e2a00000|  0%| F|  |TAMS 0x00000000e2900000, 0x00000000e2900000| Untracked 
|  42|0x00000000e2a00000, 0x00000000e2a00000, 0x00000000e2b00000|  0%| F|  |TAMS 0x00000000e2a00000, 0x00000000e2a00000| Untracked 
|  43|0x00000000e2b00000, 0x00000000e2b00000, 0x00000000e2c00000|  0%| F|  |TAMS 0x00000000e2b00000, 0x00000000e2b00000| Untracked 
|  44|0x00000000e2c00000, 0x00000000e2c00000, 0x00000000e2d00000|  0%| F|  |TAMS 0x00000000e2c00000, 0x00000000e2c00000| Untracked 
|  45|0x00000000e2d00000, 0x00000000e2d00000, 0x00000000e2e00000|  0%| F|  |TAMS 0x00000000e2d00000, 0x00000000e2d00000| Untracked 
|  46|0x00000000e2e00000, 0x00000000e2e00000, 0x00000000e2f00000|  0%| F|  |TAMS 0x00000000e2e00000, 0x00000000e2e00000| Untracked 
|  47|0x00000000e2f00000, 0x00000000e2f00000, 0x00000000e3000000|  0%| F|  |TAMS 0x00000000e2f00000, 0x00000000e2f00000| Untracked 
|  48|0x00000000e3000000, 0x00000000e3000000, 0x00000000e3100000|  0%| F|  |TAMS 0x00000000e3000000, 0x00000000e3000000| Untracked 
|  49|0x00000000e3100000, 0x00000000e3100000, 0x00000000e3200000|  0%| F|  |TAMS 0x00000000e3100000, 0x00000000e3100000| Untracked 
|  50|0x00000000e3200000, 0x00000000e3200000, 0x00000000e3300000|  0%| F|  |TAMS 0x00000000e3200000, 0x00000000e3200000| Untracked 
|  51|0x00000000e3300000, 0x00000000e3300000, 0x00000000e3400000|  0%| F|  |TAMS 0x00000000e3300000, 0x00000000e3300000| Untracked 
|  52|0x00000000e3400000, 0x00000000e3400000, 0x00000000e3500000|  0%| F|  |TAMS 0x00000000e3400000, 0x00000000e3400000| Untracked 
|  53|0x00000000e3500000, 0x00000000e3500000, 0x00000000e3600000|  0%| F|  |TAMS 0x00000000e3500000, 0x00000000e3500000| Untracked 
|  54|0x00000000e3600000, 0x00000000e3600000, 0x00000000e3700000|  0%| F|  |TAMS 0x00000000e3600000, 0x00000000e3600000| Untracked 
|  55|0x00000000e3700000, 0x00000000e3700000, 0x00000000e3800000|  0%| F|  |TAMS 0x00000000e3700000, 0x00000000e3700000| Untracked 
|  56|0x00000000e3800000, 0x00000000e3800000, 0x00000000e3900000|  0%| F|  |TAMS 0x00000000e3800000, 0x00000000e3800000| Untracked 
|  57|0x00000000e3900000, 0x00000000e3900000, 0x00000000e3a00000|  0%| F|  |TAMS 0x00000000e3900000, 0x00000000e3900000| Untracked 
|  58|0x00000000e3a00000, 0x00000000e3a00000, 0x00000000e3b00000|  0%| F|  |TAMS 0x00000000e3a00000, 0x00000000e3a00000| Untracked 
|  59|0x00000000e3b00000, 0x00000000e3b00000, 0x00000000e3c00000|  0%| F|  |TAMS 0x00000000e3b00000, 0x00000000e3b00000| Untracked 
|  60|0x00000000e3c00000, 0x00000000e3c00000, 0x00000000e3d00000|  0%| F|  |TAMS 0x00000000e3c00000, 0x00000000e3c00000| Untracked 
|  61|0x00000000e3d00000, 0x00000000e3d00000, 0x00000000e3e00000|  0%| F|  |TAMS 0x00000000e3d00000, 0x00000000e3d00000| Untracked 
|  62|0x00000000e3e00000, 0x00000000e3e00000, 0x00000000e3f00000|  0%| F|  |TAMS 0x00000000e3e00000, 0x00000000e3e00000| Untracked 
|  63|0x00000000e3f00000, 0x00000000e3f00000, 0x00000000e4000000|  0%| F|  |TAMS 0x00000000e3f00000, 0x00000000e3f00000| Untracked 
|  64|0x00000000e4000000, 0x00000000e4000000, 0x00000000e4100000|  0%| F|  |TAMS 0x00000000e4000000, 0x00000000e4000000| Untracked 
|  65|0x00000000e4100000, 0x00000000e4100000, 0x00000000e4200000|  0%| F|  |TAMS 0x00000000e4100000, 0x00000000e4100000| Untracked 
|  66|0x00000000e4200000, 0x00000000e4200000, 0x00000000e4300000|  0%| F|  |TAMS 0x00000000e4200000, 0x00000000e4200000| Untracked 
|  67|0x00000000e4300000, 0x00000000e4300000, 0x00000000e4400000|  0%| F|  |TAMS 0x00000000e4300000, 0x00000000e4300000| Untracked 
|  68|0x00000000e4400000, 0x00000000e4400000, 0x00000000e4500000|  0%| F|  |TAMS 0x00000000e4400000, 0x00000000e4400000| Untracked 
|  69|0x00000000e4500000, 0x00000000e4500000, 0x00000000e4600000|  0%| F|  |TAMS 0x00000000e4500000, 0x00000000e4500000| Untracked 
|  70|0x00000000e4600000, 0x00000000e4600000, 0x00000000e4700000|  0%| F|  |TAMS 0x00000000e4600000, 0x00000000e4600000| Untracked 
|  71|0x00000000e4700000, 0x00000000e4700000, 0x00000000e4800000|  0%| F|  |TAMS 0x00000000e4700000, 0x00000000e4700000| Untracked 
|  72|0x00000000e4800000, 0x00000000e4800000, 0x00000000e4900000|  0%| F|  |TAMS 0x00000000e4800000, 0x00000000e4800000| Untracked 
|  73|0x00000000e4900000, 0x00000000e4900000, 0x00000000e4a00000|  0%| F|  |TAMS 0x00000000e4900000, 0x00000000e4900000| Untracked 
|  74|0x00000000e4a00000, 0x00000000e4a00000, 0x00000000e4b00000|  0%| F|  |TAMS 0x00000000e4a00000, 0x00000000e4a00000| Untracked 
|  75|0x00000000e4b00000, 0x00000000e4b00000, 0x00000000e4c00000|  0%| F|  |TAMS 0x00000000e4b00000, 0x00000000e4b00000| Untracked 
|  76|0x00000000e4c00000, 0x00000000e4c00000, 0x00000000e4d00000|  0%| F|  |TAMS 0x00000000e4c00000, 0x00000000e4c00000| Untracked 
|  77|0x00000000e4d00000, 0x00000000e4d00000, 0x00000000e4e00000|  0%| F|  |TAMS 0x00000000e4d00000, 0x00000000e4d00000| Untracked 
|  78|0x00000000e4e00000, 0x00000000e4e00000, 0x00000000e4f00000|  0%| F|  |TAMS 0x00000000e4e00000, 0x00000000e4e00000| Untracked 
|  79|0x00000000e4f00000, 0x00000000e4f00000, 0x00000000e5000000|  0%| F|  |TAMS 0x00000000e4f00000, 0x00000000e4f00000| Untracked 
|  80|0x00000000e5000000, 0x00000000e5000000, 0x00000000e5100000|  0%| F|  |TAMS 0x00000000e5000000, 0x00000000e5000000| Untracked 
|  81|0x00000000e5100000, 0x00000000e5100000, 0x00000000e5200000|  0%| F|  |TAMS 0x00000000e5100000, 0x00000000e5100000| Untracked 
|  82|0x00000000e5200000, 0x00000000e5200000, 0x00000000e5300000|  0%| F|  |TAMS 0x00000000e5200000, 0x00000000e5200000| Untracked 
|  83|0x00000000e5300000, 0x00000000e5300000, 0x00000000e5400000|  0%| F|  |TAMS 0x00000000e5300000, 0x00000000e5300000| Untracked 
|  84|0x00000000e5400000, 0x00000000e5400000, 0x00000000e5500000|  0%| F|  |TAMS 0x00000000e5400000, 0x00000000e5400000| Untracked 
|  85|0x00000000e5500000, 0x00000000e5500000, 0x00000000e5600000|  0%| F|  |TAMS 0x00000000e5500000, 0x00000000e5500000| Untracked 
|  86|0x00000000e5600000, 0x00000000e5600000, 0x00000000e5700000|  0%| F|  |TAMS 0x00000000e5600000, 0x00000000e5600000| Untracked 
|  87|0x00000000e5700000, 0x00000000e5700000, 0x00000000e5800000|  0%| F|  |TAMS 0x00000000e5700000, 0x00000000e5700000| Untracked 
|  88|0x00000000e5800000, 0x00000000e5800000, 0x00000000e5900000|  0%| F|  |TAMS 0x00000000e5800000, 0x00000000e5800000| Untracked 
|  89|0x00000000e5900000, 0x00000000e5900000, 0x00000000e5a00000|  0%| F|  |TAMS 0x00000000e5900000, 0x00000000e5900000| Untracked 
|  90|0x00000000e5a00000, 0x00000000e5a00000, 0x00000000e5b00000|  0%| F|  |TAMS 0x00000000e5a00000, 0x00000000e5a00000| Untracked 
|  91|0x00000000e5b00000, 0x00000000e5b00000, 0x00000000e5c00000|  0%| F|  |TAMS 0x00000000e5b00000, 0x00000000e5b00000| Untracked 
|  92|0x00000000e5c00000, 0x00000000e5c00000, 0x00000000e5d00000|  0%| F|  |TAMS 0x00000000e5c00000, 0x00000000e5c00000| Untracked 
|  93|0x00000000e5d00000, 0x00000000e5d00000, 0x00000000e5e00000|  0%| F|  |TAMS 0x00000000e5d00000, 0x00000000e5d00000| Untracked 
|  94|0x00000000e5e00000, 0x00000000e5e00000, 0x00000000e5f00000|  0%| F|  |TAMS 0x00000000e5e00000, 0x00000000e5e00000| Untracked 
|  95|0x00000000e5f00000, 0x00000000e5f00000, 0x00000000e6000000|  0%| F|  |TAMS 0x00000000e5f00000, 0x00000000e5f00000| Untracked 
|  96|0x00000000e6000000, 0x00000000e6000000, 0x00000000e6100000|  0%| F|  |TAMS 0x00000000e6000000, 0x00000000e6000000| Untracked 
|  97|0x00000000e6100000, 0x00000000e6100000, 0x00000000e6200000|  0%| F|  |TAMS 0x00000000e6100000, 0x00000000e6100000| Untracked 
|  98|0x00000000e6200000, 0x00000000e6200000, 0x00000000e6300000|  0%| F|  |TAMS 0x00000000e6200000, 0x00000000e6200000| Untracked 
|  99|0x00000000e6300000, 0x00000000e6300000, 0x00000000e6400000|  0%| F|  |TAMS 0x00000000e6300000, 0x00000000e6300000| Untracked 
| 100|0x00000000e6400000, 0x00000000e6400000, 0x00000000e6500000|  0%| F|  |TAMS 0x00000000e6400000, 0x00000000e6400000| Untracked 
| 101|0x00000000e6500000, 0x00000000e6500000, 0x00000000e6600000|  0%| F|  |TAMS 0x00000000e6500000, 0x00000000e6500000| Untracked 
| 102|0x00000000e6600000, 0x00000000e6600000, 0x00000000e6700000|  0%| F|  |TAMS 0x00000000e6600000, 0x00000000e6600000| Untracked 
| 103|0x00000000e6700000, 0x00000000e6700000, 0x00000000e6800000|  0%| F|  |TAMS 0x00000000e6700000, 0x00000000e6700000| Untracked 
| 104|0x00000000e6800000, 0x00000000e6800000, 0x00000000e6900000|  0%| F|  |TAMS 0x00000000e6800000, 0x00000000e6800000| Untracked 
| 105|0x00000000e6900000, 0x00000000e6900000, 0x00000000e6a00000|  0%| F|  |TAMS 0x00000000e6900000, 0x00000000e6900000| Untracked 
| 106|0x00000000e6a00000, 0x00000000e6a00000, 0x00000000e6b00000|  0%| F|  |TAMS 0x00000000e6a00000, 0x00000000e6a00000| Untracked 
| 107|0x00000000e6b00000, 0x00000000e6b00000, 0x00000000e6c00000|  0%| F|  |TAMS 0x00000000e6b00000, 0x00000000e6b00000| Untracked 
| 108|0x00000000e6c00000, 0x00000000e6c00000, 0x00000000e6d00000|  0%| F|  |TAMS 0x00000000e6c00000, 0x00000000e6c00000| Untracked 
| 109|0x00000000e6d00000, 0x00000000e6d00000, 0x00000000e6e00000|  0%| F|  |TAMS 0x00000000e6d00000, 0x00000000e6d00000| Untracked 
| 110|0x00000000e6e00000, 0x00000000e6e00000, 0x00000000e6f00000|  0%| F|  |TAMS 0x00000000e6e00000, 0x00000000e6e00000| Untracked 
| 111|0x00000000e6f00000, 0x00000000e6f00000, 0x00000000e7000000|  0%| F|  |TAMS 0x00000000e6f00000, 0x00000000e6f00000| Untracked 
| 112|0x00000000e7000000, 0x00000000e7000000, 0x00000000e7100000|  0%| F|  |TAMS 0x00000000e7000000, 0x00000000e7000000| Untracked 
| 113|0x00000000e7100000, 0x00000000e7100000, 0x00000000e7200000|  0%| F|  |TAMS 0x00000000e7100000, 0x00000000e7100000| Untracked 
| 114|0x00000000e7200000, 0x00000000e7200000, 0x00000000e7300000|  0%| F|  |TAMS 0x00000000e7200000, 0x00000000e7200000| Untracked 
| 115|0x00000000e7300000, 0x00000000e7300000, 0x00000000e7400000|  0%| F|  |TAMS 0x00000000e7300000, 0x00000000e7300000| Untracked 
| 116|0x00000000e7400000, 0x00000000e7400000, 0x00000000e7500000|  0%| F|  |TAMS 0x00000000e7400000, 0x00000000e7400000| Untracked 
| 117|0x00000000e7500000, 0x00000000e7500000, 0x00000000e7600000|  0%| F|  |TAMS 0x00000000e7500000, 0x00000000e7500000| Untracked 
| 118|0x00000000e7600000, 0x00000000e7600000, 0x00000000e7700000|  0%| F|  |TAMS 0x00000000e7600000, 0x00000000e7600000| Untracked 
| 119|0x00000000e7700000, 0x00000000e7700000, 0x00000000e7800000|  0%| F|  |TAMS 0x00000000e7700000, 0x00000000e7700000| Untracked 
| 120|0x00000000e7800000, 0x00000000e7800000, 0x00000000e7900000|  0%| F|  |TAMS 0x00000000e7800000, 0x00000000e7800000| Untracked 
| 121|0x00000000e7900000, 0x00000000e7900000, 0x00000000e7a00000|  0%| F|  |TAMS 0x00000000e7900000, 0x00000000e7900000| Untracked 
| 122|0x00000000e7a00000, 0x00000000e7a00000, 0x00000000e7b00000|  0%| F|  |TAMS 0x00000000e7a00000, 0x00000000e7a00000| Untracked 
| 123|0x00000000e7b00000, 0x00000000e7b00000, 0x00000000e7c00000|  0%| F|  |TAMS 0x00000000e7b00000, 0x00000000e7b00000| Untracked 
| 124|0x00000000e7c00000, 0x00000000e7c00000, 0x00000000e7d00000|  0%| F|  |TAMS 0x00000000e7c00000, 0x00000000e7c00000| Untracked 
| 125|0x00000000e7d00000, 0x00000000e7d80800, 0x00000000e7e00000| 50%| E|  |TAMS 0x00000000e7d00000, 0x00000000e7d00000| Complete 
| 126|0x00000000e7e00000, 0x00000000e7f00000, 0x00000000e7f00000|100%| E|CS|TAMS 0x00000000e7e00000, 0x00000000e7e00000| Complete 
| 127|0x00000000e7f00000, 0x00000000e8000000, 0x00000000e8000000|100%| E|CS|TAMS 0x00000000e7f00000, 0x00000000e7f00000| Complete 
| 128|0x00000000e8000000, 0x00000000e8100000, 0x00000000e8100000|100%| E|CS|TAMS 0x00000000e8000000, 0x00000000e8000000| Complete 
| 129|0x00000000e8100000, 0x00000000e8200000, 0x00000000e8200000|100%| E|CS|TAMS 0x00000000e8100000, 0x00000000e8100000| Complete 
| 130|0x00000000e8200000, 0x00000000e8300000, 0x00000000e8300000|100%| E|CS|TAMS 0x00000000e8200000, 0x00000000e8200000| Complete 
| 131|0x00000000e8300000, 0x00000000e8400000, 0x00000000e8400000|100%| E|CS|TAMS 0x00000000e8300000, 0x00000000e8300000| Complete 
| 132|0x00000000e8400000, 0x00000000e8500000, 0x00000000e8500000|100%| E|CS|TAMS 0x00000000e8400000, 0x00000000e8400000| Complete 
| 133|0x00000000e8500000, 0x00000000e8600000, 0x00000000e8600000|100%| E|CS|TAMS 0x00000000e8500000, 0x00000000e8500000| Complete 
| 134|0x00000000e8600000, 0x00000000e8700000, 0x00000000e8700000|100%| E|CS|TAMS 0x00000000e8600000, 0x00000000e8600000| Complete 
| 135|0x00000000e8700000, 0x00000000e8800000, 0x00000000e8800000|100%| E|CS|TAMS 0x00000000e8700000, 0x00000000e8700000| Complete 
| 136|0x00000000e8800000, 0x00000000e8900000, 0x00000000e8900000|100%| E|CS|TAMS 0x00000000e8800000, 0x00000000e8800000| Complete 
| 137|0x00000000e8900000, 0x00000000e8a00000, 0x00000000e8a00000|100%| E|CS|TAMS 0x00000000e8900000, 0x00000000e8900000| Complete 
| 138|0x00000000e8a00000, 0x00000000e8b00000, 0x00000000e8b00000|100%| E|CS|TAMS 0x00000000e8a00000, 0x00000000e8a00000| Complete 
| 139|0x00000000e8b00000, 0x00000000e8c00000, 0x00000000e8c00000|100%| E|CS|TAMS 0x00000000e8b00000, 0x00000000e8b00000| Complete 
| 140|0x00000000e8c00000, 0x00000000e8d00000, 0x00000000e8d00000|100%| E|CS|TAMS 0x00000000e8c00000, 0x00000000e8c00000| Complete 
| 141|0x00000000e8d00000, 0x00000000e8e00000, 0x00000000e8e00000|100%| E|CS|TAMS 0x00000000e8d00000, 0x00000000e8d00000| Complete 
| 142|0x00000000e8e00000, 0x00000000e8f00000, 0x00000000e8f00000|100%| E|CS|TAMS 0x00000000e8e00000, 0x00000000e8e00000| Complete 
| 143|0x00000000e8f00000, 0x00000000e9000000, 0x00000000e9000000|100%| E|CS|TAMS 0x00000000e8f00000, 0x00000000e8f00000| Complete 
| 144|0x00000000e9000000, 0x00000000e9100000, 0x00000000e9100000|100%| E|CS|TAMS 0x00000000e9000000, 0x00000000e9000000| Complete 
| 145|0x00000000e9100000, 0x00000000e9200000, 0x00000000e9200000|100%| E|CS|TAMS 0x00000000e9100000, 0x00000000e9100000| Complete 
| 146|0x00000000e9200000, 0x00000000e9300000, 0x00000000e9300000|100%| E|CS|TAMS 0x00000000e9200000, 0x00000000e9200000| Complete 
| 147|0x00000000e9300000, 0x00000000e9400000, 0x00000000e9400000|100%| E|CS|TAMS 0x00000000e9300000, 0x00000000e9300000| Complete 
| 148|0x00000000e9400000, 0x00000000e9500000, 0x00000000e9500000|100%| E|CS|TAMS 0x00000000e9400000, 0x00000000e9400000| Complete 
| 149|0x00000000e9500000, 0x00000000e9600000, 0x00000000e9600000|100%| E|CS|TAMS 0x00000000e9500000, 0x00000000e9500000| Complete 
| 150|0x00000000e9600000, 0x00000000e9700000, 0x00000000e9700000|100%| E|CS|TAMS 0x00000000e9600000, 0x00000000e9600000| Complete 
| 151|0x00000000e9700000, 0x00000000e9800000, 0x00000000e9800000|100%| E|CS|TAMS 0x00000000e9700000, 0x00000000e9700000| Complete 
| 152|0x00000000e9800000, 0x00000000e9900000, 0x00000000e9900000|100%| E|CS|TAMS 0x00000000e9800000, 0x00000000e9800000| Complete 
| 153|0x00000000e9900000, 0x00000000e9a00000, 0x00000000e9a00000|100%| E|CS|TAMS 0x00000000e9900000, 0x00000000e9900000| Complete 
| 154|0x00000000e9a00000, 0x00000000e9b00000, 0x00000000e9b00000|100%| E|CS|TAMS 0x00000000e9a00000, 0x00000000e9a00000| Complete 
| 155|0x00000000e9b00000, 0x00000000e9c00000, 0x00000000e9c00000|100%| E|CS|TAMS 0x00000000e9b00000, 0x00000000e9b00000| Complete 
| 156|0x00000000e9c00000, 0x00000000e9d00000, 0x00000000e9d00000|100%| E|CS|TAMS 0x00000000e9c00000, 0x00000000e9c00000| Complete 
| 157|0x00000000e9d00000, 0x00000000e9e00000, 0x00000000e9e00000|100%| E|CS|TAMS 0x00000000e9d00000, 0x00000000e9d00000| Complete 
| 158|0x00000000e9e00000, 0x00000000e9f00000, 0x00000000e9f00000|100%| E|CS|TAMS 0x00000000e9e00000, 0x00000000e9e00000| Complete 
| 159|0x00000000e9f00000, 0x00000000ea000000, 0x00000000ea000000|100%| E|CS|TAMS 0x00000000e9f00000, 0x00000000e9f00000| Complete 
| 160|0x00000000ea000000, 0x00000000ea100000, 0x00000000ea100000|100%| E|CS|TAMS 0x00000000ea000000, 0x00000000ea000000| Complete 
| 161|0x00000000ea100000, 0x00000000ea200000, 0x00000000ea200000|100%| E|CS|TAMS 0x00000000ea100000, 0x00000000ea100000| Complete 
| 162|0x00000000ea200000, 0x00000000ea300000, 0x00000000ea300000|100%| E|CS|TAMS 0x00000000ea200000, 0x00000000ea200000| Complete 
| 163|0x00000000ea300000, 0x00000000ea400000, 0x00000000ea400000|100%| E|CS|TAMS 0x00000000ea300000, 0x00000000ea300000| Complete 
| 164|0x00000000ea400000, 0x00000000ea500000, 0x00000000ea500000|100%| E|CS|TAMS 0x00000000ea400000, 0x00000000ea400000| Complete 
| 165|0x00000000ea500000, 0x00000000ea600000, 0x00000000ea600000|100%| E|CS|TAMS 0x00000000ea500000, 0x00000000ea500000| Complete 
| 166|0x00000000ea600000, 0x00000000ea700000, 0x00000000ea700000|100%| E|CS|TAMS 0x00000000ea600000, 0x00000000ea600000| Complete 
| 167|0x00000000ea700000, 0x00000000ea800000, 0x00000000ea800000|100%| E|CS|TAMS 0x00000000ea700000, 0x00000000ea700000| Complete 
| 168|0x00000000ea800000, 0x00000000ea900000, 0x00000000ea900000|100%| E|CS|TAMS 0x00000000ea800000, 0x00000000ea800000| Complete 
| 169|0x00000000ea900000, 0x00000000eaa00000, 0x00000000eaa00000|100%| E|CS|TAMS 0x00000000ea900000, 0x00000000ea900000| Complete 
| 170|0x00000000eaa00000, 0x00000000eab00000, 0x00000000eab00000|100%| E|CS|TAMS 0x00000000eaa00000, 0x00000000eaa00000| Complete 
| 171|0x00000000eab00000, 0x00000000eac00000, 0x00000000eac00000|100%| E|CS|TAMS 0x00000000eab00000, 0x00000000eab00000| Complete 
| 172|0x00000000eac00000, 0x00000000ead00000, 0x00000000ead00000|100%| E|CS|TAMS 0x00000000eac00000, 0x00000000eac00000| Complete 
| 173|0x00000000ead00000, 0x00000000eae00000, 0x00000000eae00000|100%| E|CS|TAMS 0x00000000ead00000, 0x00000000ead00000| Complete 
| 174|0x00000000eae00000, 0x00000000eaf00000, 0x00000000eaf00000|100%| E|CS|TAMS 0x00000000eae00000, 0x00000000eae00000| Complete 
| 175|0x00000000eaf00000, 0x00000000eb000000, 0x00000000eb000000|100%| E|CS|TAMS 0x00000000eaf00000, 0x00000000eaf00000| Complete 
| 176|0x00000000eb000000, 0x00000000eb100000, 0x00000000eb100000|100%| E|CS|TAMS 0x00000000eb000000, 0x00000000eb000000| Complete 
| 177|0x00000000eb100000, 0x00000000eb200000, 0x00000000eb200000|100%| E|CS|TAMS 0x00000000eb100000, 0x00000000eb100000| Complete 
| 178|0x00000000eb200000, 0x00000000eb300000, 0x00000000eb300000|100%| E|CS|TAMS 0x00000000eb200000, 0x00000000eb200000| Complete 
| 179|0x00000000eb300000, 0x00000000eb400000, 0x00000000eb400000|100%| E|CS|TAMS 0x00000000eb300000, 0x00000000eb300000| Complete 
| 180|0x00000000eb400000, 0x00000000eb500000, 0x00000000eb500000|100%| E|CS|TAMS 0x00000000eb400000, 0x00000000eb400000| Complete 
| 181|0x00000000eb500000, 0x00000000eb600000, 0x00000000eb600000|100%| E|CS|TAMS 0x00000000eb500000, 0x00000000eb500000| Complete 
| 182|0x00000000eb600000, 0x00000000eb700000, 0x00000000eb700000|100%| E|CS|TAMS 0x00000000eb600000, 0x00000000eb600000| Complete 
| 183|0x00000000eb700000, 0x00000000eb800000, 0x00000000eb800000|100%| E|CS|TAMS 0x00000000eb700000, 0x00000000eb700000| Complete 
| 184|0x00000000eb800000, 0x00000000eb900000, 0x00000000eb900000|100%| E|CS|TAMS 0x00000000eb800000, 0x00000000eb800000| Complete 
| 185|0x00000000eb900000, 0x00000000eba00000, 0x00000000eba00000|100%| E|CS|TAMS 0x00000000eb900000, 0x00000000eb900000| Complete 
| 186|0x00000000eba00000, 0x00000000ebb00000, 0x00000000ebb00000|100%| E|CS|TAMS 0x00000000eba00000, 0x00000000eba00000| Complete 
| 187|0x00000000ebb00000, 0x00000000ebc00000, 0x00000000ebc00000|100%| E|CS|TAMS 0x00000000ebb00000, 0x00000000ebb00000| Complete 
| 188|0x00000000ebc00000, 0x00000000ebd00000, 0x00000000ebd00000|100%| E|CS|TAMS 0x00000000ebc00000, 0x00000000ebc00000| Complete 
| 189|0x00000000ebd00000, 0x00000000ebe00000, 0x00000000ebe00000|100%| E|CS|TAMS 0x00000000ebd00000, 0x00000000ebd00000| Complete 
| 190|0x00000000ebe00000, 0x00000000ebf00000, 0x00000000ebf00000|100%| E|CS|TAMS 0x00000000ebe00000, 0x00000000ebe00000| Complete 
| 191|0x00000000ebf00000, 0x00000000ec000000, 0x00000000ec000000|100%| E|CS|TAMS 0x00000000ebf00000, 0x00000000ebf00000| Complete 
| 192|0x00000000ec000000, 0x00000000ec100000, 0x00000000ec100000|100%| E|CS|TAMS 0x00000000ec000000, 0x00000000ec000000| Complete 
| 193|0x00000000ec100000, 0x00000000ec1f5fc0, 0x00000000ec200000| 96%| S|CS|TAMS 0x00000000ec100000, 0x00000000ec100000| Complete 
| 194|0x00000000ec200000, 0x00000000ec300000, 0x00000000ec300000|100%| S|CS|TAMS 0x00000000ec200000, 0x00000000ec200000| Complete 
| 195|0x00000000ec300000, 0x00000000ec400000, 0x00000000ec400000|100%| S|CS|TAMS 0x00000000ec300000, 0x00000000ec300000| Complete 
| 196|0x00000000ec400000, 0x00000000ec500000, 0x00000000ec500000|100%| S|CS|TAMS 0x00000000ec400000, 0x00000000ec400000| Complete 
| 197|0x00000000ec500000, 0x00000000ec600000, 0x00000000ec600000|100%| E|CS|TAMS 0x00000000ec500000, 0x00000000ec500000| Complete 
| 198|0x00000000ec600000, 0x00000000ec700000, 0x00000000ec700000|100%| E|CS|TAMS 0x00000000ec600000, 0x00000000ec600000| Complete 
| 199|0x00000000ec700000, 0x00000000ec800000, 0x00000000ec800000|100%| E|CS|TAMS 0x00000000ec700000, 0x00000000ec700000| Complete 
| 200|0x00000000ec800000, 0x00000000ec900000, 0x00000000ec900000|100%| E|CS|TAMS 0x00000000ec800000, 0x00000000ec800000| Complete 
| 201|0x00000000ec900000, 0x00000000eca00000, 0x00000000eca00000|100%| E|CS|TAMS 0x00000000ec900000, 0x00000000ec900000| Complete 
| 202|0x00000000eca00000, 0x00000000ecb00000, 0x00000000ecb00000|100%| E|CS|TAMS 0x00000000eca00000, 0x00000000eca00000| Complete 
| 203|0x00000000ecb00000, 0x00000000ecc00000, 0x00000000ecc00000|100%| E|CS|TAMS 0x00000000ecb00000, 0x00000000ecb00000| Complete 
| 204|0x00000000ecc00000, 0x00000000ecd00000, 0x00000000ecd00000|100%| E|CS|TAMS 0x00000000ecc00000, 0x00000000ecc00000| Complete 
| 205|0x00000000ecd00000, 0x00000000ece00000, 0x00000000ece00000|100%| E|CS|TAMS 0x00000000ecd00000, 0x00000000ecd00000| Complete 
| 206|0x00000000ece00000, 0x00000000ecf00000, 0x00000000ecf00000|100%| E|CS|TAMS 0x00000000ece00000, 0x00000000ece00000| Complete 
| 207|0x00000000ecf00000, 0x00000000ed000000, 0x00000000ed000000|100%| E|CS|TAMS 0x00000000ecf00000, 0x00000000ecf00000| Complete 
| 208|0x00000000ed000000, 0x00000000ed100000, 0x00000000ed100000|100%| E|CS|TAMS 0x00000000ed000000, 0x00000000ed000000| Complete 
| 209|0x00000000ed100000, 0x00000000ed200000, 0x00000000ed200000|100%| E|CS|TAMS 0x00000000ed100000, 0x00000000ed100000| Complete 
| 210|0x00000000ed200000, 0x00000000ed300000, 0x00000000ed300000|100%| E|CS|TAMS 0x00000000ed200000, 0x00000000ed200000| Complete 
| 211|0x00000000ed300000, 0x00000000ed400000, 0x00000000ed400000|100%| E|CS|TAMS 0x00000000ed300000, 0x00000000ed300000| Complete 
| 212|0x00000000ed400000, 0x00000000ed500000, 0x00000000ed500000|100%| E|CS|TAMS 0x00000000ed400000, 0x00000000ed400000| Complete 
| 213|0x00000000ed500000, 0x00000000ed600000, 0x00000000ed600000|100%| E|CS|TAMS 0x00000000ed500000, 0x00000000ed500000| Complete 
| 214|0x00000000ed600000, 0x00000000ed700000, 0x00000000ed700000|100%| E|CS|TAMS 0x00000000ed600000, 0x00000000ed600000| Complete 
| 215|0x00000000ed700000, 0x00000000ed800000, 0x00000000ed800000|100%| E|CS|TAMS 0x00000000ed700000, 0x00000000ed700000| Complete 
| 216|0x00000000ed800000, 0x00000000ed900000, 0x00000000ed900000|100%| E|CS|TAMS 0x00000000ed800000, 0x00000000ed800000| Complete 
| 217|0x00000000ed900000, 0x00000000eda00000, 0x00000000eda00000|100%| E|CS|TAMS 0x00000000ed900000, 0x00000000ed900000| Complete 
| 218|0x00000000eda00000, 0x00000000edb00000, 0x00000000edb00000|100%| E|CS|TAMS 0x00000000eda00000, 0x00000000eda00000| Complete 
| 219|0x00000000edb00000, 0x00000000edc00000, 0x00000000edc00000|100%| E|CS|TAMS 0x00000000edb00000, 0x00000000edb00000| Complete 
| 220|0x00000000edc00000, 0x00000000edd00000, 0x00000000edd00000|100%| E|CS|TAMS 0x00000000edc00000, 0x00000000edc00000| Complete 
| 221|0x00000000edd00000, 0x00000000ede00000, 0x00000000ede00000|100%| E|CS|TAMS 0x00000000edd00000, 0x00000000edd00000| Complete 
| 222|0x00000000ede00000, 0x00000000edf00000, 0x00000000edf00000|100%| E|CS|TAMS 0x00000000ede00000, 0x00000000ede00000| Complete 
| 223|0x00000000edf00000, 0x00000000ee000000, 0x00000000ee000000|100%| E|CS|TAMS 0x00000000edf00000, 0x00000000edf00000| Complete 
| 224|0x00000000ee000000, 0x00000000ee100000, 0x00000000ee100000|100%| E|CS|TAMS 0x00000000ee000000, 0x00000000ee000000| Complete 
| 225|0x00000000ee100000, 0x00000000ee200000, 0x00000000ee200000|100%| E|CS|TAMS 0x00000000ee100000, 0x00000000ee100000| Complete 
| 226|0x00000000ee200000, 0x00000000ee300000, 0x00000000ee300000|100%| E|CS|TAMS 0x00000000ee200000, 0x00000000ee200000| Complete 
| 227|0x00000000ee300000, 0x00000000ee400000, 0x00000000ee400000|100%| E|CS|TAMS 0x00000000ee300000, 0x00000000ee300000| Complete 
| 228|0x00000000ee400000, 0x00000000ee500000, 0x00000000ee500000|100%| E|CS|TAMS 0x00000000ee400000, 0x00000000ee400000| Complete 
| 229|0x00000000ee500000, 0x00000000ee600000, 0x00000000ee600000|100%| E|CS|TAMS 0x00000000ee500000, 0x00000000ee500000| Complete 
| 230|0x00000000ee600000, 0x00000000ee700000, 0x00000000ee700000|100%| E|CS|TAMS 0x00000000ee600000, 0x00000000ee600000| Complete 
| 231|0x00000000ee700000, 0x00000000ee800000, 0x00000000ee800000|100%| E|CS|TAMS 0x00000000ee700000, 0x00000000ee700000| Complete 
| 232|0x00000000ee800000, 0x00000000ee900000, 0x00000000ee900000|100%| E|CS|TAMS 0x00000000ee800000, 0x00000000ee800000| Complete 
| 233|0x00000000ee900000, 0x00000000eea00000, 0x00000000eea00000|100%| E|CS|TAMS 0x00000000ee900000, 0x00000000ee900000| Complete 
| 234|0x00000000eea00000, 0x00000000eeb00000, 0x00000000eeb00000|100%| E|CS|TAMS 0x00000000eea00000, 0x00000000eea00000| Complete 
| 235|0x00000000eeb00000, 0x00000000eec00000, 0x00000000eec00000|100%| E|CS|TAMS 0x00000000eeb00000, 0x00000000eeb00000| Complete 
| 236|0x00000000eec00000, 0x00000000eed00000, 0x00000000eed00000|100%| E|CS|TAMS 0x00000000eec00000, 0x00000000eec00000| Complete 
| 237|0x00000000eed00000, 0x00000000eee00000, 0x00000000eee00000|100%| E|CS|TAMS 0x00000000eed00000, 0x00000000eed00000| Complete 
| 238|0x00000000eee00000, 0x00000000eef00000, 0x00000000eef00000|100%| E|CS|TAMS 0x00000000eee00000, 0x00000000eee00000| Complete 
| 239|0x00000000eef00000, 0x00000000ef000000, 0x00000000ef000000|100%| E|CS|TAMS 0x00000000eef00000, 0x00000000eef00000| Complete 
| 240|0x00000000ef000000, 0x00000000ef100000, 0x00000000ef100000|100%| E|CS|TAMS 0x00000000ef000000, 0x00000000ef000000| Complete 
| 241|0x00000000ef100000, 0x00000000ef200000, 0x00000000ef200000|100%| E|CS|TAMS 0x00000000ef100000, 0x00000000ef100000| Complete 
| 242|0x00000000ef200000, 0x00000000ef300000, 0x00000000ef300000|100%| E|CS|TAMS 0x00000000ef200000, 0x00000000ef200000| Complete 
| 243|0x00000000ef300000, 0x00000000ef400000, 0x00000000ef400000|100%| E|CS|TAMS 0x00000000ef300000, 0x00000000ef300000| Complete 
| 244|0x00000000ef400000, 0x00000000ef500000, 0x00000000ef500000|100%| E|CS|TAMS 0x00000000ef400000, 0x00000000ef400000| Complete 
| 245|0x00000000ef500000, 0x00000000ef600000, 0x00000000ef600000|100%| E|CS|TAMS 0x00000000ef500000, 0x00000000ef500000| Complete 
| 246|0x00000000ef600000, 0x00000000ef700000, 0x00000000ef700000|100%| E|CS|TAMS 0x00000000ef600000, 0x00000000ef600000| Complete 
| 247|0x00000000ef700000, 0x00000000ef800000, 0x00000000ef800000|100%| E|CS|TAMS 0x00000000ef700000, 0x00000000ef700000| Complete 
| 248|0x00000000ef800000, 0x00000000ef900000, 0x00000000ef900000|100%| E|CS|TAMS 0x00000000ef800000, 0x00000000ef800000| Complete 
| 249|0x00000000ef900000, 0x00000000efa00000, 0x00000000efa00000|100%| E|CS|TAMS 0x00000000ef900000, 0x00000000ef900000| Complete 
| 250|0x00000000efa00000, 0x00000000efb00000, 0x00000000efb00000|100%| E|CS|TAMS 0x00000000efa00000, 0x00000000efa00000| Complete 
| 251|0x00000000efb00000, 0x00000000efc00000, 0x00000000efc00000|100%| E|CS|TAMS 0x00000000efb00000, 0x00000000efb00000| Complete 
| 252|0x00000000efc00000, 0x00000000efd00000, 0x00000000efd00000|100%| E|CS|TAMS 0x00000000efc00000, 0x00000000efc00000| Complete 
| 253|0x00000000efd00000, 0x00000000efe00000, 0x00000000efe00000|100%| E|CS|TAMS 0x00000000efd00000, 0x00000000efd00000| Complete 
| 254|0x00000000efe00000, 0x00000000eff00000, 0x00000000eff00000|100%| E|CS|TAMS 0x00000000efe00000, 0x00000000efe00000| Complete 
| 255|0x00000000eff00000, 0x00000000f0000000, 0x00000000f0000000|100%| E|CS|TAMS 0x00000000eff00000, 0x00000000eff00000| Complete 

Card table byte_map: [0x00000168c1cc0000,0x00000168c1dc0000] _byte_map_base: 0x00000168c15c0000

Marking Bits (Prev, Next): (CMBitMap*) 0x00000168a9115b80, (CMBitMap*) 0x00000168a9115bc0
 Prev Bits: [0x00000168c1ec0000, 0x00000168c26c0000)
 Next Bits: [0x00000168c26c0000, 0x00000168c2ec0000)

Polling page: 0x00000168b2130000

Metaspace:

Usage:
  Non-class:     44.37 MB used.
      Class:      7.34 MB used.
       Both:     51.71 MB used.

Virtual space:
  Non-class space:       64.00 MB reserved,      44.69 MB ( 70%) committed,  1 nodes.
      Class space:      320.00 MB reserved,       7.56 MB (  2%) committed,  1 nodes.
             Both:      384.00 MB reserved,      52.25 MB ( 14%) committed. 

Chunk freelists:
   Non-Class:  2.77 MB
       Class:  8.39 MB
        Both:  11.16 MB

MaxMetaspaceSize: 384.00 MB
CompressedClassSpaceSize: 320.00 MB
Initial GC threshold: 21.00 MB
Current GC threshold: 58.88 MB
CDS: on
MetaspaceReclaimPolicy: balanced
 - commit_granule_bytes: 65536.
 - commit_granule_words: 8192.
 - virtual_space_node_default_size: 8388608.
 - enlarge_chunks_in_place: 1.
 - new_chunks_are_fully_committed: 0.
 - uncommit_free_chunks: 1.
 - use_allocation_guard: 0.
 - handle_deallocations: 1.


Internal statistics:

num_allocs_failed_limit: 6.
num_arena_births: 620.
num_arena_deaths: 0.
num_vsnodes_births: 2.
num_vsnodes_deaths: 0.
num_space_committed: 836.
num_space_uncommitted: 0.
num_chunks_returned_to_freelist: 6.
num_chunks_taken_from_freelist: 2817.
num_chunk_merges: 6.
num_chunk_splits: 1812.
num_chunks_enlarged: 1199.
num_inconsistent_stats: 0.

CodeHeap 'non-profiled nmethods': size=120000Kb used=3353Kb max_used=3353Kb free=116646Kb
 bounds [0x00000168b9c20000, 0x00000168b9f70000, 0x00000168c1150000]
CodeHeap 'profiled nmethods': size=120000Kb used=11443Kb max_used=11443Kb free=108556Kb
 bounds [0x00000168b2150000, 0x00000168b2c80000, 0x00000168b9680000]
CodeHeap 'non-nmethods': size=5760Kb used=2350Kb max_used=2392Kb free=3410Kb
 bounds [0x00000168b9680000, 0x00000168b98f0000, 0x00000168b9c20000]
 total_blobs=6673 nmethods=5818 adapters=767
 compilation: enabled
              stopped_count=0, restarted_count=0
 full_count=0

Compilation events (20 events):
Event: 51.555 Thread 0x00000168c5af80e0 6620       3       java.beans.PropertyDescriptor::getPropertyEditorClass (22 bytes)
Event: 51.555 Thread 0x00000168c5af80e0 nmethod 6620 0x00000168b2c74c90 code [0x00000168b2c74e40, 0x00000168b2c75188]
Event: 51.566 Thread 0x00000168c5af80e0 6622       1       groovy.lang.GroovyObjectSupport::getMetaClass (5 bytes)
Event: 51.566 Thread 0x00000168c5af80e0 nmethod 6622 0x00000168b9d46690 code [0x00000168b9d46820, 0x00000168b9d468f8]
Event: 51.567 Thread 0x00000168c5af80e0 6623       3       java.util.stream.SpinedBuffer::capacity (38 bytes)
Event: 51.567 Thread 0x00000168c5af80e0 nmethod 6623 0x00000168b2c75290 code [0x00000168b2c75440, 0x00000168b2c75638]
Event: 51.569 Thread 0x00000168c5af80e0 6624       3       com.google.common.collect.MapMakerInternalMap$StrongKeyWeakValueSegment::maybeDrainReferenceQueues (9 bytes)
Event: 51.569 Thread 0x00000168c5af80e0 nmethod 6624 0x00000168b2c75790 code [0x00000168b2c75920, 0x00000168b2c75ae8]
Event: 51.569 Thread 0x00000168c5af80e0 6625       3       com.google.common.collect.MapMakerInternalMap$Segment::drainValueReferenceQueue (42 bytes)
Event: 51.570 Thread 0x00000168c5af80e0 nmethod 6625 0x00000168b2c75b90 code [0x00000168b2c75d80, 0x00000168b2c76358]
Event: 51.570 Thread 0x00000168c5af80e0 6626       3       com.google.common.collect.MapMakerInternalMap$StrongKeyWeakValueEntry$Helper::newEntry (16 bytes)
Event: 51.570 Thread 0x00000168c5af80e0 nmethod 6626 0x00000168b2c76590 code [0x00000168b2c76740, 0x00000168b2c76a68]
Event: 51.575 Thread 0x00000168c5af80e0 6627       3       org.codehaus.groovy.reflection.ClassInfo$LazyCachedClassRef::initValue (5 bytes)
Event: 51.576 Thread 0x00000168c5af80e0 nmethod 6627 0x00000168b2c76b90 code [0x00000168b2c76d60, 0x00000168b2c77148]
Event: 51.576 Thread 0x00000168c5af80e0 6628       3       org.codehaus.groovy.reflection.ClassInfo$LazyCachedClassRef::initValue (21 bytes)
Event: 51.576 Thread 0x00000168c5af80e0 nmethod 6628 0x00000168b2c77310 code [0x00000168b2c774c0, 0x00000168b2c77828]
Event: 51.576 Thread 0x00000168c5af80e0 6630       3       org.codehaus.groovy.reflection.CachedClass$3::initValue (205 bytes)
Event: 51.578 Thread 0x00000168c5af80e0 nmethod 6630 0x00000168b2c77990 code [0x00000168b2c77da0, 0x00000168b2c79c18]
Event: 51.578 Thread 0x00000168c5af80e0 6629       3       org.codehaus.groovy.reflection.ClassInfo::access$300 (6 bytes)
Event: 51.578 Thread 0x00000168c5af80e0 nmethod 6629 0x00000168b2c7a890 code [0x00000168b2c7aa20, 0x00000168b2c7ab28]

GC Heap History (16 events):
Event: 0.543 GC heap before
{Heap before GC invocations=0 (full 0):
 garbage-first heap   total 262144K, used 22528K [0x00000000e0000000, 0x0000000100000000)
  region size 1024K, 23 young (23552K), 0 survivors (0K)
 Metaspace       used 1081K, committed 1216K, reserved 393216K
  class space    used 74K, committed 128K, reserved 327680K
}
Event: 0.551 GC heap after
{Heap after GC invocations=1 (full 0):
 garbage-first heap   total 262144K, used 2687K [0x00000000e0000000, 0x0000000100000000)
  region size 1024K, 3 young (3072K), 3 survivors (3072K)
 Metaspace       used 1081K, committed 1216K, reserved 393216K
  class space    used 74K, committed 128K, reserved 327680K
}
Event: 1.664 GC heap before
{Heap before GC invocations=1 (full 0):
 garbage-first heap   total 262144K, used 37503K [0x00000000e0000000, 0x0000000100000000)
  region size 1024K, 35 young (35840K), 3 survivors (3072K)
 Metaspace       used 4385K, committed 4544K, reserved 393216K
  class space    used 549K, committed 640K, reserved 327680K
}
Event: 1.670 GC heap after
{Heap after GC invocations=2 (full 0):
 garbage-first heap   total 262144K, used 10870K [0x00000000e0000000, 0x0000000100000000)
  region size 1024K, 5 young (5120K), 5 survivors (5120K)
 Metaspace       used 4385K, committed 4544K, reserved 393216K
  class space    used 549K, committed 640K, reserved 327680K
}
Event: 3.580 GC heap before
{Heap before GC invocations=2 (full 0):
 garbage-first heap   total 262144K, used 54902K [0x00000000e0000000, 0x0000000100000000)
  region size 1024K, 46 young (47104K), 5 survivors (5120K)
 Metaspace       used 4486K, committed 4608K, reserved 393216K
  class space    used 550K, committed 640K, reserved 327680K
}
Event: 3.586 GC heap after
{Heap after GC invocations=3 (full 0):
 garbage-first heap   total 262144K, used 16031K [0x00000000e0000000, 0x0000000100000000)
  region size 1024K, 4 young (4096K), 4 survivors (4096K)
 Metaspace       used 4486K, committed 4608K, reserved 393216K
  class space    used 550K, committed 640K, reserved 327680K
}
Event: 23.720 GC heap before
{Heap before GC invocations=3 (full 0):
 garbage-first heap   total 262144K, used 128671K [0x00000000e0000000, 0x0000000100000000)
  region size 1024K, 115 young (117760K), 4 survivors (4096K)
 Metaspace       used 21153K, committed 21504K, reserved 393216K
  class space    used 3081K, committed 3264K, reserved 327680K
}
Event: 24.225 GC heap after
{Heap after GC invocations=4 (full 0):
 garbage-first heap   total 262144K, used 23875K [0x00000000e0000000, 0x0000000100000000)
  region size 1024K, 12 young (12288K), 12 survivors (12288K)
 Metaspace       used 21153K, committed 21504K, reserved 393216K
  class space    used 3081K, committed 3264K, reserved 327680K
}
Event: 29.721 GC heap before
{Heap before GC invocations=5 (full 0):
 garbage-first heap   total 262144K, used 46403K [0x00000000e0000000, 0x0000000100000000)
  region size 1024K, 35 young (35840K), 12 survivors (12288K)
 Metaspace       used 24304K, committed 24640K, reserved 393216K
  class space    used 3593K, committed 3776K, reserved 327680K
}
Event: 29.745 GC heap after
{Heap after GC invocations=6 (full 0):
 garbage-first heap   total 262144K, used 25785K [0x00000000e0000000, 0x0000000100000000)
  region size 1024K, 2 young (2048K), 2 survivors (2048K)
 Metaspace       used 24304K, committed 24640K, reserved 393216K
  class space    used 3593K, committed 3776K, reserved 327680K
}
Event: 37.465 GC heap before
{Heap before GC invocations=6 (full 0):
 garbage-first heap   total 262144K, used 36025K [0x00000000e0000000, 0x0000000100000000)
  region size 1024K, 12 young (12288K), 2 survivors (2048K)
 Metaspace       used 25639K, committed 25984K, reserved 393216K
  class space    used 3818K, committed 3968K, reserved 327680K
}
Event: 37.476 GC heap after
{Heap after GC invocations=7 (full 0):
 garbage-first heap   total 262144K, used 25697K [0x00000000e0000000, 0x0000000100000000)
  region size 1024K, 2 young (2048K), 2 survivors (2048K)
 Metaspace       used 25639K, committed 25984K, reserved 393216K
  class space    used 3818K, committed 3968K, reserved 327680K
}
Event: 43.266 GC heap before
{Heap before GC invocations=7 (full 0):
 garbage-first heap   total 262144K, used 111713K [0x00000000e0000000, 0x0000000100000000)
  region size 1024K, 83 young (84992K), 2 survivors (2048K)
 Metaspace       used 35616K, committed 35968K, reserved 393216K
  class space    used 4939K, committed 5120K, reserved 327680K
}
Event: 43.281 GC heap after
{Heap after GC invocations=8 (full 0):
 garbage-first heap   total 262144K, used 32723K [0x00000000e0000000, 0x0000000100000000)
  region size 1024K, 9 young (9216K), 9 survivors (9216K)
 Metaspace       used 35616K, committed 35968K, reserved 393216K
  class space    used 4939K, committed 5120K, reserved 327680K
}
Event: 46.470 GC heap before
{Heap before GC invocations=9 (full 0):
 garbage-first heap   total 262144K, used 93139K [0x00000000e0000000, 0x0000000100000000)
  region size 1024K, 68 young (69632K), 9 survivors (9216K)
 Metaspace       used 41520K, committed 41984K, reserved 393216K
  class space    used 5883K, committed 6080K, reserved 327680K
}
Event: 46.480 GC heap after
{Heap after GC invocations=10 (full 0):
 garbage-first heap   total 262144K, used 35678K [0x00000000e0000000, 0x0000000100000000)
  region size 1024K, 4 young (4096K), 4 survivors (4096K)
 Metaspace       used 41520K, committed 41984K, reserved 393216K
  class space    used 5883K, committed 6080K, reserved 327680K
}

Deoptimization events (20 events):
Event: 50.563 Thread 0x00000168dffa2020 Uncommon trap: trap_request=0xffffff45 fr.pc=0x00000168b9d34454 relative=0x0000000000000154
Event: 50.563 Thread 0x00000168dffa2020 Uncommon trap: reason=unstable_if action=reinterpret pc=0x00000168b9d34454 method=org.objectweb.asm.ByteVector.putByteArray([BII)Lorg/objectweb/asm/ByteVector; @ 20 c2
Event: 50.563 Thread 0x00000168dffa2020 DEOPT PACKING pc=0x00000168b9d34454 sp=0x000000161b9f26c0
Event: 50.563 Thread 0x00000168dffa2020 DEOPT UNPACKING pc=0x00000168b96d5ba3 sp=0x000000161b9f2690 mode 2
Event: 50.563 Thread 0x00000168dffa2020 Uncommon trap: trap_request=0xffffff45 fr.pc=0x00000168b9c6ebbc relative=0x00000000000009fc
Event: 50.563 Thread 0x00000168dffa2020 Uncommon trap: reason=unstable_if action=reinterpret pc=0x00000168b9c6ebbc method=org.objectweb.asm.Label.resolve([BLorg/objectweb/asm/ByteVector;I)Z @ 81 c2
Event: 50.563 Thread 0x00000168dffa2020 DEOPT PACKING pc=0x00000168b9c6ebbc sp=0x000000161b9f26f0
Event: 50.564 Thread 0x00000168dffa2020 DEOPT UNPACKING pc=0x00000168b96d5ba3 sp=0x000000161b9f2618 mode 2
Event: 50.564 Thread 0x00000168dffa2020 Uncommon trap: trap_request=0xffffff45 fr.pc=0x00000168b9f4686c relative=0x000000000000024c
Event: 50.564 Thread 0x00000168dffa2020 Uncommon trap: reason=unstable_if action=reinterpret pc=0x00000168b9f4686c method=org.objectweb.asm.Label.resolve([BLorg/objectweb/asm/ByteVector;I)Z @ 81 c2
Event: 50.564 Thread 0x00000168dffa2020 DEOPT PACKING pc=0x00000168b9f4686c sp=0x000000161b9f2670
Event: 50.564 Thread 0x00000168dffa2020 DEOPT UNPACKING pc=0x00000168b96d5ba3 sp=0x000000161b9f2600 mode 2
Event: 50.564 Thread 0x00000168dffa2020 Uncommon trap: trap_request=0xffffff45 fr.pc=0x00000168b9cd2a10 relative=0x0000000000000110
Event: 50.564 Thread 0x00000168dffa2020 Uncommon trap: reason=unstable_if action=reinterpret pc=0x00000168b9cd2a10 method=org.objectweb.asm.ByteVector.putInt(I)Lorg/objectweb/asm/ByteVector; @ 13 c2
Event: 50.564 Thread 0x00000168dffa2020 DEOPT PACKING pc=0x00000168b9cd2a10 sp=0x000000161b9f2690
Event: 50.564 Thread 0x00000168dffa2020 DEOPT UNPACKING pc=0x00000168b96d5ba3 sp=0x000000161b9f2618 mode 2
Event: 50.574 Thread 0x00000168dffa2020 Uncommon trap: trap_request=0xffffffde fr.pc=0x00000168b9ef4fa4 relative=0x0000000000000d04
Event: 50.574 Thread 0x00000168dffa2020 Uncommon trap: reason=class_check action=maybe_recompile pc=0x00000168b9ef4fa4 method=java.lang.ClassLoader.getDefinedPackage(Ljava/lang/String;)Ljava/lang/Package; @ 16 c2
Event: 50.574 Thread 0x00000168dffa2020 DEOPT PACKING pc=0x00000168b9ef4fa4 sp=0x000000161b9f2e70
Event: 50.574 Thread 0x00000168dffa2020 DEOPT UNPACKING pc=0x00000168b96d5ba3 sp=0x000000161b9f2e38 mode 2

Classes unloaded (0 events):
No events

Classes redefined (0 events):
No events

Internal exceptions (20 events):
Event: 50.829 Thread 0x00000168dffa2020 Exception <a 'java/lang/ClassNotFoundException'{0x00000000e875ea38}: io/spring/gradle/dependencymanagement/internal/dsl/StandardImportsHandlerBeanInfo> (0x00000000e875ea38) 
thrown [s\open\src\hotspot\share\classfile\systemDictionary.cpp, line 256]
Event: 50.832 Thread 0x00000168dffa2020 Exception <a 'java/lang/ClassNotFoundException'{0x00000000e8767df8}: io/spring/gradle/dependencymanagement/internal/dsl/StandardImportsHandlerCustomizer> (0x00000000e8767df8) 
thrown [s\open\src\hotspot\share\classfile\systemDictionary.cpp, line 256]
Event: 51.410 Thread 0x00000168dffa2020 Exception <a 'java/lang/ClassNotFoundException'{0x00000000e86c0f48}: build_cre6kpoju4j8tayl7aw4bnfqyBeanInfo> (0x00000000e86c0f48) 
thrown [s\open\src\hotspot\share\classfile\systemDictionary.cpp, line 256]
Event: 51.410 Thread 0x00000168dffa2020 Exception <a 'java/lang/ClassNotFoundException'{0x00000000e86c8350}: build_cre6kpoju4j8tayl7aw4bnfqyCustomizer> (0x00000000e86c8350) 
thrown [s\open\src\hotspot\share\classfile\systemDictionary.cpp, line 256]
Event: 51.431 Thread 0x00000168dffa2020 Exception <a 'java/lang/ClassNotFoundException'{0x00000000e85bd0a0}: org/gradle/api/internal/project/DefaultProject_DecoratedBeanInfo> (0x00000000e85bd0a0) 
thrown [s\open\src\hotspot\share\classfile\systemDictionary.cpp, line 256]
Event: 51.435 Thread 0x00000168dffa2020 Exception <a 'java/lang/ClassNotFoundException'{0x00000000e85cf278}: org/gradle/api/internal/project/DefaultProjectBeanInfo> (0x00000000e85cf278) 
thrown [s\open\src\hotspot\share\classfile\systemDictionary.cpp, line 256]
Event: 51.436 Thread 0x00000168dffa2020 Exception <a 'java/lang/ClassNotFoundException'{0x00000000e85e1580}: org/gradle/api/internal/project/DefaultProjectCustomizer> (0x00000000e85e1580) 
thrown [s\open\src\hotspot\share\classfile\systemDictionary.cpp, line 256]
Event: 51.456 Thread 0x00000168dffa2020 Exception <a 'java/lang/ClassNotFoundException'{0x00000000e849a858}: org/gradle/api/internal/project/DefaultProject_DecoratedCustomizer> (0x00000000e849a858) 
thrown [s\open\src\hotspot\share\classfile\systemDictionary.cpp, line 256]
Event: 51.498 Thread 0x00000168dffa2020 Exception <a 'java/lang/ClassNotFoundException'{0x00000000e836cc50}: org/gradle/api/plugins/internal/DefaultJavaPluginExtension_DecoratedBeanInfo> (0x00000000e836cc50) 
thrown [s\open\src\hotspot\share\classfile\systemDictionary.cpp, line 256]
Event: 51.499 Thread 0x00000168dffa2020 Exception <a 'java/lang/ClassNotFoundException'{0x00000000e8384390}: org/gradle/api/plugins/internal/DefaultJavaPluginExtensionBeanInfo> (0x00000000e8384390) 
thrown [s\open\src\hotspot\share\classfile\systemDictionary.cpp, line 256]
Event: 51.500 Thread 0x00000168dffa2020 Exception <a 'java/lang/ClassNotFoundException'{0x00000000e839acc0}: org/gradle/api/plugins/internal/DefaultJavaPluginExtensionCustomizer> (0x00000000e839acc0) 
thrown [s\open\src\hotspot\share\classfile\systemDictionary.cpp, line 256]
Event: 51.505 Thread 0x00000168dffa2020 Exception <a 'java/lang/ClassNotFoundException'{0x00000000e83d4400}: org/gradle/api/plugins/internal/DefaultJavaPluginExtension_DecoratedCustomizer> (0x00000000e83d4400) 
thrown [s\open\src\hotspot\share\classfile\systemDictionary.cpp, line 256]
Event: 51.517 Thread 0x00000168dffa2020 Exception <a 'java/lang/ClassNotFoundException'{0x00000000e822bc10}: org/gradle/jvm/toolchain/JavaLanguageVersionBeanInfo> (0x00000000e822bc10) 
thrown [s\open\src\hotspot\share\classfile\systemDictionary.cpp, line 256]
Event: 51.519 Thread 0x00000168dffa2020 Exception <a 'java/lang/ClassNotFoundException'{0x00000000e8240bf0}: org/gradle/jvm/toolchain/JavaLanguageVersionCustomizer> (0x00000000e8240bf0) 
thrown [s\open\src\hotspot\share\classfile\systemDictionary.cpp, line 256]
Event: 51.541 Thread 0x00000168dffa2020 Exception <a 'java/lang/ClassNotFoundException'{0x00000000e82851a0}: org/gradle/jvm/toolchain/internal/DefaultToolchainSpec_DecoratedBeanInfo> (0x00000000e82851a0) 
thrown [s\open\src\hotspot\share\classfile\systemDictionary.cpp, line 256]
Event: 51.542 Thread 0x00000168dffa2020 Exception <a 'java/lang/ClassNotFoundException'{0x00000000e829b750}: org/gradle/jvm/toolchain/internal/DefaultToolchainSpecBeanInfo> (0x00000000e829b750) 
thrown [s\open\src\hotspot\share\classfile\systemDictionary.cpp, line 256]
Event: 51.543 Thread 0x00000168dffa2020 Exception <a 'java/lang/ClassNotFoundException'{0x00000000e82b1e28}: org/gradle/jvm/toolchain/internal/DefaultToolchainSpecCustomizer> (0x00000000e82b1e28) 
thrown [s\open\src\hotspot\share\classfile\systemDictionary.cpp, line 256]
Event: 51.552 Thread 0x00000168dffa2020 Exception <a 'java/lang/ClassNotFoundException'{0x00000000e82d1080}: org/gradle/jvm/toolchain/internal/DefaultToolchainSpec_DecoratedCustomizer> (0x00000000e82d1080) 
thrown [s\open\src\hotspot\share\classfile\systemDictionary.cpp, line 256]
Event: 51.569 Thread 0x00000168dffa2020 Exception <a 'java/lang/ClassNotFoundException'{0x00000000e811e1e8}: org/gradle/api/internal/NamedDomainObjectContainerConfigureDelegateBeanInfo> (0x00000000e811e1e8) 
thrown [s\open\src\hotspot\share\classfile\systemDictionary.cpp, line 256]
Event: 51.573 Thread 0x00000168dffa2020 Exception <a 'java/lang/ClassNotFoundException'{0x00000000e81308d0}: org/gradle/api/internal/NamedDomainObjectContainerConfigureDelegateCustomizer> (0x00000000e81308d0) 
thrown [s\open\src\hotspot\share\classfile\systemDictionary.cpp, line 256]

VM Operations (20 events):
Event: 46.573 Executing VM operation: HandshakeAllThreads
Event: 46.573 Executing VM operation: HandshakeAllThreads done
Event: 46.589 Executing VM operation: HandshakeAllThreads
Event: 46.589 Executing VM operation: HandshakeAllThreads done
Event: 46.818 Executing VM operation: HandshakeAllThreads
Event: 46.818 Executing VM operation: HandshakeAllThreads done
Event: 47.124 Executing VM operation: HandshakeAllThreads
Event: 47.124 Executing VM operation: HandshakeAllThreads done
Event: 47.411 Executing VM operation: ICBufferFull
Event: 47.412 Executing VM operation: ICBufferFull done
Event: 48.263 Executing VM operation: HandshakeAllThreads
Event: 48.264 Executing VM operation: HandshakeAllThreads done
Event: 49.183 Executing VM operation: ICBufferFull
Event: 49.183 Executing VM operation: ICBufferFull done
Event: 49.371 Executing VM operation: ICBufferFull
Event: 49.372 Executing VM operation: ICBufferFull done
Event: 49.865 Executing VM operation: ICBufferFull
Event: 49.882 Executing VM operation: ICBufferFull done
Event: 50.746 Executing VM operation: ICBufferFull
Event: 50.746 Executing VM operation: ICBufferFull done

Events (20 events):
Event: 49.711 loading class java/util/regex/Pattern$SliceI
Event: 49.711 loading class java/util/regex/Pattern$SliceI done
Event: 49.755 Thread 0x00000168e3393fd0 Thread added: 0x00000168e3393fd0
Event: 50.442 Thread 0x00000168df6c68b0 Thread exited: 0x00000168df6c68b0
Event: 50.696 Thread 0x00000168df6c68b0 Thread added: 0x00000168df6c68b0
Event: 50.773 loading class java/util/stream/ReduceOps$5
Event: 50.774 loading class java/util/stream/ReduceOps$5 done
Event: 50.774 loading class java/util/stream/ReduceOps$CountingSink$OfRef
Event: 50.774 loading class java/util/stream/ReduceOps$CountingSink
Event: 50.774 loading class java/util/stream/ReduceOps$CountingSink done
Event: 50.774 loading class java/util/stream/ReduceOps$CountingSink$OfRef done
Event: 50.968 Thread 0x00000168df6c68b0 Thread exited: 0x00000168df6c68b0
Event: 51.443 loading class sun/reflect/generics/tree/BooleanSignature
Event: 51.443 loading class sun/reflect/generics/tree/BooleanSignature done
Event: 51.470 loading class org/xml/sax/Locator
Event: 51.470 loading class org/xml/sax/Locator done
Event: 51.470 loading class org/xml/sax/SAXParseException
Event: 51.470 loading class org/xml/sax/SAXParseException done
Event: 51.471 loading class org/xml/sax/Attributes
Event: 51.471 loading class org/xml/sax/Attributes done


Dynamic libraries:
0x00007ff72efb0000 - 0x00007ff72efc0000 	D:\downApp\bin\java.exe
0x00007ff9082d0000 - 0x00007ff9084e7000 	C:\WINDOWS\SYSTEM32\ntdll.dll
0x00007ff907cf0000 - 0x00007ff907db4000 	C:\WINDOWS\System32\KERNEL32.DLL
0x00007ff905960000 - 0x00007ff905d33000 	C:\WINDOWS\System32\KERNELBASE.dll
0x00007ff905620000 - 0x00007ff905731000 	C:\WINDOWS\System32\ucrtbase.dll
0x00007ff8f6350000 - 0x00007ff8f6369000 	D:\downApp\bin\jli.dll
0x00007ff8e4fa0000 - 0x00007ff8e4fbb000 	D:\downApp\bin\VCRUNTIME140.dll
0x00007ff907c00000 - 0x00007ff907cb1000 	C:\WINDOWS\System32\ADVAPI32.dll
0x00007ff907b20000 - 0x00007ff907bc7000 	C:\WINDOWS\System32\msvcrt.dll
0x00007ff905f70000 - 0x00007ff906018000 	C:\WINDOWS\System32\sechost.dll
0x00007ff9053e0000 - 0x00007ff905408000 	C:\WINDOWS\System32\bcrypt.dll
0x00007ff906150000 - 0x00007ff906264000 	C:\WINDOWS\System32\RPCRT4.dll
0x00007ff907610000 - 0x00007ff9077c1000 	C:\WINDOWS\System32\USER32.dll
0x00007ff905f40000 - 0x00007ff905f66000 	C:\WINDOWS\System32\win32u.dll
0x00007ff8fae80000 - 0x00007ff8fb118000 	C:\WINDOWS\WinSxS\amd64_microsoft.windows.common-controls_6595b64144ccf1df_6.0.22621.5124_none_270e8f4f7386d69d\COMCTL32.dll
0x00007ff907bd0000 - 0x00007ff907bf9000 	C:\WINDOWS\System32\GDI32.dll
0x00007ff9057c0000 - 0x00007ff9058db000 	C:\WINDOWS\System32\gdi32full.dll
0x00007ff905580000 - 0x00007ff90561a000 	C:\WINDOWS\System32\msvcp_win.dll
0x00007ff8fe930000 - 0x00007ff8fe93a000 	C:\WINDOWS\SYSTEM32\VERSION.dll
0x00007ff906270000 - 0x00007ff9062a1000 	C:\WINDOWS\System32\IMM32.DLL
0x00007ff8e4f90000 - 0x00007ff8e4f9c000 	D:\downApp\bin\vcruntime140_1.dll
0x00007ff8e4fc0000 - 0x00007ff8e504e000 	D:\downApp\bin\msvcp140.dll
0x00007ff8a0ca0000 - 0x00007ff8a1881000 	D:\downApp\bin\server\jvm.dll
0x00007ff906540000 - 0x00007ff906548000 	C:\WINDOWS\System32\PSAPI.DLL
0x00007ff8f99c0000 - 0x00007ff8f99f4000 	C:\WINDOWS\SYSTEM32\WINMM.dll
0x00007ff8f6950000 - 0x00007ff8f6959000 	C:\WINDOWS\SYSTEM32\WSOCK32.dll
0x00007ff908190000 - 0x00007ff908201000 	C:\WINDOWS\System32\WS2_32.dll
0x00007ff9044d0000 - 0x00007ff9044e8000 	C:\WINDOWS\SYSTEM32\kernel.appcore.dll
0x00007ff8f68f0000 - 0x00007ff8f68fa000 	D:\downApp\bin\jimage.dll
0x00007ff902950000 - 0x00007ff902b82000 	C:\WINDOWS\SYSTEM32\DBGHELP.DLL
0x00007ff906550000 - 0x00007ff9068e2000 	C:\WINDOWS\System32\combase.dll
0x00007ff9062b0000 - 0x00007ff906387000 	C:\WINDOWS\System32\OLEAUT32.dll
0x00007ff8f2700000 - 0x00007ff8f2732000 	C:\WINDOWS\SYSTEM32\dbgcore.DLL
0x00007ff905740000 - 0x00007ff9057bb000 	C:\WINDOWS\System32\bcryptPrimitives.dll
0x00007ff8f6320000 - 0x00007ff8f632e000 	D:\downApp\bin\instrument.dll
0x00007ff8f0310000 - 0x00007ff8f0335000 	D:\downApp\bin\java.dll
0x00007ff8cfd40000 - 0x00007ff8cfe17000 	D:\downApp\bin\jsvml.dll
0x00007ff9068f0000 - 0x00007ff907186000 	C:\WINDOWS\System32\SHELL32.dll
0x00007ff905e00000 - 0x00007ff905f3f000 	C:\WINDOWS\System32\wintypes.dll
0x00007ff9032c0000 - 0x00007ff903bda000 	C:\WINDOWS\SYSTEM32\windows.storage.dll
0x00007ff9077d0000 - 0x00007ff9078da000 	C:\WINDOWS\System32\SHCORE.dll
0x00007ff908210000 - 0x00007ff908273000 	C:\WINDOWS\System32\shlwapi.dll
0x00007ff905310000 - 0x00007ff90533b000 	C:\WINDOWS\SYSTEM32\profapi.dll
0x00007ff8f53e0000 - 0x00007ff8f53f8000 	D:\downApp\bin\zip.dll
0x00007ff8f18f0000 - 0x00007ff8f1909000 	D:\downApp\bin\net.dll
0x00007ff8ff6e0000 - 0x00007ff8ff80c000 	C:\WINDOWS\SYSTEM32\WINHTTP.dll
0x00007ff904940000 - 0x00007ff9049aa000 	C:\WINDOWS\system32\mswsock.dll
0x00007ff8f0490000 - 0x00007ff8f04a6000 	D:\downApp\bin\nio.dll
0x00007ff8f45c0000 - 0x00007ff8f45d0000 	D:\downApp\bin\verify.dll
0x00007ff8da920000 - 0x00007ff8da947000 	C:\Users\ASUS\.gradle\native\1def1411415f61bf3af743bc5b6707747c0891f09f0c88961ee8f79bc544acac\windows-amd64\native-platform.dll
0x00007ff8b3960000 - 0x00007ff8b39d8000 	C:\Users\ASUS\.gradle\native\0.2.7\x86_64-windows-gnu\gradle-fileevents.dll
0x00007ff8f1ce0000 - 0x00007ff8f1cea000 	D:\downApp\bin\management.dll
0x00007ff8f14f0000 - 0x00007ff8f14fb000 	D:\downApp\bin\management_ext.dll
0x00007ff903ef0000 - 0x00007ff903f1d000 	C:\WINDOWS\SYSTEM32\IPHLPAPI.DLL
0x00007ff907aa0000 - 0x00007ff907aa9000 	C:\WINDOWS\System32\NSI.dll
0x00007ff8fee10000 - 0x00007ff8fee29000 	C:\WINDOWS\SYSTEM32\dhcpcsvc6.DLL
0x00007ff8fedc0000 - 0x00007ff8feddf000 	C:\WINDOWS\SYSTEM32\dhcpcsvc.DLL
0x00007ff903f20000 - 0x00007ff904022000 	C:\WINDOWS\SYSTEM32\DNSAPI.dll
0x00007ff904b70000 - 0x00007ff904b8b000 	C:\WINDOWS\SYSTEM32\CRYPTSP.dll
0x00007ff904420000 - 0x00007ff904457000 	C:\WINDOWS\system32\rsaenh.dll
0x00007ff904a00000 - 0x00007ff904a28000 	C:\WINDOWS\SYSTEM32\USERENV.dll
0x00007ff904b60000 - 0x00007ff904b6c000 	C:\WINDOWS\SYSTEM32\CRYPTBASE.dll
0x00007ff8f1470000 - 0x00007ff8f147e000 	D:\downApp\bin\sunmscapi.dll
0x00007ff905410000 - 0x00007ff905577000 	C:\WINDOWS\System32\CRYPT32.dll
0x00007ff904d70000 - 0x00007ff904d9d000 	C:\WINDOWS\SYSTEM32\ncrypt.dll
0x00007ff904d30000 - 0x00007ff904d67000 	C:\WINDOWS\SYSTEM32\NTASN1.dll
0x00007ff8cbc90000 - 0x00007ff8cbc98000 	C:\WINDOWS\system32\wshunix.dll

dbghelp: loaded successfully - version: 4.0.5 - missing functions: none
symbol engine: initialized successfully - sym options: 0x614 - pdb path: .;D:\downApp\bin;C:\WINDOWS\SYSTEM32;C:\WINDOWS\WinSxS\amd64_microsoft.windows.common-controls_6595b64144ccf1df_6.0.22621.5124_none_270e8f4f7386d69d;D:\downApp\bin\server;C:\Users\ASUS\.gradle\native\1def1411415f61bf3af743bc5b6707747c0891f09f0c88961ee8f79bc544acac\windows-amd64;C:\Users\ASUS\.gradle\native\0.2.7\x86_64-windows-gnu

VM Arguments:
jvm_args: --add-opens=java.base/java.lang=ALL-UNNAMED --add-opens=java.base/java.lang.invoke=ALL-UNNAMED --add-opens=java.base/java.util=ALL-UNNAMED --add-opens=java.prefs/java.util.prefs=ALL-UNNAMED --add-exports=jdk.compiler/com.sun.tools.javac.api=ALL-UNNAMED --add-exports=jdk.compiler/com.sun.tools.javac.util=ALL-UNNAMED --add-opens=java.base/java.util=ALL-UNNAMED --add-opens=java.prefs/java.util.prefs=ALL-UNNAMED --add-opens=java.base/java.nio.charset=ALL-UNNAMED --add-opens=java.base/java.net=ALL-UNNAMED --add-opens=java.base/java.util.concurrent.atomic=ALL-UNNAMED --add-opens=java.xml/javax.xml.namespace=ALL-UNNAMED -XX:MaxMetaspaceSize=384m -XX:+HeapDumpOnOutOfMemoryError -Xms256m -Xmx512m -Dfile.encoding=UTF-8 -Duser.country=US -Duser.language=en -Duser.variant -javaagent:C:\Users\ASUS\.gradle\wrapper\dists\gradle-8.13-bin\5xuhj0ry160q40clulazy9h7d\gradle-8.13\lib\agents\gradle-instrumentation-agent-8.13.jar 
java_command: org.gradle.launcher.daemon.bootstrap.GradleDaemon 8.13
java_class_path (initial): C:\Users\ASUS\.gradle\wrapper\dists\gradle-8.13-bin\5xuhj0ry160q40clulazy9h7d\gradle-8.13\lib\gradle-daemon-main-8.13.jar
Launcher Type: SUN_STANDARD

[Global flags]
     intx CICompilerCount                          = 4                                         {product} {ergonomic}
   size_t CompressedClassSpaceSize                 = 335544320                                 {product} {ergonomic}
     uint ConcGCThreads                            = 2                                         {product} {ergonomic}
     uint G1ConcRefinementThreads                  = 8                                         {product} {ergonomic}
   size_t G1HeapRegionSize                         = 1048576                                   {product} {ergonomic}
    uintx GCDrainStackTargetSize                   = 64                                        {product} {ergonomic}
     bool HeapDumpOnOutOfMemoryError               = true                                   {manageable} {command line}
   size_t InitialHeapSize                          = 268435456                                 {product} {command line}
   size_t MarkStackSize                            = 4194304                                   {product} {ergonomic}
   size_t MaxHeapSize                              = 536870912                                 {product} {command line}
   size_t MaxMetaspaceSize                         = 402653184                                 {product} {command line}
   size_t MaxNewSize                               = 321912832                                 {product} {ergonomic}
   size_t MinHeapDeltaBytes                        = 1048576                                   {product} {ergonomic}
   size_t MinHeapSize                              = 268435456                                 {product} {command line}
    uintx NonNMethodCodeHeapSize                   = 5839372                                {pd product} {ergonomic}
    uintx NonProfiledCodeHeapSize                  = 122909434                              {pd product} {ergonomic}
    uintx ProfiledCodeHeapSize                     = 122909434                              {pd product} {ergonomic}
    uintx ReservedCodeCacheSize                    = 251658240                              {pd product} {ergonomic}
     bool SegmentedCodeCache                       = true                                      {product} {ergonomic}
   size_t SoftMaxHeapSize                          = 536870912                              {manageable} {ergonomic}
     bool UseCompressedClassPointers               = true                           {product lp64_product} {ergonomic}
     bool UseCompressedOops                        = true                           {product lp64_product} {ergonomic}
     bool UseG1GC                                  = true                                      {product} {ergonomic}
     bool UseLargePagesIndividualAllocation        = false                                  {pd product} {ergonomic}

Logging:
Log output configuration:
 #0: stdout all=warning uptime,level,tags
 #1: stderr all=off uptime,level,tags

Environment Variables:
JAVA_HOME=D:\downApp
PATH=C:\Program Files\Common Files\Oracle\Java\javapath;D:\downApp\Scripts\;D:\downApp\;C:\Program Files\Microsoft MPI\Bin\;C:\Program Files (x86)\Common Files\Oracle\Java\javapath;C:\Windows\system32;C:\Windows;C:\Windows\System32\Wbem;C:\Windows\System32\WindowsPowerShell\v1.0\;C:\Windows\System32\OpenSSH\;C:\Program Files (x86)\NVIDIA Corporation\PhysX\Common;C:\Program Files\NVIDIA Corporation\NVIDIA NvDLISR;C:\WINDOWS\system32;C:\WINDOWS;C:\WINDOWS\System32\Wbem;C:\WINDOWS\System32\WindowsPowerShell\v1.0\;C:\WINDOWS\System32\OpenSSH\;C:\MinGW\bin;C:\Program Files\dotnet\;C:\Program Files\Microsoft SQL Server\150\Tools\Binn\;C:\Program Files\Microsoft SQL Server\Client SDK\ODBC\170\Tools\Binn\;C:\Program Files (x86)\Microsoft SQL Server\150\Tools\Binn\;C:\Program Files\Microsoft SQL Server\150\DTS\Binn\;C:\Program Files\Azure Data Studio\bin;C:\WINDOWS\system32;C:\WINDOWS;C:\WINDOWS\System32\Wbem;C:\WINDOWS\System32\WindowsPowerShell\v1.0\;C:\WINDOWS\System32\OpenSSH\;C:\laragon\bin\php\php-8.1.10-Win32-vs16-x64;D:\Git\Git\cmd;D:\laragon\laragon\bin\php\php-8.1.10-Win32-vs16-x64;D:\laragon\laragon;C:\Program Files (x86)\Microsoft SQL Server\160\Tools\Binn\;C:\Program Files\Microsoft SQL Server\160\Tools\Binn\;C:\Program Files\Microsoft SQL Server\160\DTS\Binn\;C:\Program Files\Java\apache-maven-3.9.9\bin;C:\Program Files\MySQL\MySQL Shell 8.0\bin\;C:\Users\ASUS\AppData\Local\Programs\Python\Python312\Scripts\;C:\Users\ASUS\AppData\Local\Programs\Python\Python312\;C:\Users\ASUS\AppData\Local\Programs\Python\Python311\Scripts\;C:\Users\ASUS\AppData\Local\Programs\Python\Python311\;D:\python\Scripts\;D:\python\;C:\Users\ASUS\AppData\Local\Microsoft\WindowsApps;D:\Microsoft VS Code\bin;C:\Program Files (x86)\Dev-Cpp\MinGW64\bin;C:\msys64\mingw64\bin;C:\Users\ASUS\.dotnet\tools;C:\Program Files\Azure Data Studio\bin;C:\Users\ASUS\AppData\Local\JetBrains\Toolbox\scripts;C:\Users\ASUS\AppData\Roaming\Composer\vendor\bin;C:\Users\ASUS\AppData\Local\Microsoft\WindowsApps;D:
USERNAME=ASUS
OS=Windows_NT
PROCESSOR_IDENTIFIER=Intel64 Family 6 Model 140 Stepping 1, GenuineIntel



---------------  S Y S T E M  ---------------

OS:
 Windows 11 , 64 bit Build 22621 (10.0.22621.5124)
OS uptime: 6 days 11:06 hours
Hyper-V role detected

CPU: total 8 (initial active 8) (4 cores per cpu, 2 threads per core) family 6 model 140 stepping 1 microcode 0x86, cx8, cmov, fxsr, ht, mmx, 3dnowpref, sse, sse2, sse3, ssse3, sse4.1, sse4.2, popcnt, lzcnt, tsc, tscinvbit, avx, avx2, aes, erms, clmul, bmi1, bmi2, adx, avx512f, avx512dq, avx512cd, avx512bw, avx512vl, sha, fma, vzeroupper, avx512_vpopcntdq, avx512_vpclmulqdq, avx512_vaes, avx512_vnni, clflush, clflushopt, clwb, avx512_vbmi2, avx512_vbmi, hv

Memory: 4k page, system-wide physical 7883M (511M free)
TotalPageFile size 28638M (AvailPageFile size 11M)
current process WorkingSet (physical memory assigned to process): 290M, peak: 290M
current process commit charge ("private bytes"): 472M, peak: 482M

vm_info: Java HotSpot(TM) 64-Bit Server VM (17.0.9+11-LTS-201) for windows-amd64 JRE (17.0.9+11-LTS-201), built on Oct 10 2023 23:16:06 by "mach5one" with MS VC++ 17.1 (VS2022)

END.
