#
# There is insufficient memory for the Java Runtime Environment to continue.
# Native memory allocation (malloc) failed to allocate 1296176 bytes for Chunk::new
# Possible reasons:
#   The system is out of physical RAM or swap space
#   The process is running with CompressedOops enabled, and the Java Heap may be blocking the growth of the native heap
# Possible solutions:
#   Reduce memory load on the system
#   Increase physical memory or swap space
#   Check if swap backing store is full
#   Decrease Java heap size (-Xmx/-Xms)
#   Decrease number of Java threads
#   Decrease Java thread stack sizes (-Xss)
#   Set larger code cache with -XX:ReservedCodeCacheSize=
#   JVM is running with Unscaled Compressed Oops mode in which the Java heap is
#     placed in the first 4GB address space. The Java Heap base address is the
#     maximum limit for the native heap growth. Please use -XX:HeapBaseMinAddress
#     to set the Java Heap base and to place the Java Heap above 4GB virtual address.
# This output file may be truncated or incomplete.
#
#  Out of Memory Error (arena.cpp:189), pid=296, tid=13304
#
# JRE version: Java(TM) SE Runtime Environment (17.0.9+11) (build 17.0.9+11-LTS-201)
# Java VM: Java HotSpot(TM) 64-Bit Server VM (17.0.9+11-LTS-201, mixed mode, sharing, tiered, compressed oops, compressed class ptrs, g1 gc, windows-amd64)
# No core dump will be written. Minidumps are not enabled by default on client versions of Windows
#

---------------  S U M M A R Y ------------

Command Line: --add-opens=java.base/java.lang=ALL-UNNAMED --add-opens=java.base/java.lang.invoke=ALL-UNNAMED --add-opens=java.base/java.util=ALL-UNNAMED --add-opens=java.prefs/java.util.prefs=ALL-UNNAMED --add-exports=jdk.compiler/com.sun.tools.javac.api=ALL-UNNAMED --add-exports=jdk.compiler/com.sun.tools.javac.util=ALL-UNNAMED --add-opens=java.base/java.util=ALL-UNNAMED --add-opens=java.prefs/java.util.prefs=ALL-UNNAMED --add-opens=java.base/java.nio.charset=ALL-UNNAMED --add-opens=java.base/java.net=ALL-UNNAMED --add-opens=java.base/java.util.concurrent.atomic=ALL-UNNAMED --add-opens=java.xml/javax.xml.namespace=ALL-UNNAMED -XX:MaxMetaspaceSize=384m -XX:+HeapDumpOnOutOfMemoryError -Xms256m -Xmx512m -Dfile.encoding=UTF-8 -Duser.country=US -Duser.language=en -Duser.variant -javaagent:C:\Users\ASUS\.gradle\wrapper\dists\gradle-8.13-bin\5xuhj0ry160q40clulazy9h7d\gradle-8.13\lib\agents\gradle-instrumentation-agent-8.13.jar org.gradle.launcher.daemon.bootstrap.GradleDaemon 8.13

Host: 11th Gen Intel(R) Core(TM) i7-11370H @ 3.30GHz, 8 cores, 7G,  Windows 11 , 64 bit Build 22621 (10.0.22621.5124)
Time: Wed May  7 09:08:08 2025 SE Asia Standard Time elapsed time: 60.587415 seconds (0d 0h 1m 0s)

---------------  T H R E A D  ---------------

Current thread (0x000002bdf69d4350):  JavaThread "C2 CompilerThread1" daemon [_thread_in_native, id=13304, stack(0x000000e078400000,0x000000e078500000)]


Current CompileTask:
C2:  60587 6648       4       org.codehaus.groovy.runtime.metaclass.MetaMethodIndex::addMethodToList (128 bytes)

Stack: [0x000000e078400000,0x000000e078500000]
Native frames: (J=compiled Java code, j=interpreted, Vv=VM code, C=native code)
V  [jvm.dll+0x678a4a]
V  [jvm.dll+0x7d9cfd]
V  [jvm.dll+0x7db60e]
V  [jvm.dll+0x7dbc73]
V  [jvm.dll+0x245e1f]
V  [jvm.dll+0xaaafb]
V  [jvm.dll+0xab09c]
V  [jvm.dll+0x36232f]
V  [jvm.dll+0x32ca01]
V  [jvm.dll+0x32be9a]
V  [jvm.dll+0x21812f]
V  [jvm.dll+0x217561]
V  [jvm.dll+0x1a3bc0]
V  [jvm.dll+0x2272de]
V  [jvm.dll+0x22548b]
V  [jvm.dll+0x78f58c]
V  [jvm.dll+0x78998a]
V  [jvm.dll+0x677875]
C  [ucrtbase.dll+0x29333]
C  [KERNEL32.DLL+0x1259d]
C  [ntdll.dll+0x5af38]


---------------  P R O C E S S  ---------------

Threads class SMR info:
_java_thread_list=0x000002bdf6da39f0, length=77, elements={
0x000002bdd41a7ec0, 0x000002bdeea8d990, 0x000002bdeea8e550, 0x000002bdeeaa3ec0,
0x000002bdeeaa4a80, 0x000002bdeeaab970, 0x000002bdeeaac330, 0x000002bdeeaae0e0,
0x000002bdeeaaeb90, 0x000002bdeeab1c60, 0x000002bdeea76990, 0x000002bdf3140540,
0x000002bdf4763350, 0x000002bdf4763860, 0x000002bdf4765bd0, 0x000002bdf4764280,
0x000002bdf4764790, 0x000002bdf4764ca0, 0x000002bdf4763d70, 0x000002bdf47660e0,
0x000002bdf47651b0, 0x000002bdf47656c0, 0x000002bdf47665f0, 0x000002bdf33e5e50,
0x000002bdf33e35d0, 0x000002bdf33e3ae0, 0x000002bdf33e5940, 0x000002bdf33e30c0,
0x000002bdf33e4500, 0x000002bdf33e4a10, 0x000002bdf33e4f20, 0x000002bdf33e5430,
0x000002bdf33e2bb0, 0x000002bdf33e26a0, 0x000002bdf5c2ece0, 0x000002bdf5c333c0,
0x000002bdf5c2f1f0, 0x000002bdf5c30630, 0x000002bdf5c2e2c0, 0x000002bdf5c342f0,
0x000002bdf5c2e7d0, 0x000002bdf5c2f700, 0x000002bdf5c33de0, 0x000002bdf5c329a0,
0x000002bdf5c34800, 0x000002bdf5c338d0, 0x000002bdf5c34d10, 0x000002bdf5c2fc10,
0x000002bdf5c32490, 0x000002bdf5c30b40, 0x000002bdf5c31050, 0x000002bdf5c31560,
0x000002bdf5c2d8a0, 0x000002bdf5c31a70, 0x000002bdf5c31f80, 0x000002bdf5c32eb0,
0x000002bdf5c35220, 0x000002bdf32d08e0, 0x000002bdf32d1d20, 0x000002bdf32d45a0,
0x000002bdf32d2230, 0x000002bdf32d2740, 0x000002bdf32d8260, 0x000002bdf32d6910,
0x000002bdf32d4ab0, 0x000002bdf32d7840, 0x000002bdf32d0df0, 0x000002bdf32d7d50,
0x000002bdf32d1300, 0x000002bdf32d7330, 0x000002bdf32d54d0, 0x000002bdf32d6e20,
0x000002bdf32d2c50, 0x000002bdf32d1810, 0x000002bdf32d59e0, 0x000002bdf32d3160,
0x000002bdf69d4350
}

Java Threads: ( => current thread )
  0x000002bdd41a7ec0 JavaThread "main" [_thread_blocked, id=18248, stack(0x000000e072c00000,0x000000e072d00000)]
  0x000002bdeea8d990 JavaThread "Reference Handler" daemon [_thread_blocked, id=2704, stack(0x000000e073400000,0x000000e073500000)]
  0x000002bdeea8e550 JavaThread "Finalizer" daemon [_thread_blocked, id=28428, stack(0x000000e073500000,0x000000e073600000)]
  0x000002bdeeaa3ec0 JavaThread "Signal Dispatcher" daemon [_thread_blocked, id=13140, stack(0x000000e073600000,0x000000e073700000)]
  0x000002bdeeaa4a80 JavaThread "Attach Listener" daemon [_thread_blocked, id=26688, stack(0x000000e073700000,0x000000e073800000)]
  0x000002bdeeaab970 JavaThread "Service Thread" daemon [_thread_blocked, id=17684, stack(0x000000e073800000,0x000000e073900000)]
  0x000002bdeeaac330 JavaThread "Monitor Deflation Thread" daemon [_thread_blocked, id=28612, stack(0x000000e073900000,0x000000e073a00000)]
  0x000002bdeeaae0e0 JavaThread "C2 CompilerThread0" daemon [_thread_in_native, id=25764, stack(0x000000e073a00000,0x000000e073b00000)]
  0x000002bdeeaaeb90 JavaThread "C1 CompilerThread0" daemon [_thread_blocked, id=9264, stack(0x000000e073b00000,0x000000e073c00000)]
  0x000002bdeeab1c60 JavaThread "Sweeper thread" daemon [_thread_blocked, id=28144, stack(0x000000e073c00000,0x000000e073d00000)]
  0x000002bdeea76990 JavaThread "Common-Cleaner" daemon [_thread_blocked, id=24164, stack(0x000000e073d00000,0x000000e073e00000)]
  0x000002bdf3140540 JavaThread "Notification Thread" daemon [_thread_blocked, id=16440, stack(0x000000e073f00000,0x000000e074000000)]
  0x000002bdf4763350 JavaThread "Daemon health stats" [_thread_blocked, id=21236, stack(0x000000e074700000,0x000000e074800000)]
  0x000002bdf4763860 JavaThread "Incoming local TCP Connector on port 62969" [_thread_in_native, id=10432, stack(0x000000e074800000,0x000000e074900000)]
  0x000002bdf4765bd0 JavaThread "Daemon periodic checks" [_thread_blocked, id=29144, stack(0x000000e074900000,0x000000e074a00000)]
  0x000002bdf4764280 JavaThread "Daemon" [_thread_blocked, id=4512, stack(0x000000e074a00000,0x000000e074b00000)]
  0x000002bdf4764790 JavaThread "Handler for socket connection from /127.0.0.1:62969 to /127.0.0.1:62976" [_thread_in_native, id=24072, stack(0x000000e074b00000,0x000000e074c00000)]
  0x000002bdf4764ca0 JavaThread "Cancel handler" [_thread_blocked, id=8532, stack(0x000000e074c00000,0x000000e074d00000)]
  0x000002bdf4763d70 JavaThread "Daemon worker" [_thread_in_vm, id=13576, stack(0x000000e074d00000,0x000000e074e00000)]
  0x000002bdf47660e0 JavaThread "Asynchronous log dispatcher for DefaultDaemonConnection: socket connection from /127.0.0.1:62969 to /127.0.0.1:62976" [_thread_blocked, id=284, stack(0x000000e074e00000,0x000000e074f00000)]
  0x000002bdf47651b0 JavaThread "Stdin handler" [_thread_blocked, id=11052, stack(0x000000e074f00000,0x000000e075000000)]
  0x000002bdf47656c0 JavaThread "Daemon client event forwarder" [_thread_blocked, id=12616, stack(0x000000e075000000,0x000000e075100000)]
  0x000002bdf47665f0 JavaThread "Cache worker for journal cache (C:\Users\ASUS\.gradle\caches\journal-1)" [_thread_blocked, id=19176, stack(0x000000e075100000,0x000000e075200000)]
  0x000002bdf33e5e50 JavaThread "File lock request listener" [_thread_in_native, id=27536, stack(0x000000e075200000,0x000000e075300000)]
  0x000002bdf33e35d0 JavaThread "File lock release action executor" [_thread_blocked, id=2164, stack(0x000000e075300000,0x000000e075400000)]
  0x000002bdf33e3ae0 JavaThread "Cache worker for file hash cache (C:\Users\ASUS\.gradle\caches\8.13\fileHashes)" [_thread_blocked, id=21040, stack(0x000000e075400000,0x000000e075500000)]
  0x000002bdf33e5940 JavaThread "Cache worker for file hash cache (D:\VSIICOMPANY\quanlysinhvien\.gradle\8.13\fileHashes)" [_thread_blocked, id=15440, stack(0x000000e075500000,0x000000e075600000)]
  0x000002bdf33e30c0 JavaThread "Cache worker for Build Output Cleanup Cache (D:\VSIICOMPANY\quanlysinhvien\.gradle\buildOutputCleanup)" [_thread_blocked, id=7844, stack(0x000000e075600000,0x000000e075700000)]
  0x000002bdf33e4500 JavaThread "File watcher server" daemon [_thread_in_native, id=3840, stack(0x000000e075a00000,0x000000e075b00000)]
  0x000002bdf33e4a10 JavaThread "File watcher consumer" daemon [_thread_blocked, id=18380, stack(0x000000e075b00000,0x000000e075c00000)]
  0x000002bdf33e4f20 JavaThread "jar transforms" [_thread_blocked, id=17628, stack(0x000000e075c00000,0x000000e075d00000)]
  0x000002bdf33e5430 JavaThread "jar transforms Thread 2" [_thread_blocked, id=18648, stack(0x000000e075d00000,0x000000e075e00000)]
  0x000002bdf33e2bb0 JavaThread "Cache worker for checksums cache (D:\VSIICOMPANY\quanlysinhvien\.gradle\8.13\checksums)" [_thread_blocked, id=3968, stack(0x000000e075e00000,0x000000e075f00000)]
  0x000002bdf33e26a0 JavaThread "Cache worker for file content cache (C:\Users\ASUS\.gradle\caches\8.13\fileContent)" [_thread_blocked, id=13804, stack(0x000000e075f00000,0x000000e076000000)]
  0x000002bdf5c2ece0 JavaThread "jar transforms Thread 3" [_thread_blocked, id=17992, stack(0x000000e076000000,0x000000e076100000)]
  0x000002bdf5c333c0 JavaThread "Cache worker for cache directory md-supplier (C:\Users\ASUS\.gradle\caches\8.13\md-supplier)" [_thread_blocked, id=15404, stack(0x000000e076100000,0x000000e076200000)]
  0x000002bdf5c2f1f0 JavaThread "Cache worker for cache directory md-rule (C:\Users\ASUS\.gradle\caches\8.13\md-rule)" [_thread_blocked, id=10356, stack(0x000000e076200000,0x000000e076300000)]
  0x000002bdf5c30630 JavaThread "Unconstrained build operations" [_thread_blocked, id=16864, stack(0x000000e076500000,0x000000e076600000)]
  0x000002bdf5c2e2c0 JavaThread "Unconstrained build operations Thread 2" [_thread_blocked, id=29504, stack(0x000000e076600000,0x000000e076700000)]
  0x000002bdf5c342f0 JavaThread "Unconstrained build operations Thread 3" [_thread_blocked, id=11740, stack(0x000000e076700000,0x000000e076800000)]
  0x000002bdf5c2e7d0 JavaThread "Unconstrained build operations Thread 4" [_thread_blocked, id=14352, stack(0x000000e076800000,0x000000e076900000)]
  0x000002bdf5c2f700 JavaThread "Unconstrained build operations Thread 5" [_thread_blocked, id=21016, stack(0x000000e076900000,0x000000e076a00000)]
  0x000002bdf5c33de0 JavaThread "Unconstrained build operations Thread 6" [_thread_blocked, id=8232, stack(0x000000e076a00000,0x000000e076b00000)]
  0x000002bdf5c329a0 JavaThread "Unconstrained build operations Thread 7" [_thread_blocked, id=25008, stack(0x000000e076b00000,0x000000e076c00000)]
  0x000002bdf5c34800 JavaThread "Unconstrained build operations Thread 8" [_thread_blocked, id=10520, stack(0x000000e076c00000,0x000000e076d00000)]
  0x000002bdf5c338d0 JavaThread "jar transforms Thread 4" [_thread_blocked, id=21428, stack(0x000000e076d00000,0x000000e076e00000)]
  0x000002bdf5c34d10 JavaThread "jar transforms Thread 5" [_thread_blocked, id=3884, stack(0x000000e076e00000,0x000000e076f00000)]
  0x000002bdf5c2fc10 JavaThread "Unconstrained build operations Thread 9" [_thread_blocked, id=12084, stack(0x000000e076f00000,0x000000e077000000)]
  0x000002bdf5c32490 JavaThread "Unconstrained build operations Thread 10" [_thread_blocked, id=20808, stack(0x000000e077000000,0x000000e077100000)]
  0x000002bdf5c30b40 JavaThread "Unconstrained build operations Thread 11" [_thread_blocked, id=24528, stack(0x000000e077100000,0x000000e077200000)]
  0x000002bdf5c31050 JavaThread "Unconstrained build operations Thread 12" [_thread_blocked, id=25432, stack(0x000000e077200000,0x000000e077300000)]
  0x000002bdf5c31560 JavaThread "jar transforms Thread 6" [_thread_blocked, id=9768, stack(0x000000e077300000,0x000000e077400000)]
  0x000002bdf5c2d8a0 JavaThread "jar transforms Thread 7" [_thread_blocked, id=25400, stack(0x000000e077400000,0x000000e077500000)]
  0x000002bdf5c31a70 JavaThread "jar transforms Thread 8" [_thread_blocked, id=28844, stack(0x000000e077500000,0x000000e077600000)]
  0x000002bdf5c31f80 JavaThread "Unconstrained build operations Thread 13" [_thread_blocked, id=17404, stack(0x000000e077600000,0x000000e077700000)]
  0x000002bdf5c32eb0 JavaThread "Unconstrained build operations Thread 14" [_thread_blocked, id=19128, stack(0x000000e077700000,0x000000e077800000)]
  0x000002bdf5c35220 JavaThread "Unconstrained build operations Thread 15" [_thread_blocked, id=13756, stack(0x000000e077800000,0x000000e077900000)]
  0x000002bdf32d08e0 JavaThread "Unconstrained build operations Thread 16" [_thread_blocked, id=25152, stack(0x000000e077900000,0x000000e077a00000)]
  0x000002bdf32d1d20 JavaThread "Unconstrained build operations Thread 17" [_thread_blocked, id=7164, stack(0x000000e077a00000,0x000000e077b00000)]
  0x000002bdf32d45a0 JavaThread "Unconstrained build operations Thread 18" [_thread_blocked, id=332, stack(0x000000e077b00000,0x000000e077c00000)]
  0x000002bdf32d2230 JavaThread "Unconstrained build operations Thread 19" [_thread_blocked, id=3876, stack(0x000000e077c00000,0x000000e077d00000)]
  0x000002bdf32d2740 JavaThread "Unconstrained build operations Thread 20" [_thread_blocked, id=11756, stack(0x000000e077d00000,0x000000e077e00000)]
  0x000002bdf32d8260 JavaThread "Unconstrained build operations Thread 21" [_thread_blocked, id=12348, stack(0x000000e077e00000,0x000000e077f00000)]
  0x000002bdf32d6910 JavaThread "Unconstrained build operations Thread 22" [_thread_blocked, id=1012, stack(0x000000e077f00000,0x000000e078000000)]
  0x000002bdf32d4ab0 JavaThread "Unconstrained build operations Thread 23" [_thread_blocked, id=27208, stack(0x000000e078000000,0x000000e078100000)]
  0x000002bdf32d7840 JavaThread "Unconstrained build operations Thread 24" [_thread_blocked, id=27456, stack(0x000000e078100000,0x000000e078200000)]
  0x000002bdf32d0df0 JavaThread "Unconstrained build operations Thread 25" [_thread_blocked, id=29004, stack(0x000000e078200000,0x000000e078300000)]
  0x000002bdf32d7d50 JavaThread "Unconstrained build operations Thread 26" [_thread_blocked, id=1144, stack(0x000000e078300000,0x000000e078400000)]
  0x000002bdf32d1300 JavaThread "Unconstrained build operations Thread 27" [_thread_blocked, id=22352, stack(0x000000e078500000,0x000000e078600000)]
  0x000002bdf32d7330 JavaThread "Unconstrained build operations Thread 28" [_thread_blocked, id=6864, stack(0x000000e078600000,0x000000e078700000)]
  0x000002bdf32d54d0 JavaThread "Unconstrained build operations Thread 29" [_thread_blocked, id=20484, stack(0x000000e078700000,0x000000e078800000)]
  0x000002bdf32d6e20 JavaThread "Unconstrained build operations Thread 30" [_thread_blocked, id=11044, stack(0x000000e078800000,0x000000e078900000)]
  0x000002bdf32d2c50 JavaThread "Unconstrained build operations Thread 31" [_thread_blocked, id=1796, stack(0x000000e078900000,0x000000e078a00000)]
  0x000002bdf32d1810 JavaThread "Unconstrained build operations Thread 32" [_thread_blocked, id=2840, stack(0x000000e078a00000,0x000000e078b00000)]
  0x000002bdf32d59e0 JavaThread "Unconstrained build operations Thread 33" [_thread_blocked, id=24028, stack(0x000000e078b00000,0x000000e078c00000)]
  0x000002bdf32d3160 JavaThread "Memory manager" [_thread_blocked, id=6908, stack(0x000000e078c00000,0x000000e078d00000)]
=>0x000002bdf69d4350 JavaThread "C2 CompilerThread1" daemon [_thread_in_native, id=13304, stack(0x000000e078400000,0x000000e078500000)]

Other Threads:
  0x000002bdeea87750 VMThread "VM Thread" [stack: 0x000000e073300000,0x000000e073400000] [id=22824]
  0x000002bdd41e0870 WatcherThread [stack: 0x000000e074000000,0x000000e074100000] [id=28836]
  0x000002bdd41d4c20 GCTaskThread "GC Thread#0" [stack: 0x000000e072e00000,0x000000e072f00000] [id=20992]
  0x000002bdf3240690 GCTaskThread "GC Thread#1" [stack: 0x000000e074100000,0x000000e074200000] [id=23560]
  0x000002bdf36dcee0 GCTaskThread "GC Thread#2" [stack: 0x000000e074200000,0x000000e074300000] [id=12984]
  0x000002bdf36dd1a0 GCTaskThread "GC Thread#3" [stack: 0x000000e074300000,0x000000e074400000] [id=25104]
  0x000002bdf34d4330 GCTaskThread "GC Thread#4" [stack: 0x000000e074400000,0x000000e074500000] [id=2872]
  0x000002bdf34d45f0 GCTaskThread "GC Thread#5" [stack: 0x000000e074500000,0x000000e074600000] [id=8688]
  0x000002bdf3da2a50 GCTaskThread "GC Thread#6" [stack: 0x000000e075700000,0x000000e075800000] [id=12444]
  0x000002bdf574d020 GCTaskThread "GC Thread#7" [stack: 0x000000e075800000,0x000000e075900000] [id=3160]
  0x000002bdd41d9b70 ConcurrentGCThread "G1 Main Marker" [stack: 0x000000e072f00000,0x000000e073000000] [id=27912]
  0x000002bdd41da580 ConcurrentGCThread "G1 Conc#0" [stack: 0x000000e073000000,0x000000e073100000] [id=12968]
  0x000002bdf55c2680 ConcurrentGCThread "G1 Conc#1" [stack: 0x000000e075900000,0x000000e075a00000] [id=27136]
  0x000002bdd426db40 ConcurrentGCThread "G1 Refine#0" [stack: 0x000000e073100000,0x000000e073200000] [id=19776]
  0x000002bdf33162f0 ConcurrentGCThread "G1 Refine#1" [stack: 0x000000e074600000,0x000000e074700000] [id=10476]
  0x000002bdd426e570 ConcurrentGCThread "G1 Service" [stack: 0x000000e073200000,0x000000e073300000] [id=29512]

Threads with active compile tasks:
C2 CompilerThread0    60618 6669       4       org.codehaus.groovy.runtime.metaclass.MetaMethodIndex::isMatchingMethod (61 bytes)
C2 CompilerThread1    60618 6648       4       org.codehaus.groovy.runtime.metaclass.MetaMethodIndex::addMethodToList (128 bytes)

VM state: not at safepoint (normal execution)

VM Mutex/Monitor currently owned by a thread: None

Heap address: 0x00000000e0000000, size: 512 MB, Compressed Oops mode: 32-bit

CDS archive(s) mapped at: [0x000002bd80000000-0x000002bd80bd0000-0x000002bd80bd0000), size 12386304, SharedBaseAddress: 0x000002bd80000000, ArchiveRelocationMode: 1.
Compressed class space mapped at: 0x000002bd81000000-0x000002bd95000000, reserved size: 335544320
Narrow klass base: 0x000002bd80000000, Narrow klass shift: 0, Narrow klass range: 0x100000000

GC Precious Log:
 CPUs: 8 total, 8 available
 Memory: 7883M
 Large Page Support: Disabled
 NUMA Support: Disabled
 Compressed Oops: Enabled (32-bit)
 Heap Region Size: 1M
 Heap Min Capacity: 256M
 Heap Initial Capacity: 256M
 Heap Max Capacity: 512M
 Pre-touch: Disabled
 Parallel Workers: 8
 Concurrent Workers: 2
 Concurrent Refinement Workers: 8
 Periodic GC: Disabled

Heap:
 garbage-first heap   total 262144K, used 82344K [0x00000000e0000000, 0x0000000100000000)
  region size 1024K, 45 young (46080K), 1 survivors (1024K)
 Metaspace       used 52983K, committed 53568K, reserved 393216K
  class space    used 7511K, committed 7808K, reserved 327680K

Heap Regions: E=young(eden), S=young(survivor), O=old, HS=humongous(starts), HC=humongous(continues), CS=collection set, F=free, OA=open archive, CA=closed archive, TAMS=top-at-mark-start (previous, next)
|   0|0x00000000e0000000, 0x00000000e0100000, 0x00000000e0100000|100%|HS|  |TAMS 0x00000000e0100000, 0x00000000e0000000| Complete 
|   1|0x00000000e0100000, 0x00000000e0200000, 0x00000000e0200000|100%|HC|  |TAMS 0x00000000e0200000, 0x00000000e0100000| Complete 
|   2|0x00000000e0200000, 0x00000000e0300000, 0x00000000e0300000|100%|HC|  |TAMS 0x00000000e0300000, 0x00000000e0200000| Complete 
|   3|0x00000000e0300000, 0x00000000e0400000, 0x00000000e0400000|100%| O|  |TAMS 0x00000000e0400000, 0x00000000e0300000| Untracked 
|   4|0x00000000e0400000, 0x00000000e0500000, 0x00000000e0500000|100%| O|  |TAMS 0x00000000e0500000, 0x00000000e0400000| Untracked 
|   5|0x00000000e0500000, 0x00000000e0600000, 0x00000000e0600000|100%| O|  |TAMS 0x00000000e0600000, 0x00000000e0500000| Untracked 
|   6|0x00000000e0600000, 0x00000000e0700000, 0x00000000e0700000|100%|HS|  |TAMS 0x00000000e0700000, 0x00000000e0600000| Complete 
|   7|0x00000000e0700000, 0x00000000e0800000, 0x00000000e0800000|100%| O|  |TAMS 0x00000000e0800000, 0x00000000e0700000| Untracked 
|   8|0x00000000e0800000, 0x00000000e0900000, 0x00000000e0900000|100%| O|  |TAMS 0x00000000e0900000, 0x00000000e0800000| Untracked 
|   9|0x00000000e0900000, 0x00000000e0a00000, 0x00000000e0a00000|100%| O|  |TAMS 0x00000000e0900000, 0x00000000e0900000| Untracked 
|  10|0x00000000e0a00000, 0x00000000e0b00000, 0x00000000e0b00000|100%| O|  |TAMS 0x00000000e0b00000, 0x00000000e0a00000| Untracked 
|  11|0x00000000e0b00000, 0x00000000e0c00000, 0x00000000e0c00000|100%| O|  |TAMS 0x00000000e0c00000, 0x00000000e0b00000| Untracked 
|  12|0x00000000e0c00000, 0x00000000e0d00000, 0x00000000e0d00000|100%| O|  |TAMS 0x00000000e0d00000, 0x00000000e0c00000| Untracked 
|  13|0x00000000e0d00000, 0x00000000e0e00000, 0x00000000e0e00000|100%| O|  |TAMS 0x00000000e0e00000, 0x00000000e0d00000| Untracked 
|  14|0x00000000e0e00000, 0x00000000e0f00000, 0x00000000e0f00000|100%| O|  |TAMS 0x00000000e0f00000, 0x00000000e0e00000| Untracked 
|  15|0x00000000e0f00000, 0x00000000e1000000, 0x00000000e1000000|100%| O|  |TAMS 0x00000000e1000000, 0x00000000e0f00000| Untracked 
|  16|0x00000000e1000000, 0x00000000e1100000, 0x00000000e1100000|100%| O|  |TAMS 0x00000000e1100000, 0x00000000e1000000| Untracked 
|  17|0x00000000e1100000, 0x00000000e1100000, 0x00000000e1200000|  0%| F|  |TAMS 0x00000000e1100000, 0x00000000e1100000| Untracked 
|  18|0x00000000e1200000, 0x00000000e1300000, 0x00000000e1300000|100%| O|  |TAMS 0x00000000e1300000, 0x00000000e1200000| Untracked 
|  19|0x00000000e1300000, 0x00000000e1400000, 0x00000000e1400000|100%| O|  |TAMS 0x00000000e1400000, 0x00000000e1300000| Untracked 
|  20|0x00000000e1400000, 0x00000000e1500000, 0x00000000e1500000|100%| O|  |TAMS 0x00000000e1500000, 0x00000000e1400000| Untracked 
|  21|0x00000000e1500000, 0x00000000e1600000, 0x00000000e1600000|100%| O|  |TAMS 0x00000000e1600000, 0x00000000e1500000| Untracked 
|  22|0x00000000e1600000, 0x00000000e1700000, 0x00000000e1700000|100%| O|  |TAMS 0x00000000e1700000, 0x00000000e1600000| Untracked 
|  23|0x00000000e1700000, 0x00000000e1800000, 0x00000000e1800000|100%| O|  |TAMS 0x00000000e1800000, 0x00000000e1700000| Untracked 
|  24|0x00000000e1800000, 0x00000000e1900000, 0x00000000e1900000|100%| O|  |TAMS 0x00000000e1900000, 0x00000000e1800000| Untracked 
|  25|0x00000000e1900000, 0x00000000e1a00000, 0x00000000e1a00000|100%| O|  |TAMS 0x00000000e1a00000, 0x00000000e1900000| Untracked 
|  26|0x00000000e1a00000, 0x00000000e1b00000, 0x00000000e1b00000|100%| O|  |TAMS 0x00000000e1b00000, 0x00000000e1a00000| Untracked 
|  27|0x00000000e1b00000, 0x00000000e1c00000, 0x00000000e1c00000|100%| O|  |TAMS 0x00000000e1c00000, 0x00000000e1b00000| Untracked 
|  28|0x00000000e1c00000, 0x00000000e1d00000, 0x00000000e1d00000|100%| O|  |TAMS 0x00000000e1d00000, 0x00000000e1c00000| Untracked 
|  29|0x00000000e1d00000, 0x00000000e1e00000, 0x00000000e1e00000|100%| O|  |TAMS 0x00000000e1e00000, 0x00000000e1d00000| Untracked 
|  30|0x00000000e1e00000, 0x00000000e1f00000, 0x00000000e1f00000|100%| O|  |TAMS 0x00000000e1f00000, 0x00000000e1e00000| Untracked 
|  31|0x00000000e1f00000, 0x00000000e2000000, 0x00000000e2000000|100%| O|  |TAMS 0x00000000e1f14400, 0x00000000e1f00000| Untracked 
|  32|0x00000000e2000000, 0x00000000e2100000, 0x00000000e2100000|100%| O|  |TAMS 0x00000000e2000000, 0x00000000e2000000| Untracked 
|  33|0x00000000e2100000, 0x00000000e2200000, 0x00000000e2200000|100%| O|  |TAMS 0x00000000e2100000, 0x00000000e2100000| Untracked 
|  34|0x00000000e2200000, 0x00000000e2300000, 0x00000000e2300000|100%| O|  |TAMS 0x00000000e2200000, 0x00000000e2200000| Untracked 
|  35|0x00000000e2300000, 0x00000000e2400000, 0x00000000e2400000|100%| O|  |TAMS 0x00000000e2300000, 0x00000000e2300000| Untracked 
|  36|0x00000000e2400000, 0x00000000e2500000, 0x00000000e2500000|100%| O|  |TAMS 0x00000000e2400000, 0x00000000e2400000| Untracked 
|  37|0x00000000e2500000, 0x00000000e256a000, 0x00000000e2600000| 41%| O|  |TAMS 0x00000000e2500000, 0x00000000e2500000| Untracked 
|  38|0x00000000e2600000, 0x00000000e2600000, 0x00000000e2700000|  0%| F|  |TAMS 0x00000000e2600000, 0x00000000e2600000| Untracked 
|  39|0x00000000e2700000, 0x00000000e2700000, 0x00000000e2800000|  0%| F|  |TAMS 0x00000000e2700000, 0x00000000e2700000| Untracked 
|  40|0x00000000e2800000, 0x00000000e2800000, 0x00000000e2900000|  0%| F|  |TAMS 0x00000000e2800000, 0x00000000e2800000| Untracked 
|  41|0x00000000e2900000, 0x00000000e2900000, 0x00000000e2a00000|  0%| F|  |TAMS 0x00000000e2900000, 0x00000000e2900000| Untracked 
|  42|0x00000000e2a00000, 0x00000000e2a00000, 0x00000000e2b00000|  0%| F|  |TAMS 0x00000000e2a00000, 0x00000000e2a00000| Untracked 
|  43|0x00000000e2b00000, 0x00000000e2b00000, 0x00000000e2c00000|  0%| F|  |TAMS 0x00000000e2b00000, 0x00000000e2b00000| Untracked 
|  44|0x00000000e2c00000, 0x00000000e2c00000, 0x00000000e2d00000|  0%| F|  |TAMS 0x00000000e2c00000, 0x00000000e2c00000| Untracked 
|  45|0x00000000e2d00000, 0x00000000e2d00000, 0x00000000e2e00000|  0%| F|  |TAMS 0x00000000e2d00000, 0x00000000e2d00000| Untracked 
|  46|0x00000000e2e00000, 0x00000000e2e00000, 0x00000000e2f00000|  0%| F|  |TAMS 0x00000000e2e00000, 0x00000000e2e00000| Untracked 
|  47|0x00000000e2f00000, 0x00000000e2f00000, 0x00000000e3000000|  0%| F|  |TAMS 0x00000000e2f00000, 0x00000000e2f00000| Untracked 
|  48|0x00000000e3000000, 0x00000000e3000000, 0x00000000e3100000|  0%| F|  |TAMS 0x00000000e3000000, 0x00000000e3000000| Untracked 
|  49|0x00000000e3100000, 0x00000000e3100000, 0x00000000e3200000|  0%| F|  |TAMS 0x00000000e3100000, 0x00000000e3100000| Untracked 
|  50|0x00000000e3200000, 0x00000000e3200000, 0x00000000e3300000|  0%| F|  |TAMS 0x00000000e3200000, 0x00000000e3200000| Untracked 
|  51|0x00000000e3300000, 0x00000000e3300000, 0x00000000e3400000|  0%| F|  |TAMS 0x00000000e3300000, 0x00000000e3300000| Untracked 
|  52|0x00000000e3400000, 0x00000000e3400000, 0x00000000e3500000|  0%| F|  |TAMS 0x00000000e3400000, 0x00000000e3400000| Untracked 
|  53|0x00000000e3500000, 0x00000000e3500000, 0x00000000e3600000|  0%| F|  |TAMS 0x00000000e3500000, 0x00000000e3500000| Untracked 
|  54|0x00000000e3600000, 0x00000000e3600000, 0x00000000e3700000|  0%| F|  |TAMS 0x00000000e3600000, 0x00000000e3600000| Untracked 
|  55|0x00000000e3700000, 0x00000000e3700000, 0x00000000e3800000|  0%| F|  |TAMS 0x00000000e3700000, 0x00000000e3700000| Untracked 
|  56|0x00000000e3800000, 0x00000000e3800000, 0x00000000e3900000|  0%| F|  |TAMS 0x00000000e3800000, 0x00000000e3800000| Untracked 
|  57|0x00000000e3900000, 0x00000000e3900000, 0x00000000e3a00000|  0%| F|  |TAMS 0x00000000e3900000, 0x00000000e3900000| Untracked 
|  58|0x00000000e3a00000, 0x00000000e3a00000, 0x00000000e3b00000|  0%| F|  |TAMS 0x00000000e3a00000, 0x00000000e3a00000| Untracked 
|  59|0x00000000e3b00000, 0x00000000e3b00000, 0x00000000e3c00000|  0%| F|  |TAMS 0x00000000e3b00000, 0x00000000e3b00000| Untracked 
|  60|0x00000000e3c00000, 0x00000000e3c00000, 0x00000000e3d00000|  0%| F|  |TAMS 0x00000000e3c00000, 0x00000000e3c00000| Untracked 
|  61|0x00000000e3d00000, 0x00000000e3d00000, 0x00000000e3e00000|  0%| F|  |TAMS 0x00000000e3d00000, 0x00000000e3d00000| Untracked 
|  62|0x00000000e3e00000, 0x00000000e3e00000, 0x00000000e3f00000|  0%| F|  |TAMS 0x00000000e3e00000, 0x00000000e3e00000| Untracked 
|  63|0x00000000e3f00000, 0x00000000e3f00000, 0x00000000e4000000|  0%| F|  |TAMS 0x00000000e3f00000, 0x00000000e3f00000| Untracked 
|  64|0x00000000e4000000, 0x00000000e4000000, 0x00000000e4100000|  0%| F|  |TAMS 0x00000000e4000000, 0x00000000e4000000| Untracked 
|  65|0x00000000e4100000, 0x00000000e4100000, 0x00000000e4200000|  0%| F|  |TAMS 0x00000000e4100000, 0x00000000e4100000| Untracked 
|  66|0x00000000e4200000, 0x00000000e4200000, 0x00000000e4300000|  0%| F|  |TAMS 0x00000000e4200000, 0x00000000e4200000| Untracked 
|  67|0x00000000e4300000, 0x00000000e4300000, 0x00000000e4400000|  0%| F|  |TAMS 0x00000000e4300000, 0x00000000e4300000| Untracked 
|  68|0x00000000e4400000, 0x00000000e4400000, 0x00000000e4500000|  0%| F|  |TAMS 0x00000000e4400000, 0x00000000e4400000| Untracked 
|  69|0x00000000e4500000, 0x00000000e4500000, 0x00000000e4600000|  0%| F|  |TAMS 0x00000000e4500000, 0x00000000e4500000| Untracked 
|  70|0x00000000e4600000, 0x00000000e4600000, 0x00000000e4700000|  0%| F|  |TAMS 0x00000000e4600000, 0x00000000e4600000| Untracked 
|  71|0x00000000e4700000, 0x00000000e4700000, 0x00000000e4800000|  0%| F|  |TAMS 0x00000000e4700000, 0x00000000e4700000| Untracked 
|  72|0x00000000e4800000, 0x00000000e4800000, 0x00000000e4900000|  0%| F|  |TAMS 0x00000000e4800000, 0x00000000e4800000| Untracked 
|  73|0x00000000e4900000, 0x00000000e4900000, 0x00000000e4a00000|  0%| F|  |TAMS 0x00000000e4900000, 0x00000000e4900000| Untracked 
|  74|0x00000000e4a00000, 0x00000000e4a00000, 0x00000000e4b00000|  0%| F|  |TAMS 0x00000000e4a00000, 0x00000000e4a00000| Untracked 
|  75|0x00000000e4b00000, 0x00000000e4b00000, 0x00000000e4c00000|  0%| F|  |TAMS 0x00000000e4b00000, 0x00000000e4b00000| Untracked 
|  76|0x00000000e4c00000, 0x00000000e4c00000, 0x00000000e4d00000|  0%| F|  |TAMS 0x00000000e4c00000, 0x00000000e4c00000| Untracked 
|  77|0x00000000e4d00000, 0x00000000e4d00000, 0x00000000e4e00000|  0%| F|  |TAMS 0x00000000e4d00000, 0x00000000e4d00000| Untracked 
|  78|0x00000000e4e00000, 0x00000000e4e00000, 0x00000000e4f00000|  0%| F|  |TAMS 0x00000000e4e00000, 0x00000000e4e00000| Untracked 
|  79|0x00000000e4f00000, 0x00000000e4f00000, 0x00000000e5000000|  0%| F|  |TAMS 0x00000000e4f00000, 0x00000000e4f00000| Untracked 
|  80|0x00000000e5000000, 0x00000000e5000000, 0x00000000e5100000|  0%| F|  |TAMS 0x00000000e5000000, 0x00000000e5000000| Untracked 
|  81|0x00000000e5100000, 0x00000000e5100000, 0x00000000e5200000|  0%| F|  |TAMS 0x00000000e5100000, 0x00000000e5100000| Untracked 
|  82|0x00000000e5200000, 0x00000000e5200000, 0x00000000e5300000|  0%| F|  |TAMS 0x00000000e5200000, 0x00000000e5200000| Untracked 
|  83|0x00000000e5300000, 0x00000000e5300000, 0x00000000e5400000|  0%| F|  |TAMS 0x00000000e5300000, 0x00000000e5300000| Untracked 
|  84|0x00000000e5400000, 0x00000000e5400000, 0x00000000e5500000|  0%| F|  |TAMS 0x00000000e5400000, 0x00000000e5400000| Untracked 
|  85|0x00000000e5500000, 0x00000000e5500000, 0x00000000e5600000|  0%| F|  |TAMS 0x00000000e5500000, 0x00000000e5500000| Untracked 
|  86|0x00000000e5600000, 0x00000000e5600000, 0x00000000e5700000|  0%| F|  |TAMS 0x00000000e5600000, 0x00000000e5600000| Untracked 
|  87|0x00000000e5700000, 0x00000000e5700000, 0x00000000e5800000|  0%| F|  |TAMS 0x00000000e5700000, 0x00000000e5700000| Untracked 
|  88|0x00000000e5800000, 0x00000000e5800000, 0x00000000e5900000|  0%| F|  |TAMS 0x00000000e5800000, 0x00000000e5800000| Untracked 
|  89|0x00000000e5900000, 0x00000000e5900000, 0x00000000e5a00000|  0%| F|  |TAMS 0x00000000e5900000, 0x00000000e5900000| Untracked 
|  90|0x00000000e5a00000, 0x00000000e5a00000, 0x00000000e5b00000|  0%| F|  |TAMS 0x00000000e5a00000, 0x00000000e5a00000| Untracked 
|  91|0x00000000e5b00000, 0x00000000e5b00000, 0x00000000e5c00000|  0%| F|  |TAMS 0x00000000e5b00000, 0x00000000e5b00000| Untracked 
|  92|0x00000000e5c00000, 0x00000000e5c00000, 0x00000000e5d00000|  0%| F|  |TAMS 0x00000000e5c00000, 0x00000000e5c00000| Untracked 
|  93|0x00000000e5d00000, 0x00000000e5d00000, 0x00000000e5e00000|  0%| F|  |TAMS 0x00000000e5d00000, 0x00000000e5d00000| Untracked 
|  94|0x00000000e5e00000, 0x00000000e5e00000, 0x00000000e5f00000|  0%| F|  |TAMS 0x00000000e5e00000, 0x00000000e5e00000| Untracked 
|  95|0x00000000e5f00000, 0x00000000e5f00000, 0x00000000e6000000|  0%| F|  |TAMS 0x00000000e5f00000, 0x00000000e5f00000| Untracked 
|  96|0x00000000e6000000, 0x00000000e6000000, 0x00000000e6100000|  0%| F|  |TAMS 0x00000000e6000000, 0x00000000e6000000| Untracked 
|  97|0x00000000e6100000, 0x00000000e6100000, 0x00000000e6200000|  0%| F|  |TAMS 0x00000000e6100000, 0x00000000e6100000| Untracked 
|  98|0x00000000e6200000, 0x00000000e6200000, 0x00000000e6300000|  0%| F|  |TAMS 0x00000000e6200000, 0x00000000e6200000| Untracked 
|  99|0x00000000e6300000, 0x00000000e6300000, 0x00000000e6400000|  0%| F|  |TAMS 0x00000000e6300000, 0x00000000e6300000| Untracked 
| 100|0x00000000e6400000, 0x00000000e6400000, 0x00000000e6500000|  0%| F|  |TAMS 0x00000000e6400000, 0x00000000e6400000| Untracked 
| 101|0x00000000e6500000, 0x00000000e6500000, 0x00000000e6600000|  0%| F|  |TAMS 0x00000000e6500000, 0x00000000e6500000| Untracked 
| 102|0x00000000e6600000, 0x00000000e6600000, 0x00000000e6700000|  0%| F|  |TAMS 0x00000000e6600000, 0x00000000e6600000| Untracked 
| 103|0x00000000e6700000, 0x00000000e6700000, 0x00000000e6800000|  0%| F|  |TAMS 0x00000000e6700000, 0x00000000e6700000| Untracked 
| 104|0x00000000e6800000, 0x00000000e6800000, 0x00000000e6900000|  0%| F|  |TAMS 0x00000000e6800000, 0x00000000e6800000| Untracked 
| 105|0x00000000e6900000, 0x00000000e6900000, 0x00000000e6a00000|  0%| F|  |TAMS 0x00000000e6900000, 0x00000000e6900000| Untracked 
| 106|0x00000000e6a00000, 0x00000000e6a00000, 0x00000000e6b00000|  0%| F|  |TAMS 0x00000000e6a00000, 0x00000000e6a00000| Untracked 
| 107|0x00000000e6b00000, 0x00000000e6b00000, 0x00000000e6c00000|  0%| F|  |TAMS 0x00000000e6b00000, 0x00000000e6b00000| Untracked 
| 108|0x00000000e6c00000, 0x00000000e6c00000, 0x00000000e6d00000|  0%| F|  |TAMS 0x00000000e6c00000, 0x00000000e6c00000| Untracked 
| 109|0x00000000e6d00000, 0x00000000e6d00000, 0x00000000e6e00000|  0%| F|  |TAMS 0x00000000e6d00000, 0x00000000e6d00000| Untracked 
| 110|0x00000000e6e00000, 0x00000000e6e00000, 0x00000000e6f00000|  0%| F|  |TAMS 0x00000000e6e00000, 0x00000000e6e00000| Untracked 
| 111|0x00000000e6f00000, 0x00000000e6f00000, 0x00000000e7000000|  0%| F|  |TAMS 0x00000000e6f00000, 0x00000000e6f00000| Untracked 
| 112|0x00000000e7000000, 0x00000000e7000000, 0x00000000e7100000|  0%| F|  |TAMS 0x00000000e7000000, 0x00000000e7000000| Untracked 
| 113|0x00000000e7100000, 0x00000000e7100000, 0x00000000e7200000|  0%| F|  |TAMS 0x00000000e7100000, 0x00000000e7100000| Untracked 
| 114|0x00000000e7200000, 0x00000000e7200000, 0x00000000e7300000|  0%| F|  |TAMS 0x00000000e7200000, 0x00000000e7200000| Untracked 
| 115|0x00000000e7300000, 0x00000000e7300000, 0x00000000e7400000|  0%| F|  |TAMS 0x00000000e7300000, 0x00000000e7300000| Untracked 
| 116|0x00000000e7400000, 0x00000000e7400000, 0x00000000e7500000|  0%| F|  |TAMS 0x00000000e7400000, 0x00000000e7400000| Untracked 
| 117|0x00000000e7500000, 0x00000000e7500000, 0x00000000e7600000|  0%| F|  |TAMS 0x00000000e7500000, 0x00000000e7500000| Untracked 
| 118|0x00000000e7600000, 0x00000000e7600000, 0x00000000e7700000|  0%| F|  |TAMS 0x00000000e7600000, 0x00000000e7600000| Untracked 
| 119|0x00000000e7700000, 0x00000000e7700000, 0x00000000e7800000|  0%| F|  |TAMS 0x00000000e7700000, 0x00000000e7700000| Untracked 
| 120|0x00000000e7800000, 0x00000000e7800000, 0x00000000e7900000|  0%| F|  |TAMS 0x00000000e7800000, 0x00000000e7800000| Untracked 
| 121|0x00000000e7900000, 0x00000000e7900000, 0x00000000e7a00000|  0%| F|  |TAMS 0x00000000e7900000, 0x00000000e7900000| Untracked 
| 122|0x00000000e7a00000, 0x00000000e7a00000, 0x00000000e7b00000|  0%| F|  |TAMS 0x00000000e7a00000, 0x00000000e7a00000| Untracked 
| 123|0x00000000e7b00000, 0x00000000e7b00000, 0x00000000e7c00000|  0%| F|  |TAMS 0x00000000e7b00000, 0x00000000e7b00000| Untracked 
| 124|0x00000000e7c00000, 0x00000000e7c00000, 0x00000000e7d00000|  0%| F|  |TAMS 0x00000000e7c00000, 0x00000000e7c00000| Untracked 
| 125|0x00000000e7d00000, 0x00000000e7d00000, 0x00000000e7e00000|  0%| F|  |TAMS 0x00000000e7d00000, 0x00000000e7d00000| Untracked 
| 126|0x00000000e7e00000, 0x00000000e7e00000, 0x00000000e7f00000|  0%| F|  |TAMS 0x00000000e7e00000, 0x00000000e7e00000| Untracked 
| 127|0x00000000e7f00000, 0x00000000e7f00000, 0x00000000e8000000|  0%| F|  |TAMS 0x00000000e7f00000, 0x00000000e7f00000| Untracked 
| 128|0x00000000e8000000, 0x00000000e8000000, 0x00000000e8100000|  0%| F|  |TAMS 0x00000000e8000000, 0x00000000e8000000| Untracked 
| 129|0x00000000e8100000, 0x00000000e8100000, 0x00000000e8200000|  0%| F|  |TAMS 0x00000000e8100000, 0x00000000e8100000| Untracked 
| 130|0x00000000e8200000, 0x00000000e8200000, 0x00000000e8300000|  0%| F|  |TAMS 0x00000000e8200000, 0x00000000e8200000| Untracked 
| 131|0x00000000e8300000, 0x00000000e8300000, 0x00000000e8400000|  0%| F|  |TAMS 0x00000000e8300000, 0x00000000e8300000| Untracked 
| 132|0x00000000e8400000, 0x00000000e8400000, 0x00000000e8500000|  0%| F|  |TAMS 0x00000000e8400000, 0x00000000e8400000| Untracked 
| 133|0x00000000e8500000, 0x00000000e8500000, 0x00000000e8600000|  0%| F|  |TAMS 0x00000000e8500000, 0x00000000e8500000| Untracked 
| 134|0x00000000e8600000, 0x00000000e8600000, 0x00000000e8700000|  0%| F|  |TAMS 0x00000000e8600000, 0x00000000e8600000| Untracked 
| 135|0x00000000e8700000, 0x00000000e8700000, 0x00000000e8800000|  0%| F|  |TAMS 0x00000000e8700000, 0x00000000e8700000| Untracked 
| 136|0x00000000e8800000, 0x00000000e8800000, 0x00000000e8900000|  0%| F|  |TAMS 0x00000000e8800000, 0x00000000e8800000| Untracked 
| 137|0x00000000e8900000, 0x00000000e8900000, 0x00000000e8a00000|  0%| F|  |TAMS 0x00000000e8900000, 0x00000000e8900000| Untracked 
| 138|0x00000000e8a00000, 0x00000000e8a00000, 0x00000000e8b00000|  0%| F|  |TAMS 0x00000000e8a00000, 0x00000000e8a00000| Untracked 
| 139|0x00000000e8b00000, 0x00000000e8b00000, 0x00000000e8c00000|  0%| F|  |TAMS 0x00000000e8b00000, 0x00000000e8b00000| Untracked 
| 140|0x00000000e8c00000, 0x00000000e8c00000, 0x00000000e8d00000|  0%| F|  |TAMS 0x00000000e8c00000, 0x00000000e8c00000| Untracked 
| 141|0x00000000e8d00000, 0x00000000e8d00000, 0x00000000e8e00000|  0%| F|  |TAMS 0x00000000e8d00000, 0x00000000e8d00000| Untracked 
| 142|0x00000000e8e00000, 0x00000000e8e00000, 0x00000000e8f00000|  0%| F|  |TAMS 0x00000000e8e00000, 0x00000000e8e00000| Untracked 
| 143|0x00000000e8f00000, 0x00000000e8f00000, 0x00000000e9000000|  0%| F|  |TAMS 0x00000000e8f00000, 0x00000000e8f00000| Untracked 
| 144|0x00000000e9000000, 0x00000000e9000000, 0x00000000e9100000|  0%| F|  |TAMS 0x00000000e9000000, 0x00000000e9000000| Untracked 
| 145|0x00000000e9100000, 0x00000000e9100000, 0x00000000e9200000|  0%| F|  |TAMS 0x00000000e9100000, 0x00000000e9100000| Untracked 
| 146|0x00000000e9200000, 0x00000000e9200000, 0x00000000e9300000|  0%| F|  |TAMS 0x00000000e9200000, 0x00000000e9200000| Untracked 
| 147|0x00000000e9300000, 0x00000000e9300000, 0x00000000e9400000|  0%| F|  |TAMS 0x00000000e9300000, 0x00000000e9300000| Untracked 
| 148|0x00000000e9400000, 0x00000000e9400000, 0x00000000e9500000|  0%| F|  |TAMS 0x00000000e9400000, 0x00000000e9400000| Untracked 
| 149|0x00000000e9500000, 0x00000000e9500000, 0x00000000e9600000|  0%| F|  |TAMS 0x00000000e9500000, 0x00000000e9500000| Untracked 
| 150|0x00000000e9600000, 0x00000000e9600000, 0x00000000e9700000|  0%| F|  |TAMS 0x00000000e9600000, 0x00000000e9600000| Untracked 
| 151|0x00000000e9700000, 0x00000000e9700000, 0x00000000e9800000|  0%| F|  |TAMS 0x00000000e9700000, 0x00000000e9700000| Untracked 
| 152|0x00000000e9800000, 0x00000000e9800000, 0x00000000e9900000|  0%| F|  |TAMS 0x00000000e9800000, 0x00000000e9800000| Untracked 
| 153|0x00000000e9900000, 0x00000000e9900000, 0x00000000e9a00000|  0%| F|  |TAMS 0x00000000e9900000, 0x00000000e9900000| Untracked 
| 154|0x00000000e9a00000, 0x00000000e9a00000, 0x00000000e9b00000|  0%| F|  |TAMS 0x00000000e9a00000, 0x00000000e9a00000| Untracked 
| 155|0x00000000e9b00000, 0x00000000e9b00000, 0x00000000e9c00000|  0%| F|  |TAMS 0x00000000e9b00000, 0x00000000e9b00000| Untracked 
| 156|0x00000000e9c00000, 0x00000000e9c00000, 0x00000000e9d00000|  0%| F|  |TAMS 0x00000000e9c00000, 0x00000000e9c00000| Untracked 
| 157|0x00000000e9d00000, 0x00000000e9d00000, 0x00000000e9e00000|  0%| F|  |TAMS 0x00000000e9d00000, 0x00000000e9d00000| Untracked 
| 158|0x00000000e9e00000, 0x00000000e9e00000, 0x00000000e9f00000|  0%| F|  |TAMS 0x00000000e9e00000, 0x00000000e9e00000| Untracked 
| 159|0x00000000e9f00000, 0x00000000e9f00000, 0x00000000ea000000|  0%| F|  |TAMS 0x00000000e9f00000, 0x00000000e9f00000| Untracked 
| 160|0x00000000ea000000, 0x00000000ea000000, 0x00000000ea100000|  0%| F|  |TAMS 0x00000000ea000000, 0x00000000ea000000| Untracked 
| 161|0x00000000ea100000, 0x00000000ea100000, 0x00000000ea200000|  0%| F|  |TAMS 0x00000000ea100000, 0x00000000ea100000| Untracked 
| 162|0x00000000ea200000, 0x00000000ea200000, 0x00000000ea300000|  0%| F|  |TAMS 0x00000000ea200000, 0x00000000ea200000| Untracked 
| 163|0x00000000ea300000, 0x00000000ea300000, 0x00000000ea400000|  0%| F|  |TAMS 0x00000000ea300000, 0x00000000ea300000| Untracked 
| 164|0x00000000ea400000, 0x00000000ea400000, 0x00000000ea500000|  0%| F|  |TAMS 0x00000000ea400000, 0x00000000ea400000| Untracked 
| 165|0x00000000ea500000, 0x00000000ea500000, 0x00000000ea600000|  0%| F|  |TAMS 0x00000000ea500000, 0x00000000ea500000| Untracked 
| 166|0x00000000ea600000, 0x00000000ea600000, 0x00000000ea700000|  0%| F|  |TAMS 0x00000000ea600000, 0x00000000ea600000| Untracked 
| 167|0x00000000ea700000, 0x00000000ea700000, 0x00000000ea800000|  0%| F|  |TAMS 0x00000000ea700000, 0x00000000ea700000| Untracked 
| 168|0x00000000ea800000, 0x00000000ea800000, 0x00000000ea900000|  0%| F|  |TAMS 0x00000000ea800000, 0x00000000ea800000| Untracked 
| 169|0x00000000ea900000, 0x00000000ea900000, 0x00000000eaa00000|  0%| F|  |TAMS 0x00000000ea900000, 0x00000000ea900000| Untracked 
| 170|0x00000000eaa00000, 0x00000000eaa00000, 0x00000000eab00000|  0%| F|  |TAMS 0x00000000eaa00000, 0x00000000eaa00000| Untracked 
| 171|0x00000000eab00000, 0x00000000eab00000, 0x00000000eac00000|  0%| F|  |TAMS 0x00000000eab00000, 0x00000000eab00000| Untracked 
| 172|0x00000000eac00000, 0x00000000eac00000, 0x00000000ead00000|  0%| F|  |TAMS 0x00000000eac00000, 0x00000000eac00000| Untracked 
| 173|0x00000000ead00000, 0x00000000ead00000, 0x00000000eae00000|  0%| F|  |TAMS 0x00000000ead00000, 0x00000000ead00000| Untracked 
| 174|0x00000000eae00000, 0x00000000eae00000, 0x00000000eaf00000|  0%| F|  |TAMS 0x00000000eae00000, 0x00000000eae00000| Untracked 
| 175|0x00000000eaf00000, 0x00000000eaf00000, 0x00000000eb000000|  0%| F|  |TAMS 0x00000000eaf00000, 0x00000000eaf00000| Untracked 
| 176|0x00000000eb000000, 0x00000000eb000000, 0x00000000eb100000|  0%| F|  |TAMS 0x00000000eb000000, 0x00000000eb000000| Untracked 
| 177|0x00000000eb100000, 0x00000000eb100000, 0x00000000eb200000|  0%| F|  |TAMS 0x00000000eb100000, 0x00000000eb100000| Untracked 
| 178|0x00000000eb200000, 0x00000000eb200000, 0x00000000eb300000|  0%| F|  |TAMS 0x00000000eb200000, 0x00000000eb200000| Untracked 
| 179|0x00000000eb300000, 0x00000000eb300000, 0x00000000eb400000|  0%| F|  |TAMS 0x00000000eb300000, 0x00000000eb300000| Untracked 
| 180|0x00000000eb400000, 0x00000000eb400000, 0x00000000eb500000|  0%| F|  |TAMS 0x00000000eb400000, 0x00000000eb400000| Untracked 
| 181|0x00000000eb500000, 0x00000000eb500000, 0x00000000eb600000|  0%| F|  |TAMS 0x00000000eb500000, 0x00000000eb500000| Untracked 
| 182|0x00000000eb600000, 0x00000000eb600000, 0x00000000eb700000|  0%| F|  |TAMS 0x00000000eb600000, 0x00000000eb600000| Untracked 
| 183|0x00000000eb700000, 0x00000000eb700000, 0x00000000eb800000|  0%| F|  |TAMS 0x00000000eb700000, 0x00000000eb700000| Untracked 
| 184|0x00000000eb800000, 0x00000000eb800000, 0x00000000eb900000|  0%| F|  |TAMS 0x00000000eb800000, 0x00000000eb800000| Untracked 
| 185|0x00000000eb900000, 0x00000000eb900000, 0x00000000eba00000|  0%| F|  |TAMS 0x00000000eb900000, 0x00000000eb900000| Untracked 
| 186|0x00000000eba00000, 0x00000000eba00000, 0x00000000ebb00000|  0%| F|  |TAMS 0x00000000eba00000, 0x00000000eba00000| Untracked 
| 187|0x00000000ebb00000, 0x00000000ebb00000, 0x00000000ebc00000|  0%| F|  |TAMS 0x00000000ebb00000, 0x00000000ebb00000| Untracked 
| 188|0x00000000ebc00000, 0x00000000ebc00000, 0x00000000ebd00000|  0%| F|  |TAMS 0x00000000ebc00000, 0x00000000ebc00000| Untracked 
| 189|0x00000000ebd00000, 0x00000000ebd00000, 0x00000000ebe00000|  0%| F|  |TAMS 0x00000000ebd00000, 0x00000000ebd00000| Untracked 
| 190|0x00000000ebe00000, 0x00000000ebe00000, 0x00000000ebf00000|  0%| F|  |TAMS 0x00000000ebe00000, 0x00000000ebe00000| Untracked 
| 191|0x00000000ebf00000, 0x00000000ebf00000, 0x00000000ec000000|  0%| F|  |TAMS 0x00000000ebf00000, 0x00000000ebf00000| Untracked 
| 192|0x00000000ec000000, 0x00000000ec000000, 0x00000000ec100000|  0%| F|  |TAMS 0x00000000ec000000, 0x00000000ec000000| Untracked 
| 193|0x00000000ec100000, 0x00000000ec100000, 0x00000000ec200000|  0%| F|  |TAMS 0x00000000ec100000, 0x00000000ec100000| Untracked 
| 194|0x00000000ec200000, 0x00000000ec200000, 0x00000000ec300000|  0%| F|  |TAMS 0x00000000ec200000, 0x00000000ec200000| Untracked 
| 195|0x00000000ec300000, 0x00000000ec300000, 0x00000000ec400000|  0%| F|  |TAMS 0x00000000ec300000, 0x00000000ec300000| Untracked 
| 196|0x00000000ec400000, 0x00000000ec400000, 0x00000000ec500000|  0%| F|  |TAMS 0x00000000ec400000, 0x00000000ec400000| Untracked 
| 197|0x00000000ec500000, 0x00000000ec500000, 0x00000000ec600000|  0%| F|  |TAMS 0x00000000ec500000, 0x00000000ec500000| Untracked 
| 198|0x00000000ec600000, 0x00000000ec600000, 0x00000000ec700000|  0%| F|  |TAMS 0x00000000ec600000, 0x00000000ec600000| Untracked 
| 199|0x00000000ec700000, 0x00000000ec700000, 0x00000000ec800000|  0%| F|  |TAMS 0x00000000ec700000, 0x00000000ec700000| Untracked 
| 200|0x00000000ec800000, 0x00000000ec800000, 0x00000000ec900000|  0%| F|  |TAMS 0x00000000ec800000, 0x00000000ec800000| Untracked 
| 201|0x00000000ec900000, 0x00000000ec900000, 0x00000000eca00000|  0%| F|  |TAMS 0x00000000ec900000, 0x00000000ec900000| Untracked 
| 202|0x00000000eca00000, 0x00000000eca00000, 0x00000000ecb00000|  0%| F|  |TAMS 0x00000000eca00000, 0x00000000eca00000| Untracked 
| 203|0x00000000ecb00000, 0x00000000ecb00000, 0x00000000ecc00000|  0%| F|  |TAMS 0x00000000ecb00000, 0x00000000ecb00000| Untracked 
| 204|0x00000000ecc00000, 0x00000000ecc00000, 0x00000000ecd00000|  0%| F|  |TAMS 0x00000000ecc00000, 0x00000000ecc00000| Untracked 
| 205|0x00000000ecd00000, 0x00000000ecd00000, 0x00000000ece00000|  0%| F|  |TAMS 0x00000000ecd00000, 0x00000000ecd00000| Untracked 
| 206|0x00000000ece00000, 0x00000000ece00000, 0x00000000ecf00000|  0%| F|  |TAMS 0x00000000ece00000, 0x00000000ece00000| Untracked 
| 207|0x00000000ecf00000, 0x00000000ecf00000, 0x00000000ed000000|  0%| F|  |TAMS 0x00000000ecf00000, 0x00000000ecf00000| Untracked 
| 208|0x00000000ed000000, 0x00000000ed000000, 0x00000000ed100000|  0%| F|  |TAMS 0x00000000ed000000, 0x00000000ed000000| Untracked 
| 209|0x00000000ed100000, 0x00000000ed100000, 0x00000000ed200000|  0%| F|  |TAMS 0x00000000ed100000, 0x00000000ed100000| Untracked 
| 210|0x00000000ed200000, 0x00000000ed280800, 0x00000000ed300000| 50%| E|  |TAMS 0x00000000ed200000, 0x00000000ed200000| Complete 
| 211|0x00000000ed300000, 0x00000000ed400000, 0x00000000ed400000|100%| E|CS|TAMS 0x00000000ed300000, 0x00000000ed300000| Complete 
| 212|0x00000000ed400000, 0x00000000ed500000, 0x00000000ed500000|100%| E|CS|TAMS 0x00000000ed400000, 0x00000000ed400000| Complete 
| 213|0x00000000ed500000, 0x00000000ed600000, 0x00000000ed600000|100%| E|CS|TAMS 0x00000000ed500000, 0x00000000ed500000| Complete 
| 214|0x00000000ed600000, 0x00000000ed700000, 0x00000000ed700000|100%| E|CS|TAMS 0x00000000ed600000, 0x00000000ed600000| Complete 
| 215|0x00000000ed700000, 0x00000000ed800000, 0x00000000ed800000|100%| E|CS|TAMS 0x00000000ed700000, 0x00000000ed700000| Complete 
| 216|0x00000000ed800000, 0x00000000ed900000, 0x00000000ed900000|100%| E|CS|TAMS 0x00000000ed800000, 0x00000000ed800000| Complete 
| 217|0x00000000ed900000, 0x00000000eda00000, 0x00000000eda00000|100%| E|CS|TAMS 0x00000000ed900000, 0x00000000ed900000| Complete 
| 218|0x00000000eda00000, 0x00000000edb00000, 0x00000000edb00000|100%| E|CS|TAMS 0x00000000eda00000, 0x00000000eda00000| Complete 
| 219|0x00000000edb00000, 0x00000000edc00000, 0x00000000edc00000|100%| E|CS|TAMS 0x00000000edb00000, 0x00000000edb00000| Complete 
| 220|0x00000000edc00000, 0x00000000edd00000, 0x00000000edd00000|100%| E|CS|TAMS 0x00000000edc00000, 0x00000000edc00000| Complete 
| 221|0x00000000edd00000, 0x00000000ede00000, 0x00000000ede00000|100%| E|CS|TAMS 0x00000000edd00000, 0x00000000edd00000| Complete 
| 222|0x00000000ede00000, 0x00000000edf00000, 0x00000000edf00000|100%| E|CS|TAMS 0x00000000ede00000, 0x00000000ede00000| Complete 
| 223|0x00000000edf00000, 0x00000000ee000000, 0x00000000ee000000|100%| E|CS|TAMS 0x00000000edf00000, 0x00000000edf00000| Complete 
| 224|0x00000000ee000000, 0x00000000ee100000, 0x00000000ee100000|100%| E|CS|TAMS 0x00000000ee000000, 0x00000000ee000000| Complete 
| 225|0x00000000ee100000, 0x00000000ee200000, 0x00000000ee200000|100%| E|CS|TAMS 0x00000000ee100000, 0x00000000ee100000| Complete 
| 226|0x00000000ee200000, 0x00000000ee300000, 0x00000000ee300000|100%| E|CS|TAMS 0x00000000ee200000, 0x00000000ee200000| Complete 
| 227|0x00000000ee300000, 0x00000000ee400000, 0x00000000ee400000|100%| E|CS|TAMS 0x00000000ee300000, 0x00000000ee300000| Complete 
| 228|0x00000000ee400000, 0x00000000ee500000, 0x00000000ee500000|100%| E|CS|TAMS 0x00000000ee400000, 0x00000000ee400000| Complete 
| 229|0x00000000ee500000, 0x00000000ee600000, 0x00000000ee600000|100%| E|CS|TAMS 0x00000000ee500000, 0x00000000ee500000| Complete 
| 230|0x00000000ee600000, 0x00000000ee700000, 0x00000000ee700000|100%| E|CS|TAMS 0x00000000ee600000, 0x00000000ee600000| Complete 
| 231|0x00000000ee700000, 0x00000000ee800000, 0x00000000ee800000|100%| E|CS|TAMS 0x00000000ee700000, 0x00000000ee700000| Complete 
| 232|0x00000000ee800000, 0x00000000ee900000, 0x00000000ee900000|100%| E|CS|TAMS 0x00000000ee800000, 0x00000000ee800000| Complete 
| 233|0x00000000ee900000, 0x00000000eea00000, 0x00000000eea00000|100%| E|CS|TAMS 0x00000000ee900000, 0x00000000ee900000| Complete 
| 234|0x00000000eea00000, 0x00000000eeb00000, 0x00000000eeb00000|100%| E|CS|TAMS 0x00000000eea00000, 0x00000000eea00000| Complete 
| 235|0x00000000eeb00000, 0x00000000eec00000, 0x00000000eec00000|100%| E|CS|TAMS 0x00000000eeb00000, 0x00000000eeb00000| Complete 
| 236|0x00000000eec00000, 0x00000000eed00000, 0x00000000eed00000|100%| E|CS|TAMS 0x00000000eec00000, 0x00000000eec00000| Complete 
| 237|0x00000000eed00000, 0x00000000eee00000, 0x00000000eee00000|100%| E|CS|TAMS 0x00000000eed00000, 0x00000000eed00000| Complete 
| 238|0x00000000eee00000, 0x00000000eef00000, 0x00000000eef00000|100%| E|CS|TAMS 0x00000000eee00000, 0x00000000eee00000| Complete 
| 239|0x00000000eef00000, 0x00000000ef000000, 0x00000000ef000000|100%| E|CS|TAMS 0x00000000eef00000, 0x00000000eef00000| Complete 
| 240|0x00000000ef000000, 0x00000000ef100000, 0x00000000ef100000|100%| E|CS|TAMS 0x00000000ef000000, 0x00000000ef000000| Complete 
| 241|0x00000000ef100000, 0x00000000ef200000, 0x00000000ef200000|100%| E|CS|TAMS 0x00000000ef100000, 0x00000000ef100000| Complete 
| 242|0x00000000ef200000, 0x00000000ef300000, 0x00000000ef300000|100%| E|CS|TAMS 0x00000000ef200000, 0x00000000ef200000| Complete 
| 243|0x00000000ef300000, 0x00000000ef400000, 0x00000000ef400000|100%| E|CS|TAMS 0x00000000ef300000, 0x00000000ef300000| Complete 
| 244|0x00000000ef400000, 0x00000000ef500000, 0x00000000ef500000|100%| E|CS|TAMS 0x00000000ef400000, 0x00000000ef400000| Complete 
| 245|0x00000000ef500000, 0x00000000ef600000, 0x00000000ef600000|100%| E|CS|TAMS 0x00000000ef500000, 0x00000000ef500000| Complete 
| 246|0x00000000ef600000, 0x00000000ef700000, 0x00000000ef700000|100%| E|CS|TAMS 0x00000000ef600000, 0x00000000ef600000| Complete 
| 247|0x00000000ef700000, 0x00000000ef800000, 0x00000000ef800000|100%| E|CS|TAMS 0x00000000ef700000, 0x00000000ef700000| Complete 
| 248|0x00000000ef800000, 0x00000000ef900000, 0x00000000ef900000|100%| E|CS|TAMS 0x00000000ef800000, 0x00000000ef800000| Complete 
| 249|0x00000000ef900000, 0x00000000efa00000, 0x00000000efa00000|100%| E|CS|TAMS 0x00000000ef900000, 0x00000000ef900000| Complete 
| 250|0x00000000efa00000, 0x00000000efb00000, 0x00000000efb00000|100%| S|CS|TAMS 0x00000000efa00000, 0x00000000efa00000| Complete 
| 251|0x00000000efb00000, 0x00000000efc00000, 0x00000000efc00000|100%| E|CS|TAMS 0x00000000efb00000, 0x00000000efb00000| Complete 
| 252|0x00000000efc00000, 0x00000000efd00000, 0x00000000efd00000|100%| E|CS|TAMS 0x00000000efc00000, 0x00000000efc00000| Complete 
| 253|0x00000000efd00000, 0x00000000efe00000, 0x00000000efe00000|100%| E|CS|TAMS 0x00000000efd00000, 0x00000000efd00000| Complete 
| 254|0x00000000efe00000, 0x00000000eff00000, 0x00000000eff00000|100%| E|CS|TAMS 0x00000000efe00000, 0x00000000efe00000| Complete 
| 255|0x00000000eff00000, 0x00000000f0000000, 0x00000000f0000000|100%| E|CS|TAMS 0x00000000eff00000, 0x00000000eff00000| Complete 

Card table byte_map: [0x000002bdeae70000,0x000002bdeaf70000] _byte_map_base: 0x000002bdea770000

Marking Bits (Prev, Next): (CMBitMap*) 0x000002bdd41d5240, (CMBitMap*) 0x000002bdd41d5280
 Prev Bits: [0x000002bdeb070000, 0x000002bdeb870000)
 Next Bits: [0x000002bdeb870000, 0x000002bdec070000)

Polling page: 0x000002bdd20e0000

Metaspace:

Usage:
  Non-class:     44.41 MB used.
      Class:      7.34 MB used.
       Both:     51.74 MB used.

Virtual space:
  Non-class space:       64.00 MB reserved,      44.69 MB ( 70%) committed,  1 nodes.
      Class space:      320.00 MB reserved,       7.62 MB (  2%) committed,  1 nodes.
             Both:      384.00 MB reserved,      52.31 MB ( 14%) committed. 

Chunk freelists:
   Non-Class:  2.50 MB
       Class:  8.22 MB
        Both:  10.72 MB

MaxMetaspaceSize: 384.00 MB
CompressedClassSpaceSize: 320.00 MB
Initial GC threshold: 21.00 MB
Current GC threshold: 60.00 MB
CDS: on
MetaspaceReclaimPolicy: balanced
 - commit_granule_bytes: 65536.
 - commit_granule_words: 8192.
 - virtual_space_node_default_size: 8388608.
 - enlarge_chunks_in_place: 1.
 - new_chunks_are_fully_committed: 0.
 - uncommit_free_chunks: 1.
 - use_allocation_guard: 0.
 - handle_deallocations: 1.


Internal statistics:

num_allocs_failed_limit: 12.
num_arena_births: 620.
num_arena_deaths: 0.
num_vsnodes_births: 2.
num_vsnodes_deaths: 0.
num_space_committed: 837.
num_space_uncommitted: 0.
num_chunks_returned_to_freelist: 12.
num_chunks_taken_from_freelist: 2848.
num_chunk_merges: 12.
num_chunk_splits: 1825.
num_chunks_enlarged: 1186.
num_inconsistent_stats: 0.

CodeHeap 'non-profiled nmethods': size=120000Kb used=3621Kb max_used=3621Kb free=116378Kb
 bounds [0x000002bde3510000, 0x000002bde38a0000, 0x000002bdeaa40000]
CodeHeap 'profiled nmethods': size=120000Kb used=11703Kb max_used=11703Kb free=108297Kb
 bounds [0x000002bddba40000, 0x000002bddc5b0000, 0x000002bde2f70000]
CodeHeap 'non-nmethods': size=5760Kb used=2348Kb max_used=2426Kb free=3411Kb
 bounds [0x000002bde2f70000, 0x000002bde31e0000, 0x000002bde3510000]
 total_blobs=6771 nmethods=5916 adapters=767
 compilation: enabled
              stopped_count=0, restarted_count=0
 full_count=0

Compilation events (20 events):
Event: 60.556 Thread 0x000002bdeeaaeb90 6660       2       groovy.lang.MetaClassImpl::filterPropertyMethod (305 bytes)
Event: 60.557 Thread 0x000002bdeeaaeb90 nmethod 6660 0x000002bddc5a4090 code [0x000002bddc5a4300, 0x000002bddc5a4c28]
Event: 60.562 Thread 0x000002bdeeaaeb90 6661       3       java.util.stream.ReferencePipeline::toArray (18 bytes)
Event: 60.562 Thread 0x000002bdeeaaeb90 nmethod 6661 0x000002bddc5a5190 code [0x000002bddc5a5340, 0x000002bddc5a5588]
Event: 60.562 Thread 0x000002bdeeaaeb90 6662       3       java.util.stream.AbstractPipeline::evaluateToArrayNode (78 bytes)
Event: 60.562 Thread 0x000002bdeeaaeb90 nmethod 6662 0x000002bddc5a5690 code [0x000002bddc5a58a0, 0x000002bddc5a5e78]
Event: 60.562 Thread 0x000002bdeeaaeb90 6663       3       java.util.stream.AbstractPipeline::evaluate (44 bytes)
Event: 60.563 Thread 0x000002bdeeaaeb90 nmethod 6663 0x000002bddc5a6090 code [0x000002bddc5a62e0, 0x000002bddc5a6be8]
Event: 60.563 Thread 0x000002bdeeaaeb90 6664       3       java.util.stream.ReferencePipeline::makeNodeBuilder (6 bytes)
Event: 60.564 Thread 0x000002bdeeaaeb90 nmethod 6664 0x000002bddc5a6e90 code [0x000002bddc5a7020, 0x000002bddc5a7168]
Event: 60.564 Thread 0x000002bdeeaaeb90 6665       3       java.util.stream.Nodes::builder (30 bytes)
Event: 60.564 Thread 0x000002bdeeaaeb90 nmethod 6665 0x000002bddc5a7210 code [0x000002bddc5a7400, 0x000002bddc5a7a28]
Event: 60.564 Thread 0x000002bdeeaaeb90 6666       3       java.util.stream.Nodes::flatten (70 bytes)
Event: 60.564 Thread 0x000002bdeeaaeb90 nmethod 6666 0x000002bddc5a7c10 code [0x000002bddc5a7e40, 0x000002bddc5a86b8]
Event: 60.569 Thread 0x000002bdeeaae0e0 nmethod 6651 0x000002bde3892890 code [0x000002bde3892b80, 0x000002bde3894a68]
Event: 60.570 Thread 0x000002bdeeaae0e0 6658       4       java.beans.FeatureDescriptor::getClass0 (22 bytes)
Event: 60.571 Thread 0x000002bdeeaae0e0 nmethod 6658 0x000002bde3895b10 code [0x000002bde3895ca0, 0x000002bde3895db8]
Event: 60.571 Thread 0x000002bdeeaae0e0 6652       4       java.util.StringJoiner::<init> (63 bytes)
Event: 60.576 Thread 0x000002bdeeaae0e0 nmethod 6652 0x000002bde3895e90 code [0x000002bde3896020, 0x000002bde3896478]
Event: 60.576 Thread 0x000002bdeeaae0e0 6653       4       java.util.StringJoiner::toString (53 bytes)

GC Heap History (18 events):
Event: 1.510 GC heap before
{Heap before GC invocations=0 (full 0):
 garbage-first heap   total 262144K, used 22528K [0x00000000e0000000, 0x0000000100000000)
  region size 1024K, 23 young (23552K), 0 survivors (0K)
 Metaspace       used 1092K, committed 1216K, reserved 393216K
  class space    used 74K, committed 128K, reserved 327680K
}
Event: 1.752 GC heap after
{Heap after GC invocations=1 (full 0):
 garbage-first heap   total 262144K, used 2567K [0x00000000e0000000, 0x0000000100000000)
  region size 1024K, 3 young (3072K), 3 survivors (3072K)
 Metaspace       used 1092K, committed 1216K, reserved 393216K
  class space    used 74K, committed 128K, reserved 327680K
}
Event: 3.960 GC heap before
{Heap before GC invocations=1 (full 0):
 garbage-first heap   total 262144K, used 38407K [0x00000000e0000000, 0x0000000100000000)
  region size 1024K, 36 young (36864K), 3 survivors (3072K)
 Metaspace       used 4399K, committed 4544K, reserved 393216K
  class space    used 549K, committed 640K, reserved 327680K
}
Event: 3.966 GC heap after
{Heap after GC invocations=2 (full 0):
 garbage-first heap   total 262144K, used 10915K [0x00000000e0000000, 0x0000000100000000)
  region size 1024K, 5 young (5120K), 5 survivors (5120K)
 Metaspace       used 4399K, committed 4544K, reserved 393216K
  class space    used 549K, committed 640K, reserved 327680K
}
Event: 5.101 GC heap before
{Heap before GC invocations=2 (full 0):
 garbage-first heap   total 262144K, used 55971K [0x00000000e0000000, 0x0000000100000000)
  region size 1024K, 47 young (48128K), 5 survivors (5120K)
 Metaspace       used 4605K, committed 4800K, reserved 393216K
  class space    used 569K, committed 640K, reserved 327680K
}
Event: 5.107 GC heap after
{Heap after GC invocations=3 (full 0):
 garbage-first heap   total 262144K, used 16263K [0x00000000e0000000, 0x0000000100000000)
  region size 1024K, 5 young (5120K), 5 survivors (5120K)
 Metaspace       used 4605K, committed 4800K, reserved 393216K
  class space    used 569K, committed 640K, reserved 327680K
}
Event: 14.963 GC heap before
{Heap before GC invocations=3 (full 0):
 garbage-first heap   total 262144K, used 127879K [0x00000000e0000000, 0x0000000100000000)
  region size 1024K, 115 young (117760K), 5 survivors (5120K)
 Metaspace       used 21213K, committed 21504K, reserved 393216K
  class space    used 3100K, committed 3264K, reserved 327680K
}
Event: 14.983 GC heap after
{Heap after GC invocations=4 (full 0):
 garbage-first heap   total 262144K, used 24017K [0x00000000e0000000, 0x0000000100000000)
  region size 1024K, 12 young (12288K), 12 survivors (12288K)
 Metaspace       used 21213K, committed 21504K, reserved 393216K
  class space    used 3100K, committed 3264K, reserved 327680K
}
Event: 25.054 GC heap before
{Heap before GC invocations=5 (full 0):
 garbage-first heap   total 262144K, used 147921K [0x00000000e0000000, 0x0000000100000000)
  region size 1024K, 130 young (133120K), 12 survivors (12288K)
 Metaspace       used 36052K, committed 36480K, reserved 393216K
  class space    used 5007K, committed 5184K, reserved 327680K
}
Event: 25.076 GC heap after
{Heap after GC invocations=6 (full 0):
 garbage-first heap   total 262144K, used 32393K [0x00000000e0000000, 0x0000000100000000)
  region size 1024K, 16 young (16384K), 16 survivors (16384K)
 Metaspace       used 36052K, committed 36480K, reserved 393216K
  class space    used 5007K, committed 5184K, reserved 327680K
}
Event: 25.242 GC heap before
{Heap before GC invocations=6 (full 0):
 garbage-first heap   total 262144K, used 32393K [0x00000000e0000000, 0x0000000100000000)
  region size 1024K, 17 young (17408K), 16 survivors (16384K)
 Metaspace       used 36156K, committed 36672K, reserved 393216K
  class space    used 5023K, committed 5248K, reserved 327680K
}
Event: 25.264 GC heap after
{Heap after GC invocations=7 (full 0):
 garbage-first heap   total 262144K, used 32803K [0x00000000e0000000, 0x0000000100000000)
  region size 1024K, 2 young (2048K), 2 survivors (2048K)
 Metaspace       used 36156K, committed 36672K, reserved 393216K
  class space    used 5023K, committed 5248K, reserved 327680K
}
Event: 25.440 GC heap before
{Heap before GC invocations=7 (full 0):
 garbage-first heap   total 262144K, used 33827K [0x00000000e0000000, 0x0000000100000000)
  region size 1024K, 4 young (4096K), 2 survivors (2048K)
 Metaspace       used 36373K, committed 36800K, reserved 393216K
  class space    used 5057K, committed 5248K, reserved 327680K
}
Event: 25.443 GC heap after
{Heap after GC invocations=8 (full 0):
 garbage-first heap   total 262144K, used 31380K [0x00000000e0000000, 0x0000000100000000)
  region size 1024K, 1 young (1024K), 1 survivors (1024K)
 Metaspace       used 36373K, committed 36800K, reserved 393216K
  class space    used 5057K, committed 5248K, reserved 327680K
}
Event: 58.100 GC heap before
{Heap before GC invocations=9 (full 0):
 garbage-first heap   total 262144K, used 188052K [0x00000000e0000000, 0x0000000100000000)
  region size 1024K, 153 young (156672K), 1 survivors (1024K)
 Metaspace       used 50178K, committed 50816K, reserved 393216K
  class space    used 7076K, committed 7360K, reserved 327680K
}
Event: 58.113 GC heap after
{Heap after GC invocations=10 (full 0):
 garbage-first heap   total 262144K, used 37786K [0x00000000e0000000, 0x0000000100000000)
  region size 1024K, 7 young (7168K), 7 survivors (7168K)
 Metaspace       used 50178K, committed 50816K, reserved 393216K
  class space    used 7076K, committed 7360K, reserved 327680K
}
Event: 58.368 GC heap before
{Heap before GC invocations=10 (full 0):
 garbage-first heap   total 262144K, used 42906K [0x00000000e0000000, 0x0000000100000000)
  region size 1024K, 12 young (12288K), 7 survivors (7168K)
 Metaspace       used 50670K, committed 51264K, reserved 393216K
  class space    used 7151K, committed 7424K, reserved 327680K
}
Event: 58.376 GC heap after
{Heap after GC invocations=11 (full 0):
 garbage-first heap   total 262144K, used 38312K [0x00000000e0000000, 0x0000000100000000)
  region size 1024K, 1 young (1024K), 1 survivors (1024K)
 Metaspace       used 50670K, committed 51264K, reserved 393216K
  class space    used 7151K, committed 7424K, reserved 327680K
}

Deoptimization events (20 events):
Event: 60.434 Thread 0x000002bdf4763d70 Uncommon trap: trap_request=0xffffffde fr.pc=0x000002bde387ace8 relative=0x0000000000001fe8
Event: 60.434 Thread 0x000002bdf4763d70 Uncommon trap: reason=class_check action=maybe_recompile pc=0x000002bde387ace8 method=groovy.lang.MetaClassImpl.filterPropertyMethod(Ljava/lang/Object;ZZ)Ljava/lang/Object; @ 133 c2
Event: 60.434 Thread 0x000002bdf4763d70 DEOPT PACKING pc=0x000002bde387ace8 sp=0x000000e074df7120
Event: 60.434 Thread 0x000002bdf4763d70 DEOPT UNPACKING pc=0x000002bde2fc5ba3 sp=0x000000e074df7120 mode 2
Event: 60.434 Thread 0x000002bdf4763d70 Uncommon trap: trap_request=0xffffffde fr.pc=0x000002bde387ace8 relative=0x0000000000001fe8
Event: 60.434 Thread 0x000002bdf4763d70 Uncommon trap: reason=class_check action=maybe_recompile pc=0x000002bde387ace8 method=groovy.lang.MetaClassImpl.filterPropertyMethod(Ljava/lang/Object;ZZ)Ljava/lang/Object; @ 133 c2
Event: 60.434 Thread 0x000002bdf4763d70 DEOPT PACKING pc=0x000002bde387ace8 sp=0x000000e074df7120
Event: 60.434 Thread 0x000002bdf4763d70 DEOPT UNPACKING pc=0x000002bde2fc5ba3 sp=0x000000e074df7120 mode 2
Event: 60.447 Thread 0x000002bdf4763d70 Uncommon trap: trap_request=0xffffffdc fr.pc=0x000002bde38892c0 relative=0x00000000000002a0
Event: 60.447 Thread 0x000002bdf4763d70 Uncommon trap: reason=class_check action=make_not_entrant pc=0x000002bde38892c0 method=java.util.ArrayList.toArray([Ljava/lang/Object;)[Ljava/lang/Object; @ 21 c2
Event: 60.447 Thread 0x000002bdf4763d70 DEOPT PACKING pc=0x000002bde38892c0 sp=0x000000e074df5dd0
Event: 60.447 Thread 0x000002bdf4763d70 DEOPT UNPACKING pc=0x000002bde2fc5ba3 sp=0x000000e074df5d90 mode 2
Event: 60.497 Thread 0x000002bdf4763d70 Uncommon trap: trap_request=0xffffffc6 fr.pc=0x000002bde3766940 relative=0x0000000000004ae0
Event: 60.497 Thread 0x000002bdf4763d70 Uncommon trap: reason=bimorphic_or_optimized_type_check action=maybe_recompile pc=0x000002bde3766940 method=org.codehaus.groovy.runtime.metaclass.MetaMethodIndex.isOverridden(Lgroovy/lang/MetaMethod;Lgroovy/lang/MetaMethod;)Z @ 10 c2
Event: 60.497 Thread 0x000002bdf4763d70 DEOPT PACKING pc=0x000002bde3766940 sp=0x000000e074df5de0
Event: 60.497 Thread 0x000002bdf4763d70 DEOPT UNPACKING pc=0x000002bde2fc5ba3 sp=0x000000e074df5dc8 mode 2
Event: 60.555 Thread 0x000002bdf4763d70 Uncommon trap: trap_request=0xffffffde fr.pc=0x000002bde387ace8 relative=0x0000000000001fe8
Event: 60.555 Thread 0x000002bdf4763d70 Uncommon trap: reason=class_check action=maybe_recompile pc=0x000002bde387ace8 method=groovy.lang.MetaClassImpl.filterPropertyMethod(Ljava/lang/Object;ZZ)Ljava/lang/Object; @ 133 c2
Event: 60.555 Thread 0x000002bdf4763d70 DEOPT PACKING pc=0x000002bde387ace8 sp=0x000000e074df5e20
Event: 60.555 Thread 0x000002bdf4763d70 DEOPT UNPACKING pc=0x000002bde2fc5ba3 sp=0x000000e074df5e20 mode 2

Classes unloaded (0 events):
No events

Classes redefined (0 events):
No events

Internal exceptions (20 events):
Event: 60.353 Thread 0x000002bdf4763d70 Exception <a 'java/lang/ClassNotFoundException'{0x00000000edd9cec8}: org/gradle/api/internal/DefaultNamedDomainObjectSetBeanInfo> (0x00000000edd9cec8) 
thrown [s\open\src\hotspot\share\classfile\systemDictionary.cpp, line 256]
Event: 60.354 Thread 0x000002bdf4763d70 Exception <a 'java/lang/ClassNotFoundException'{0x00000000eddb1868}: org/gradle/api/internal/DefaultNamedDomainObjectCollectionBeanInfo> (0x00000000eddb1868) 
thrown [s\open\src\hotspot\share\classfile\systemDictionary.cpp, line 256]
Event: 60.355 Thread 0x000002bdf4763d70 Exception <a 'java/lang/ClassNotFoundException'{0x00000000eddc6a78}: org/gradle/api/internal/DefaultDomainObjectCollectionBeanInfo> (0x00000000eddc6a78) 
thrown [s\open\src\hotspot\share\classfile\systemDictionary.cpp, line 256]
Event: 60.355 Thread 0x000002bdf4763d70 Exception <a 'java/lang/ClassNotFoundException'{0x00000000eddce7c0}: java/util/AbstractCollectionBeanInfo> (0x00000000eddce7c0) 
thrown [s\open\src\hotspot\share\classfile\systemDictionary.cpp, line 256]
Event: 60.356 Thread 0x000002bdf4763d70 Exception <a 'java/lang/ClassNotFoundException'{0x00000000eddd5cf0}: java/util/AbstractCollectionCustomizer> (0x00000000eddd5cf0) 
thrown [s\open\src\hotspot\share\classfile\systemDictionary.cpp, line 256]
Event: 60.364 Thread 0x000002bdf4763d70 Exception <a 'java/lang/ClassNotFoundException'{0x00000000eddf45b0}: org/gradle/api/internal/DefaultDomainObjectCollectionCustomizer> (0x00000000eddf45b0) 
thrown [s\open\src\hotspot\share\classfile\systemDictionary.cpp, line 256]
Event: 60.366 Thread 0x000002bdf4763d70 Exception <a 'java/lang/ClassNotFoundException'{0x00000000edc28500}: org/gradle/api/internal/DefaultNamedDomainObjectCollectionCustomizer> (0x00000000edc28500) 
thrown [s\open\src\hotspot\share\classfile\systemDictionary.cpp, line 256]
Event: 60.370 Thread 0x000002bdf4763d70 Exception <a 'java/lang/ClassNotFoundException'{0x00000000edc659e0}: org/gradle/api/internal/DefaultNamedDomainObjectSetCustomizer> (0x00000000edc659e0) 
thrown [s\open\src\hotspot\share\classfile\systemDictionary.cpp, line 256]
Event: 60.373 Thread 0x000002bdf4763d70 Exception <a 'java/lang/ClassNotFoundException'{0x00000000edc95858}: org/gradle/api/internal/AbstractNamedDomainObjectContainerCustomizer> (0x00000000edc95858) 
thrown [s\open\src\hotspot\share\classfile\systemDictionary.cpp, line 256]
Event: 60.382 Thread 0x000002bdf4763d70 Exception <a 'java/lang/ClassNotFoundException'{0x00000000edcbda88}: org/gradle/api/internal/AbstractValidatingNamedDomainObjectContainerCustomizer> (0x00000000edcbda88) 
thrown [s\open\src\hotspot\share\classfile\systemDictionary.cpp, line 256]
Event: 60.416 Thread 0x000002bdf4763d70 Exception <a 'java/lang/ClassNotFoundException'{0x00000000edce20d0}: org/gradle/api/internal/artifacts/configurations/DefaultConfigurationContainerCustomizer> (0x00000000edce20d0) 
thrown [s\open\src\hotspot\share\classfile\systemDictionary.cpp, line 256]
Event: 60.423 Thread 0x000002bdf4763d70 Exception <a 'java/lang/ClassNotFoundException'{0x00000000edb2f4b0}: org/gradle/api/internal/artifacts/configurations/DefaultConfigurationContainer_DecoratedCustomizer> (0x00000000edb2f4b0) 
thrown [s\open\src\hotspot\share\classfile\systemDictionary.cpp, line 256]
Event: 60.503 Thread 0x000002bdf4763d70 Exception <a 'java/lang/ClassNotFoundException'{0x00000000ed9d3568}: org/gradle/api/internal/artifacts/configurations/DefaultUnlockedConfiguration_DecoratedBeanInfo> (0x00000000ed9d3568) 
thrown [s\open\src\hotspot\share\classfile\systemDictionary.cpp, line 256]
Event: 60.505 Thread 0x000002bdf4763d70 Exception <a 'java/lang/ClassNotFoundException'{0x00000000ed9ec860}: org/gradle/api/internal/artifacts/configurations/DefaultUnlockedConfigurationBeanInfo> (0x00000000ed9ec860) 
thrown [s\open\src\hotspot\share\classfile\systemDictionary.cpp, line 256]
Event: 60.505 Thread 0x000002bdf4763d70 Exception <a 'java/lang/ClassNotFoundException'{0x00000000ed805fb8}: org/gradle/api/internal/artifacts/configurations/DefaultConfigurationBeanInfo> (0x00000000ed805fb8) 
thrown [s\open\src\hotspot\share\classfile\systemDictionary.cpp, line 256]
Event: 60.506 Thread 0x000002bdf4763d70 Exception <a 'java/lang/ClassNotFoundException'{0x00000000ed81c350}: org/gradle/api/internal/file/AbstractFileCollectionBeanInfo> (0x00000000ed81c350) 
thrown [s\open\src\hotspot\share\classfile\systemDictionary.cpp, line 256]
Event: 60.507 Thread 0x000002bdf4763d70 Exception <a 'java/lang/ClassNotFoundException'{0x00000000ed8326b0}: org/gradle/api/internal/file/AbstractFileCollectionCustomizer> (0x00000000ed8326b0) 
thrown [s\open\src\hotspot\share\classfile\systemDictionary.cpp, line 256]
Event: 60.513 Thread 0x000002bdf4763d70 Exception <a 'java/lang/ClassNotFoundException'{0x00000000ed85d240}: org/gradle/api/internal/artifacts/configurations/DefaultConfigurationCustomizer> (0x00000000ed85d240) 
thrown [s\open\src\hotspot\share\classfile\systemDictionary.cpp, line 256]
Event: 60.526 Thread 0x000002bdf4763d70 Exception <a 'java/lang/ClassNotFoundException'{0x00000000ed8cace0}: org/gradle/api/internal/artifacts/configurations/DefaultUnlockedConfigurationCustomizer> (0x00000000ed8cace0) 
thrown [s\open\src\hotspot\share\classfile\systemDictionary.cpp, line 256]
Event: 60.528 Thread 0x000002bdf4763d70 Exception <a 'java/lang/ClassNotFoundException'{0x00000000ed8f1a00}: org/gradle/api/internal/artifacts/configurations/DefaultUnlockedConfiguration_DecoratedCustomizer> (0x00000000ed8f1a00) 
thrown [s\open\src\hotspot\share\classfile\systemDictionary.cpp, line 256]

VM Operations (20 events):
Event: 54.390 Executing VM operation: Cleanup
Event: 54.390 Executing VM operation: Cleanup done
Event: 55.391 Executing VM operation: Cleanup
Event: 55.392 Executing VM operation: Cleanup done
Event: 57.020 Executing VM operation: HandshakeAllThreads
Event: 57.020 Executing VM operation: HandshakeAllThreads done
Event: 57.020 Executing VM operation: Cleanup
Event: 57.021 Executing VM operation: Cleanup done
Event: 57.803 Executing VM operation: ICBufferFull
Event: 57.804 Executing VM operation: ICBufferFull done
Event: 57.969 Executing VM operation: ICBufferFull
Event: 57.969 Executing VM operation: ICBufferFull done
Event: 58.100 Executing VM operation: G1CollectForAllocation
Event: 58.114 Executing VM operation: G1CollectForAllocation done
Event: 58.368 Executing VM operation: G1CollectForAllocation
Event: 58.376 Executing VM operation: G1CollectForAllocation done
Event: 59.383 Executing VM operation: Cleanup
Event: 59.383 Executing VM operation: Cleanup done
Event: 60.428 Executing VM operation: ICBufferFull
Event: 60.428 Executing VM operation: ICBufferFull done

Events (20 events):
Event: 59.714 loading class java/util/stream/ReduceOps$CountingSink done
Event: 59.714 loading class java/util/stream/ReduceOps$CountingSink$OfRef done
Event: 60.113 loading class sun/reflect/generics/tree/BooleanSignature
Event: 60.114 loading class sun/reflect/generics/tree/BooleanSignature done
Event: 60.126 loading class org/xml/sax/Locator
Event: 60.127 loading class org/xml/sax/Locator done
Event: 60.127 loading class org/xml/sax/SAXParseException
Event: 60.127 loading class org/xml/sax/SAXParseException done
Event: 60.129 loading class org/xml/sax/Attributes
Event: 60.130 loading class org/xml/sax/Attributes done
Event: 60.355 loading class java/util/AbstractCollectionBeanInfo
Event: 60.355 loading class java/util/AbstractCollectionBeanInfo done
Event: 60.355 loading class java/util/AbstractCollectionBeanInfo
Event: 60.355 loading class java/util/AbstractCollectionBeanInfo done
Event: 60.355 loading class java/util/AbstractCollectionCustomizer
Event: 60.355 loading class java/util/AbstractCollectionCustomizer done
Event: 60.356 loading class java/util/AbstractCollectionCustomizer
Event: 60.356 loading class java/util/AbstractCollectionCustomizer done
Event: 60.356 loading class sun/reflect/generics/reflectiveObjects/GenericArrayTypeImpl
Event: 60.360 loading class sun/reflect/generics/reflectiveObjects/GenericArrayTypeImpl done


Dynamic libraries:
0x00007ff72efb0000 - 0x00007ff72efc0000 	D:\downApp\bin\java.exe
0x00007ff9082d0000 - 0x00007ff9084e7000 	C:\WINDOWS\SYSTEM32\ntdll.dll
0x00007ff907cf0000 - 0x00007ff907db4000 	C:\WINDOWS\System32\KERNEL32.DLL
0x00007ff905960000 - 0x00007ff905d33000 	C:\WINDOWS\System32\KERNELBASE.dll
0x00007ff905620000 - 0x00007ff905731000 	C:\WINDOWS\System32\ucrtbase.dll
0x00007ff8f6350000 - 0x00007ff8f6369000 	D:\downApp\bin\jli.dll
0x00007ff907c00000 - 0x00007ff907cb1000 	C:\WINDOWS\System32\ADVAPI32.dll
0x00007ff907b20000 - 0x00007ff907bc7000 	C:\WINDOWS\System32\msvcrt.dll
0x00007ff905f70000 - 0x00007ff906018000 	C:\WINDOWS\System32\sechost.dll
0x00007ff9053e0000 - 0x00007ff905408000 	C:\WINDOWS\System32\bcrypt.dll
0x00007ff906150000 - 0x00007ff906264000 	C:\WINDOWS\System32\RPCRT4.dll
0x00007ff907610000 - 0x00007ff9077c1000 	C:\WINDOWS\System32\USER32.dll
0x00007ff905f40000 - 0x00007ff905f66000 	C:\WINDOWS\System32\win32u.dll
0x00007ff907bd0000 - 0x00007ff907bf9000 	C:\WINDOWS\System32\GDI32.dll
0x00007ff9057c0000 - 0x00007ff9058db000 	C:\WINDOWS\System32\gdi32full.dll
0x00007ff905580000 - 0x00007ff90561a000 	C:\WINDOWS\System32\msvcp_win.dll
0x00007ff8e4fa0000 - 0x00007ff8e4fbb000 	D:\downApp\bin\VCRUNTIME140.dll
0x00007ff8fae80000 - 0x00007ff8fb118000 	C:\WINDOWS\WinSxS\amd64_microsoft.windows.common-controls_6595b64144ccf1df_6.0.22621.5124_none_270e8f4f7386d69d\COMCTL32.dll
0x00007ff8fe930000 - 0x00007ff8fe93a000 	C:\WINDOWS\SYSTEM32\VERSION.dll
0x00007ff906270000 - 0x00007ff9062a1000 	C:\WINDOWS\System32\IMM32.DLL
0x00007ff8e4f90000 - 0x00007ff8e4f9c000 	D:\downApp\bin\vcruntime140_1.dll
0x00007ff8e4fc0000 - 0x00007ff8e504e000 	D:\downApp\bin\msvcp140.dll
0x00007ff8a0ca0000 - 0x00007ff8a1881000 	D:\downApp\bin\server\jvm.dll
0x00007ff906540000 - 0x00007ff906548000 	C:\WINDOWS\System32\PSAPI.DLL
0x00007ff8f6950000 - 0x00007ff8f6959000 	C:\WINDOWS\SYSTEM32\WSOCK32.dll
0x00007ff908190000 - 0x00007ff908201000 	C:\WINDOWS\System32\WS2_32.dll
0x00007ff8f99c0000 - 0x00007ff8f99f4000 	C:\WINDOWS\SYSTEM32\WINMM.dll
0x00007ff9044d0000 - 0x00007ff9044e8000 	C:\WINDOWS\SYSTEM32\kernel.appcore.dll
0x00007ff8f68f0000 - 0x00007ff8f68fa000 	D:\downApp\bin\jimage.dll
0x00007ff902950000 - 0x00007ff902b82000 	C:\WINDOWS\SYSTEM32\DBGHELP.DLL
0x00007ff906550000 - 0x00007ff9068e2000 	C:\WINDOWS\System32\combase.dll
0x00007ff9062b0000 - 0x00007ff906387000 	C:\WINDOWS\System32\OLEAUT32.dll
0x00007ff8f2700000 - 0x00007ff8f2732000 	C:\WINDOWS\SYSTEM32\dbgcore.DLL
0x00007ff905740000 - 0x00007ff9057bb000 	C:\WINDOWS\System32\bcryptPrimitives.dll
0x00007ff8f6320000 - 0x00007ff8f632e000 	D:\downApp\bin\instrument.dll
0x00007ff8f0310000 - 0x00007ff8f0335000 	D:\downApp\bin\java.dll
0x00007ff8cfd40000 - 0x00007ff8cfe17000 	D:\downApp\bin\jsvml.dll
0x00007ff9068f0000 - 0x00007ff907186000 	C:\WINDOWS\System32\SHELL32.dll
0x00007ff905e00000 - 0x00007ff905f3f000 	C:\WINDOWS\System32\wintypes.dll
0x00007ff9032c0000 - 0x00007ff903bda000 	C:\WINDOWS\SYSTEM32\windows.storage.dll
0x00007ff9077d0000 - 0x00007ff9078da000 	C:\WINDOWS\System32\SHCORE.dll
0x00007ff908210000 - 0x00007ff908273000 	C:\WINDOWS\System32\shlwapi.dll
0x00007ff905310000 - 0x00007ff90533b000 	C:\WINDOWS\SYSTEM32\profapi.dll
0x00007ff8f53e0000 - 0x00007ff8f53f8000 	D:\downApp\bin\zip.dll
0x00007ff8f18f0000 - 0x00007ff8f1909000 	D:\downApp\bin\net.dll
0x00007ff8ff6e0000 - 0x00007ff8ff80c000 	C:\WINDOWS\SYSTEM32\WINHTTP.dll
0x00007ff904940000 - 0x00007ff9049aa000 	C:\WINDOWS\system32\mswsock.dll
0x00007ff8f0490000 - 0x00007ff8f04a6000 	D:\downApp\bin\nio.dll
0x00007ff8f45c0000 - 0x00007ff8f45d0000 	D:\downApp\bin\verify.dll
0x00007ff8da920000 - 0x00007ff8da947000 	C:\Users\ASUS\.gradle\native\1def1411415f61bf3af743bc5b6707747c0891f09f0c88961ee8f79bc544acac\windows-amd64\native-platform.dll
0x00007ff8b3960000 - 0x00007ff8b39d8000 	C:\Users\ASUS\.gradle\native\0.2.7\x86_64-windows-gnu\gradle-fileevents.dll
0x00007ff8f1ce0000 - 0x00007ff8f1cea000 	D:\downApp\bin\management.dll
0x00007ff8f14f0000 - 0x00007ff8f14fb000 	D:\downApp\bin\management_ext.dll
0x00007ff903ef0000 - 0x00007ff903f1d000 	C:\WINDOWS\SYSTEM32\IPHLPAPI.DLL
0x00007ff907aa0000 - 0x00007ff907aa9000 	C:\WINDOWS\System32\NSI.dll
0x00007ff8fee10000 - 0x00007ff8fee29000 	C:\WINDOWS\SYSTEM32\dhcpcsvc6.DLL
0x00007ff8fedc0000 - 0x00007ff8feddf000 	C:\WINDOWS\SYSTEM32\dhcpcsvc.DLL
0x00007ff903f20000 - 0x00007ff904022000 	C:\WINDOWS\SYSTEM32\DNSAPI.dll
0x00007ff904b70000 - 0x00007ff904b8b000 	C:\WINDOWS\SYSTEM32\CRYPTSP.dll
0x00007ff904420000 - 0x00007ff904457000 	C:\WINDOWS\system32\rsaenh.dll
0x00007ff904a00000 - 0x00007ff904a28000 	C:\WINDOWS\SYSTEM32\USERENV.dll
0x00007ff904b60000 - 0x00007ff904b6c000 	C:\WINDOWS\SYSTEM32\CRYPTBASE.dll
0x00007ff8f1470000 - 0x00007ff8f147e000 	D:\downApp\bin\sunmscapi.dll
0x00007ff905410000 - 0x00007ff905577000 	C:\WINDOWS\System32\CRYPT32.dll
0x00007ff904d70000 - 0x00007ff904d9d000 	C:\WINDOWS\SYSTEM32\ncrypt.dll
0x00007ff904d30000 - 0x00007ff904d67000 	C:\WINDOWS\SYSTEM32\NTASN1.dll
0x00007ff8cbc90000 - 0x00007ff8cbc98000 	C:\WINDOWS\system32\wshunix.dll

dbghelp: loaded successfully - version: 4.0.5 - missing functions: none
symbol engine: initialized successfully - sym options: 0x614 - pdb path: .;D:\downApp\bin;C:\WINDOWS\SYSTEM32;C:\WINDOWS\WinSxS\amd64_microsoft.windows.common-controls_6595b64144ccf1df_6.0.22621.5124_none_270e8f4f7386d69d;D:\downApp\bin\server;C:\Users\ASUS\.gradle\native\1def1411415f61bf3af743bc5b6707747c0891f09f0c88961ee8f79bc544acac\windows-amd64;C:\Users\ASUS\.gradle\native\0.2.7\x86_64-windows-gnu

VM Arguments:
jvm_args: --add-opens=java.base/java.lang=ALL-UNNAMED --add-opens=java.base/java.lang.invoke=ALL-UNNAMED --add-opens=java.base/java.util=ALL-UNNAMED --add-opens=java.prefs/java.util.prefs=ALL-UNNAMED --add-exports=jdk.compiler/com.sun.tools.javac.api=ALL-UNNAMED --add-exports=jdk.compiler/com.sun.tools.javac.util=ALL-UNNAMED --add-opens=java.base/java.util=ALL-UNNAMED --add-opens=java.prefs/java.util.prefs=ALL-UNNAMED --add-opens=java.base/java.nio.charset=ALL-UNNAMED --add-opens=java.base/java.net=ALL-UNNAMED --add-opens=java.base/java.util.concurrent.atomic=ALL-UNNAMED --add-opens=java.xml/javax.xml.namespace=ALL-UNNAMED -XX:MaxMetaspaceSize=384m -XX:+HeapDumpOnOutOfMemoryError -Xms256m -Xmx512m -Dfile.encoding=UTF-8 -Duser.country=US -Duser.language=en -Duser.variant -javaagent:C:\Users\ASUS\.gradle\wrapper\dists\gradle-8.13-bin\5xuhj0ry160q40clulazy9h7d\gradle-8.13\lib\agents\gradle-instrumentation-agent-8.13.jar 
java_command: org.gradle.launcher.daemon.bootstrap.GradleDaemon 8.13
java_class_path (initial): C:\Users\ASUS\.gradle\wrapper\dists\gradle-8.13-bin\5xuhj0ry160q40clulazy9h7d\gradle-8.13\lib\gradle-daemon-main-8.13.jar
Launcher Type: SUN_STANDARD

[Global flags]
     intx CICompilerCount                          = 4                                         {product} {ergonomic}
   size_t CompressedClassSpaceSize                 = 335544320                                 {product} {ergonomic}
     uint ConcGCThreads                            = 2                                         {product} {ergonomic}
     uint G1ConcRefinementThreads                  = 8                                         {product} {ergonomic}
   size_t G1HeapRegionSize                         = 1048576                                   {product} {ergonomic}
    uintx GCDrainStackTargetSize                   = 64                                        {product} {ergonomic}
     bool HeapDumpOnOutOfMemoryError               = true                                   {manageable} {command line}
   size_t InitialHeapSize                          = 268435456                                 {product} {command line}
   size_t MarkStackSize                            = 4194304                                   {product} {ergonomic}
   size_t MaxHeapSize                              = 536870912                                 {product} {command line}
   size_t MaxMetaspaceSize                         = 402653184                                 {product} {command line}
   size_t MaxNewSize                               = 321912832                                 {product} {ergonomic}
   size_t MinHeapDeltaBytes                        = 1048576                                   {product} {ergonomic}
   size_t MinHeapSize                              = 268435456                                 {product} {command line}
    uintx NonNMethodCodeHeapSize                   = 5839372                                {pd product} {ergonomic}
    uintx NonProfiledCodeHeapSize                  = 122909434                              {pd product} {ergonomic}
    uintx ProfiledCodeHeapSize                     = 122909434                              {pd product} {ergonomic}
    uintx ReservedCodeCacheSize                    = 251658240                              {pd product} {ergonomic}
     bool SegmentedCodeCache                       = true                                      {product} {ergonomic}
   size_t SoftMaxHeapSize                          = 536870912                              {manageable} {ergonomic}
     bool UseCompressedClassPointers               = true                           {product lp64_product} {ergonomic}
     bool UseCompressedOops                        = true                           {product lp64_product} {ergonomic}
     bool UseG1GC                                  = true                                      {product} {ergonomic}
     bool UseLargePagesIndividualAllocation        = false                                  {pd product} {ergonomic}

Logging:
Log output configuration:
 #0: stdout all=warning uptime,level,tags
 #1: stderr all=off uptime,level,tags

Environment Variables:
JAVA_HOME=D:\downApp
PATH=C:\Program Files\Common Files\Oracle\Java\javapath;D:\downApp\Scripts\;D:\downApp\;C:\Program Files\Microsoft MPI\Bin\;C:\Program Files (x86)\Common Files\Oracle\Java\javapath;C:\Windows\system32;C:\Windows;C:\Windows\System32\Wbem;C:\Windows\System32\WindowsPowerShell\v1.0\;C:\Windows\System32\OpenSSH\;C:\Program Files (x86)\NVIDIA Corporation\PhysX\Common;C:\Program Files\NVIDIA Corporation\NVIDIA NvDLISR;C:\WINDOWS\system32;C:\WINDOWS;C:\WINDOWS\System32\Wbem;C:\WINDOWS\System32\WindowsPowerShell\v1.0\;C:\WINDOWS\System32\OpenSSH\;C:\MinGW\bin;C:\Program Files\dotnet\;C:\Program Files\Microsoft SQL Server\150\Tools\Binn\;C:\Program Files\Microsoft SQL Server\Client SDK\ODBC\170\Tools\Binn\;C:\Program Files (x86)\Microsoft SQL Server\150\Tools\Binn\;C:\Program Files\Microsoft SQL Server\150\DTS\Binn\;C:\Program Files\Azure Data Studio\bin;C:\WINDOWS\system32;C:\WINDOWS;C:\WINDOWS\System32\Wbem;C:\WINDOWS\System32\WindowsPowerShell\v1.0\;C:\WINDOWS\System32\OpenSSH\;C:\laragon\bin\php\php-8.1.10-Win32-vs16-x64;D:\Git\Git\cmd;D:\laragon\laragon\bin\php\php-8.1.10-Win32-vs16-x64;D:\laragon\laragon;C:\Program Files (x86)\Microsoft SQL Server\160\Tools\Binn\;C:\Program Files\Microsoft SQL Server\160\Tools\Binn\;C:\Program Files\Microsoft SQL Server\160\DTS\Binn\;C:\Program Files\Java\apache-maven-3.9.9\bin;C:\Program Files\MySQL\MySQL Shell 8.0\bin\;C:\Users\ASUS\AppData\Local\Programs\Python\Python312\Scripts\;C:\Users\ASUS\AppData\Local\Programs\Python\Python312\;C:\Users\ASUS\AppData\Local\Programs\Python\Python311\Scripts\;C:\Users\ASUS\AppData\Local\Programs\Python\Python311\;D:\python\Scripts\;D:\python\;C:\Users\ASUS\AppData\Local\Microsoft\WindowsApps;D:\Microsoft VS Code\bin;C:\Program Files (x86)\Dev-Cpp\MinGW64\bin;C:\msys64\mingw64\bin;C:\Users\ASUS\.dotnet\tools;C:\Program Files\Azure Data Studio\bin;C:\Users\ASUS\AppData\Local\JetBrains\Toolbox\scripts;C:\Users\ASUS\AppData\Roaming\Composer\vendor\bin;C:\Users\ASUS\AppData\Local\Microsoft\WindowsApps;D:
USERNAME=ASUS
OS=Windows_NT
PROCESSOR_IDENTIFIER=Intel64 Family 6 Model 140 Stepping 1, GenuineIntel



---------------  S Y S T E M  ---------------

OS:
 Windows 11 , 64 bit Build 22621 (10.0.22621.5124)
OS uptime: 6 days 11:06 hours
Hyper-V role detected

CPU: total 8 (initial active 8) (4 cores per cpu, 2 threads per core) family 6 model 140 stepping 1 microcode 0x86, cx8, cmov, fxsr, ht, mmx, 3dnowpref, sse, sse2, sse3, ssse3, sse4.1, sse4.2, popcnt, lzcnt, tsc, tscinvbit, avx, avx2, aes, erms, clmul, bmi1, bmi2, adx, avx512f, avx512dq, avx512cd, avx512bw, avx512vl, sha, fma, vzeroupper, avx512_vpopcntdq, avx512_vpclmulqdq, avx512_vaes, avx512_vnni, clflush, clflushopt, clwb, avx512_vbmi2, avx512_vbmi, hv

Memory: 4k page, system-wide physical 7883M (511M free)
TotalPageFile size 28638M (AvailPageFile size 11M)
current process WorkingSet (physical memory assigned to process): 293M, peak: 293M
current process commit charge ("private bytes"): 485M, peak: 494M

vm_info: Java HotSpot(TM) 64-Bit Server VM (17.0.9+11-LTS-201) for windows-amd64 JRE (17.0.9+11-LTS-201), built on Oct 10 2023 23:16:06 by "mach5one" with MS VC++ 17.1 (VS2022)

END.
